[1.329s] Invoking command in '/home/andy/backend_controller/turtlebot3_ws/src/turtlebot3/robot_controller': PYTHONPATH=/home/andy/backend_controller/turtlebot3_ws/build/robot_controller/prefix_override:/home/andy/backend_controller/turtlebot3_ws/install/robot_controller/lib/python3.10/site-packages:${PYTHONPATH} /usr/bin/python3 setup.py egg_info --egg-base ../../../build/robot_controller build --build-base /home/andy/backend_controller/turtlebot3_ws/build/robot_controller/build install --record /home/andy/backend_controller/turtlebot3_ws/build/robot_controller/install.log --single-version-externally-managed
[1.700s] running egg_info
[1.701s] writing ../../../build/robot_controller/robot_controller.egg-info/PKG-INFO
[1.701s] writing dependency_links to ../../../build/robot_controller/robot_controller.egg-info/dependency_links.txt
[1.705s] writing entry points to ../../../build/robot_controller/robot_controller.egg-info/entry_points.txt
[1.705s] writing requirements to ../../../build/robot_controller/robot_controller.egg-info/requires.txt
[1.705s] writing top-level names to ../../../build/robot_controller/robot_controller.egg-info/top_level.txt
[1.710s] reading manifest file '../../../build/robot_controller/robot_controller.egg-info/SOURCES.txt'
[1.744s] writing manifest file '../../../build/robot_controller/robot_controller.egg-info/SOURCES.txt'
[1.744s] running build
[1.744s] running build_py
[1.744s] /usr/lib/python3/dist-packages/setuptools/command/install.py:34: SetuptoolsDeprecationWarning: setup.py install is deprecated. Use build and pip and other standards-based tools.
[1.744s]   warnings.warn(
[1.753s] running install
[1.753s] running install_lib
[1.755s] running install_data
[1.758s] running install_egg_info
[1.767s] removing '/home/andy/backend_controller/turtlebot3_ws/install/robot_controller/lib/python3.10/site-packages/robot_controller-0.0.0-py3.10.egg-info' (and everything under it)
[1.767s] Copying ../../../build/robot_controller/robot_controller.egg-info to /home/andy/backend_controller/turtlebot3_ws/install/robot_controller/lib/python3.10/site-packages/robot_controller-0.0.0-py3.10.egg-info
[1.767s] running install_scripts
[1.795s] Installing controller_node script to /home/andy/backend_controller/turtlebot3_ws/install/robot_controller/lib/robot_controller
[1.797s] Installing state_listener script to /home/andy/backend_controller/turtlebot3_ws/install/robot_controller/lib/robot_controller
[1.798s] writing list of installed files to '/home/andy/backend_controller/turtlebot3_ws/build/robot_controller/install.log'
[1.831s] Invoked command in '/home/andy/backend_controller/turtlebot3_ws/src/turtlebot3/robot_controller' returned '0': PYTHONPATH=/home/andy/backend_controller/turtlebot3_ws/build/robot_controller/prefix_override:/home/andy/backend_controller/turtlebot3_ws/install/robot_controller/lib/python3.10/site-packages:${PYTHONPATH} /usr/bin/python3 setup.py egg_info --egg-base ../../../build/robot_controller build --build-base /home/andy/backend_controller/turtlebot3_ws/build/robot_controller/build install --record /home/andy/backend_controller/turtlebot3_ws/build/robot_controller/install.log --single-version-externally-managed
