[0.067s] Invoking command in '/home/andy/backend_controller/turtlebot3_ws/build/dynamixel_sdk_examples': AMENT_PREFIX_PATH=/home/andy/backend_controller/turtlebot3_ws/install/dynamixel_sdk_custom_interfaces:/home/andy/backend_controller/turtlebot3_ws/install/dynamixel_sdk:${AMENT_PREFIX_PATH} CMAKE_PREFIX_PATH=/home/andy/backend_controller/turtlebot3_ws/install/dynamixel_sdk_custom_interfaces:/home/andy/backend_controller/turtlebot3_ws/install/dynamixel_sdk:/home/andy/turtlebot3_ws/install/turtlebot3:/home/andy/turtlebot3_ws/install/turtlebot3_simulations:/home/andy/turtlebot3_ws/install/turtlebot3_bringup:/home/andy/turtlebot3_ws/install/turtlebot3_node:/home/andy/turtlebot3_ws/install/turtlebot3_navigation2:/home/andy/turtlebot3_ws/install/turtlebot3_fake_node:/home/andy/turtlebot3_ws/install/turtlebot3_msgs:/home/andy/turtlebot3_ws/install/turtlebot3_gazebo:/home/andy/turtlebot3_ws/install/turtlebot3_description:/home/andy/turtlebot3_ws/install/turtlebot3_cartographer:/home/andy/turtlebot3_ws/install/dynamixel_sdk_examples:/home/andy/turtlebot3_ws/install/dynamixel_sdk_custom_interfaces:/home/andy/turtlebot3_ws/install/dynamixel_sdk:/home/andy/turtlebot3_ws/install/turtlebot3_teleop:/home/andy/turtlebot3_ws/install/turtlebot3_example:/home/andy/turtlebot3_ws/install/robot_controller:/opt/ros/humble LD_LIBRARY_PATH=/home/andy/backend_controller/turtlebot3_ws/install/dynamixel_sdk_custom_interfaces/lib:/home/andy/backend_controller/turtlebot3_ws/install/dynamixel_sdk/lib:${LD_LIBRARY_PATH} PYTHONPATH=/home/andy/backend_controller/turtlebot3_ws/install/dynamixel_sdk_custom_interfaces/local/lib/python3.10/dist-packages:${PYTHONPATH} /usr/bin/cmake /home/andy/backend_controller/turtlebot3_ws/src/DynamixelSDK/dynamixel_sdk_examples -DCMAKE_INSTALL_PREFIX=/home/andy/backend_controller/turtlebot3_ws/install/dynamixel_sdk_examples
[0.142s] -- The C compiler identification is GNU 11.4.0
[0.254s] -- The CXX compiler identification is GNU 11.4.0
[0.278s] -- Detecting C compiler ABI info
[0.428s] -- Detecting C compiler ABI info - done
[0.428s] -- Check for working C compiler: /usr/bin/cc - skipped
[0.428s] -- Detecting C compile features
[0.429s] -- Detecting C compile features - done
[0.429s] -- Detecting CXX compiler ABI info
[0.637s] -- Detecting CXX compiler ABI info - done
[0.715s] -- Check for working CXX compiler: /usr/bin/c++ - skipped
[0.716s] -- Detecting CXX compile features
[0.720s] -- Detecting CXX compile features - done
[0.758s] -- Found ament_cmake: 1.3.8 (/opt/ros/humble/share/ament_cmake/cmake)
[1.006s] -- Found Python3: /usr/bin/python3 (found version "3.10.12") found components: Interpreter 
[1.226s] -- Found dynamixel_sdk: 3.7.60 (/home/andy/backend_controller/turtlebot3_ws/install/dynamixel_sdk/share/dynamixel_sdk/cmake)
[1.228s] -- Found dynamixel_sdk_custom_interfaces: 3.7.60 (/home/andy/backend_controller/turtlebot3_ws/install/dynamixel_sdk_custom_interfaces/share/dynamixel_sdk_custom_interfaces/cmake)
[1.296s] -- Found rosidl_generator_c: 3.1.5 (/opt/ros/humble/share/rosidl_generator_c/cmake)
[1.306s] -- Found rosidl_adapter: 3.1.5 (/opt/ros/humble/share/rosidl_adapter/cmake)
[1.321s] -- Found rosidl_generator_cpp: 3.1.5 (/opt/ros/humble/share/rosidl_generator_cpp/cmake)
[1.340s] -- Using all available rosidl_typesupport_c: rosidl_typesupport_fastrtps_c;rosidl_typesupport_introspection_c
[1.374s] -- Using all available rosidl_typesupport_cpp: rosidl_typesupport_fastrtps_cpp;rosidl_typesupport_introspection_cpp
[1.445s] -- Found rclcpp: 16.0.8 (/opt/ros/humble/share/rclcpp/cmake)
[1.552s] -- Found rmw_implementation_cmake: 6.1.1 (/opt/ros/humble/share/rmw_implementation_cmake/cmake)
[1.557s] -- Found rmw_fastrtps_cpp: 6.2.6 (/opt/ros/humble/share/rmw_fastrtps_cpp/cmake)
[1.924s] -- Found OpenSSL: /usr/lib/x86_64-linux-gnu/libcrypto.so (found version "3.0.2")  
[1.958s] -- Found FastRTPS: /opt/ros/humble/include  
[2.022s] -- Using RMW implementation 'rmw_fastrtps_cpp' as default
[2.037s] -- Looking for pthread.h
[2.257s] -- Looking for pthread.h - found
[2.257s] -- Performing Test CMAKE_HAVE_LIBC_PTHREAD
[2.494s] -- Performing Test CMAKE_HAVE_LIBC_PTHREAD - Success
[2.517s] -- Found Threads: TRUE  
[2.932s] -- Found ament_lint_auto: 0.12.10 (/opt/ros/humble/share/ament_lint_auto/cmake)
[3.030s] -- Added test 'copyright' to check source files copyright and LICENSE
[3.032s] -- Added test 'cppcheck' to perform static code analysis on C / C++ code
[3.032s] -- Configured cppcheck include dirs: /home/andy/backend_controller/turtlebot3_ws/src/DynamixelSDK/dynamixel_sdk_examples/include
[3.032s] -- Configured cppcheck exclude dirs and/or files: 
[3.033s] -- Added test 'cpplint' to check C / C++ code against the Google style
[3.033s] -- Configured cpplint exclude dirs and/or files: 
[3.034s] -- Added test 'lint_cmake' to check CMake code style
[3.035s] -- Added test 'uncrustify' to check C / C++ code style
[3.036s] -- Configured uncrustify additional arguments: 
[3.036s] -- Added test 'xmllint' to check XML markup files
[3.038s] -- Configuring done
[3.050s] -- Generating done
[3.053s] -- Build files have been written to: /home/andy/backend_controller/turtlebot3_ws/build/dynamixel_sdk_examples
[3.062s] Invoked command in '/home/andy/backend_controller/turtlebot3_ws/build/dynamixel_sdk_examples' returned '0': AMENT_PREFIX_PATH=/home/andy/backend_controller/turtlebot3_ws/install/dynamixel_sdk_custom_interfaces:/home/andy/backend_controller/turtlebot3_ws/install/dynamixel_sdk:${AMENT_PREFIX_PATH} CMAKE_PREFIX_PATH=/home/andy/backend_controller/turtlebot3_ws/install/dynamixel_sdk_custom_interfaces:/home/andy/backend_controller/turtlebot3_ws/install/dynamixel_sdk:/home/andy/turtlebot3_ws/install/turtlebot3:/home/andy/turtlebot3_ws/install/turtlebot3_simulations:/home/andy/turtlebot3_ws/install/turtlebot3_bringup:/home/andy/turtlebot3_ws/install/turtlebot3_node:/home/andy/turtlebot3_ws/install/turtlebot3_navigation2:/home/andy/turtlebot3_ws/install/turtlebot3_fake_node:/home/andy/turtlebot3_ws/install/turtlebot3_msgs:/home/andy/turtlebot3_ws/install/turtlebot3_gazebo:/home/andy/turtlebot3_ws/install/turtlebot3_description:/home/andy/turtlebot3_ws/install/turtlebot3_cartographer:/home/andy/turtlebot3_ws/install/dynamixel_sdk_examples:/home/andy/turtlebot3_ws/install/dynamixel_sdk_custom_interfaces:/home/andy/turtlebot3_ws/install/dynamixel_sdk:/home/andy/turtlebot3_ws/install/turtlebot3_teleop:/home/andy/turtlebot3_ws/install/turtlebot3_example:/home/andy/turtlebot3_ws/install/robot_controller:/opt/ros/humble LD_LIBRARY_PATH=/home/andy/backend_controller/turtlebot3_ws/install/dynamixel_sdk_custom_interfaces/lib:/home/andy/backend_controller/turtlebot3_ws/install/dynamixel_sdk/lib:${LD_LIBRARY_PATH} PYTHONPATH=/home/andy/backend_controller/turtlebot3_ws/install/dynamixel_sdk_custom_interfaces/local/lib/python3.10/dist-packages:${PYTHONPATH} /usr/bin/cmake /home/andy/backend_controller/turtlebot3_ws/src/DynamixelSDK/dynamixel_sdk_examples -DCMAKE_INSTALL_PREFIX=/home/andy/backend_controller/turtlebot3_ws/install/dynamixel_sdk_examples
[3.063s] Invoking command in '/home/andy/backend_controller/turtlebot3_ws/build/dynamixel_sdk_examples': AMENT_PREFIX_PATH=/home/andy/backend_controller/turtlebot3_ws/install/dynamixel_sdk_custom_interfaces:/home/andy/backend_controller/turtlebot3_ws/install/dynamixel_sdk:${AMENT_PREFIX_PATH} CMAKE_PREFIX_PATH=/home/andy/backend_controller/turtlebot3_ws/install/dynamixel_sdk_custom_interfaces:/home/andy/backend_controller/turtlebot3_ws/install/dynamixel_sdk:/home/andy/turtlebot3_ws/install/turtlebot3:/home/andy/turtlebot3_ws/install/turtlebot3_simulations:/home/andy/turtlebot3_ws/install/turtlebot3_bringup:/home/andy/turtlebot3_ws/install/turtlebot3_node:/home/andy/turtlebot3_ws/install/turtlebot3_navigation2:/home/andy/turtlebot3_ws/install/turtlebot3_fake_node:/home/andy/turtlebot3_ws/install/turtlebot3_msgs:/home/andy/turtlebot3_ws/install/turtlebot3_gazebo:/home/andy/turtlebot3_ws/install/turtlebot3_description:/home/andy/turtlebot3_ws/install/turtlebot3_cartographer:/home/andy/turtlebot3_ws/install/dynamixel_sdk_examples:/home/andy/turtlebot3_ws/install/dynamixel_sdk_custom_interfaces:/home/andy/turtlebot3_ws/install/dynamixel_sdk:/home/andy/turtlebot3_ws/install/turtlebot3_teleop:/home/andy/turtlebot3_ws/install/turtlebot3_example:/home/andy/turtlebot3_ws/install/robot_controller:/opt/ros/humble LD_LIBRARY_PATH=/home/andy/backend_controller/turtlebot3_ws/install/dynamixel_sdk_custom_interfaces/lib:/home/andy/backend_controller/turtlebot3_ws/install/dynamixel_sdk/lib:${LD_LIBRARY_PATH} PYTHONPATH=/home/andy/backend_controller/turtlebot3_ws/install/dynamixel_sdk_custom_interfaces/local/lib/python3.10/dist-packages:${PYTHONPATH} /usr/bin/cmake --build /home/andy/backend_controller/turtlebot3_ws/build/dynamixel_sdk_examples -- -j6 -l6
[3.256s] [ 50%] [32mBuilding CXX object CMakeFiles/read_write_node.dir/src/read_write_node.cpp.o[0m
[14.946s] [100%] [32m[1mLinking CXX executable read_write_node[0m
[15.326s] [100%] Built target read_write_node
[15.347s] Invoked command in '/home/andy/backend_controller/turtlebot3_ws/build/dynamixel_sdk_examples' returned '0': AMENT_PREFIX_PATH=/home/andy/backend_controller/turtlebot3_ws/install/dynamixel_sdk_custom_interfaces:/home/andy/backend_controller/turtlebot3_ws/install/dynamixel_sdk:${AMENT_PREFIX_PATH} CMAKE_PREFIX_PATH=/home/andy/backend_controller/turtlebot3_ws/install/dynamixel_sdk_custom_interfaces:/home/andy/backend_controller/turtlebot3_ws/install/dynamixel_sdk:/home/andy/turtlebot3_ws/install/turtlebot3:/home/andy/turtlebot3_ws/install/turtlebot3_simulations:/home/andy/turtlebot3_ws/install/turtlebot3_bringup:/home/andy/turtlebot3_ws/install/turtlebot3_node:/home/andy/turtlebot3_ws/install/turtlebot3_navigation2:/home/andy/turtlebot3_ws/install/turtlebot3_fake_node:/home/andy/turtlebot3_ws/install/turtlebot3_msgs:/home/andy/turtlebot3_ws/install/turtlebot3_gazebo:/home/andy/turtlebot3_ws/install/turtlebot3_description:/home/andy/turtlebot3_ws/install/turtlebot3_cartographer:/home/andy/turtlebot3_ws/install/dynamixel_sdk_examples:/home/andy/turtlebot3_ws/install/dynamixel_sdk_custom_interfaces:/home/andy/turtlebot3_ws/install/dynamixel_sdk:/home/andy/turtlebot3_ws/install/turtlebot3_teleop:/home/andy/turtlebot3_ws/install/turtlebot3_example:/home/andy/turtlebot3_ws/install/robot_controller:/opt/ros/humble LD_LIBRARY_PATH=/home/andy/backend_controller/turtlebot3_ws/install/dynamixel_sdk_custom_interfaces/lib:/home/andy/backend_controller/turtlebot3_ws/install/dynamixel_sdk/lib:${LD_LIBRARY_PATH} PYTHONPATH=/home/andy/backend_controller/turtlebot3_ws/install/dynamixel_sdk_custom_interfaces/local/lib/python3.10/dist-packages:${PYTHONPATH} /usr/bin/cmake --build /home/andy/backend_controller/turtlebot3_ws/build/dynamixel_sdk_examples -- -j6 -l6
[15.411s] Invoking command in '/home/andy/backend_controller/turtlebot3_ws/build/dynamixel_sdk_examples': AMENT_PREFIX_PATH=/home/andy/backend_controller/turtlebot3_ws/install/dynamixel_sdk_custom_interfaces:/home/andy/backend_controller/turtlebot3_ws/install/dynamixel_sdk:${AMENT_PREFIX_PATH} CMAKE_PREFIX_PATH=/home/andy/backend_controller/turtlebot3_ws/install/dynamixel_sdk_custom_interfaces:/home/andy/backend_controller/turtlebot3_ws/install/dynamixel_sdk:/home/andy/turtlebot3_ws/install/turtlebot3:/home/andy/turtlebot3_ws/install/turtlebot3_simulations:/home/andy/turtlebot3_ws/install/turtlebot3_bringup:/home/andy/turtlebot3_ws/install/turtlebot3_node:/home/andy/turtlebot3_ws/install/turtlebot3_navigation2:/home/andy/turtlebot3_ws/install/turtlebot3_fake_node:/home/andy/turtlebot3_ws/install/turtlebot3_msgs:/home/andy/turtlebot3_ws/install/turtlebot3_gazebo:/home/andy/turtlebot3_ws/install/turtlebot3_description:/home/andy/turtlebot3_ws/install/turtlebot3_cartographer:/home/andy/turtlebot3_ws/install/dynamixel_sdk_examples:/home/andy/turtlebot3_ws/install/dynamixel_sdk_custom_interfaces:/home/andy/turtlebot3_ws/install/dynamixel_sdk:/home/andy/turtlebot3_ws/install/turtlebot3_teleop:/home/andy/turtlebot3_ws/install/turtlebot3_example:/home/andy/turtlebot3_ws/install/robot_controller:/opt/ros/humble LD_LIBRARY_PATH=/home/andy/backend_controller/turtlebot3_ws/install/dynamixel_sdk_custom_interfaces/lib:/home/andy/backend_controller/turtlebot3_ws/install/dynamixel_sdk/lib:${LD_LIBRARY_PATH} PYTHONPATH=/home/andy/backend_controller/turtlebot3_ws/install/dynamixel_sdk_custom_interfaces/local/lib/python3.10/dist-packages:${PYTHONPATH} /usr/bin/cmake --install /home/andy/backend_controller/turtlebot3_ws/build/dynamixel_sdk_examples
[15.422s] -- Install configuration: ""
[15.422s] -- Installing: /home/andy/backend_controller/turtlebot3_ws/install/dynamixel_sdk_examples/lib/dynamixel_sdk_examples/read_write_node
[15.428s] -- Set runtime path of "/home/andy/backend_controller/turtlebot3_ws/install/dynamixel_sdk_examples/lib/dynamixel_sdk_examples/read_write_node" to ""
[15.429s] -- Installing: /home/andy/backend_controller/turtlebot3_ws/install/dynamixel_sdk_examples/share/ament_index/resource_index/package_run_dependencies/dynamixel_sdk_examples
[15.429s] -- Installing: /home/andy/backend_controller/turtlebot3_ws/install/dynamixel_sdk_examples/share/ament_index/resource_index/parent_prefix_path/dynamixel_sdk_examples
[15.430s] -- Installing: /home/andy/backend_controller/turtlebot3_ws/install/dynamixel_sdk_examples/share/dynamixel_sdk_examples/environment/ament_prefix_path.sh
[15.431s] -- Installing: /home/andy/backend_controller/turtlebot3_ws/install/dynamixel_sdk_examples/share/dynamixel_sdk_examples/environment/ament_prefix_path.dsv
[15.431s] -- Installing: /home/andy/backend_controller/turtlebot3_ws/install/dynamixel_sdk_examples/share/dynamixel_sdk_examples/environment/path.sh
[15.431s] -- Installing: /home/andy/backend_controller/turtlebot3_ws/install/dynamixel_sdk_examples/share/dynamixel_sdk_examples/environment/path.dsv
[15.431s] -- Installing: /home/andy/backend_controller/turtlebot3_ws/install/dynamixel_sdk_examples/share/dynamixel_sdk_examples/local_setup.bash
[15.436s] -- Installing: /home/andy/backend_controller/turtlebot3_ws/install/dynamixel_sdk_examples/share/dynamixel_sdk_examples/local_setup.sh
[15.437s] -- Installing: /home/andy/backend_controller/turtlebot3_ws/install/dynamixel_sdk_examples/share/dynamixel_sdk_examples/local_setup.zsh
[15.437s] -- Installing: /home/andy/backend_controller/turtlebot3_ws/install/dynamixel_sdk_examples/share/dynamixel_sdk_examples/local_setup.dsv
[15.437s] -- Installing: /home/andy/backend_controller/turtlebot3_ws/install/dynamixel_sdk_examples/share/dynamixel_sdk_examples/package.dsv
[15.437s] -- Installing: /home/andy/backend_controller/turtlebot3_ws/install/dynamixel_sdk_examples/share/ament_index/resource_index/packages/dynamixel_sdk_examples
[15.437s] -- Installing: /home/andy/backend_controller/turtlebot3_ws/install/dynamixel_sdk_examples/share/dynamixel_sdk_examples/cmake/dynamixel_sdk_examplesConfig.cmake
[15.437s] -- Installing: /home/andy/backend_controller/turtlebot3_ws/install/dynamixel_sdk_examples/share/dynamixel_sdk_examples/cmake/dynamixel_sdk_examplesConfig-version.cmake
[15.437s] -- Installing: /home/andy/backend_controller/turtlebot3_ws/install/dynamixel_sdk_examples/share/dynamixel_sdk_examples/package.xml
[15.437s] Invoked command in '/home/andy/backend_controller/turtlebot3_ws/build/dynamixel_sdk_examples' returned '0': AMENT_PREFIX_PATH=/home/andy/backend_controller/turtlebot3_ws/install/dynamixel_sdk_custom_interfaces:/home/andy/backend_controller/turtlebot3_ws/install/dynamixel_sdk:${AMENT_PREFIX_PATH} CMAKE_PREFIX_PATH=/home/andy/backend_controller/turtlebot3_ws/install/dynamixel_sdk_custom_interfaces:/home/andy/backend_controller/turtlebot3_ws/install/dynamixel_sdk:/home/andy/turtlebot3_ws/install/turtlebot3:/home/andy/turtlebot3_ws/install/turtlebot3_simulations:/home/andy/turtlebot3_ws/install/turtlebot3_bringup:/home/andy/turtlebot3_ws/install/turtlebot3_node:/home/andy/turtlebot3_ws/install/turtlebot3_navigation2:/home/andy/turtlebot3_ws/install/turtlebot3_fake_node:/home/andy/turtlebot3_ws/install/turtlebot3_msgs:/home/andy/turtlebot3_ws/install/turtlebot3_gazebo:/home/andy/turtlebot3_ws/install/turtlebot3_description:/home/andy/turtlebot3_ws/install/turtlebot3_cartographer:/home/andy/turtlebot3_ws/install/dynamixel_sdk_examples:/home/andy/turtlebot3_ws/install/dynamixel_sdk_custom_interfaces:/home/andy/turtlebot3_ws/install/dynamixel_sdk:/home/andy/turtlebot3_ws/install/turtlebot3_teleop:/home/andy/turtlebot3_ws/install/turtlebot3_example:/home/andy/turtlebot3_ws/install/robot_controller:/opt/ros/humble LD_LIBRARY_PATH=/home/andy/backend_controller/turtlebot3_ws/install/dynamixel_sdk_custom_interfaces/lib:/home/andy/backend_controller/turtlebot3_ws/install/dynamixel_sdk/lib:${LD_LIBRARY_PATH} PYTHONPATH=/home/andy/backend_controller/turtlebot3_ws/install/dynamixel_sdk_custom_interfaces/local/lib/python3.10/dist-packages:${PYTHONPATH} /usr/bin/cmake --install /home/andy/backend_controller/turtlebot3_ws/build/dynamixel_sdk_examples
