[3.704s] Invoking command in '/home/andy/backend_controller/turtlebot3_ws/src/turtlebot3/turtlebot3_teleop': PYTHONPATH=/home/andy/backend_controller/turtlebot3_ws/build/turtlebot3_teleop/prefix_override:/home/andy/backend_controller/turtlebot3_ws/install/turtlebot3_teleop/lib/python3.10/site-packages:${PYTHONPATH} /usr/bin/python3 setup.py egg_info --egg-base ../../../build/turtlebot3_teleop build --build-base /home/andy/backend_controller/turtlebot3_ws/build/turtlebot3_teleop/build install --record /home/andy/backend_controller/turtlebot3_ws/build/turtlebot3_teleop/install.log --single-version-externally-managed
[4.221s] running egg_info
[4.221s] writing ../../../build/turtlebot3_teleop/turtlebot3_teleop.egg-info/PKG-INFO
[4.221s] writing dependency_links to ../../../build/turtlebot3_teleop/turtlebot3_teleop.egg-info/dependency_links.txt
[4.222s] writing entry points to ../../../build/turtlebot3_teleop/turtlebot3_teleop.egg-info/entry_points.txt
[4.222s] writing requirements to ../../../build/turtlebot3_teleop/turtlebot3_teleop.egg-info/requires.txt
[4.222s] writing top-level names to ../../../build/turtlebot3_teleop/turtlebot3_teleop.egg-info/top_level.txt
[4.226s] reading manifest file '../../../build/turtlebot3_teleop/turtlebot3_teleop.egg-info/SOURCES.txt'
[4.226s] writing manifest file '../../../build/turtlebot3_teleop/turtlebot3_teleop.egg-info/SOURCES.txt'
[4.226s] running build
[4.227s] running build_py
[4.227s] running install
[4.247s] /usr/lib/python3/dist-packages/setuptools/command/install.py:34: SetuptoolsDeprecationWarning: setup.py install is deprecated. Use build and pip and other standards-based tools.
[4.247s]   warnings.warn(
[4.247s] running install_lib
[4.247s] running install_data
[4.247s] running install_egg_info
[4.248s] removing '/home/andy/backend_controller/turtlebot3_ws/install/turtlebot3_teleop/lib/python3.10/site-packages/turtlebot3_teleop-2.1.5-py3.10.egg-info' (and everything under it)
[4.248s] Copying ../../../build/turtlebot3_teleop/turtlebot3_teleop.egg-info to /home/andy/backend_controller/turtlebot3_ws/install/turtlebot3_teleop/lib/python3.10/site-packages/turtlebot3_teleop-2.1.5-py3.10.egg-info
[4.248s] running install_scripts
[4.268s] Installing teleop_keyboard script to /home/andy/backend_controller/turtlebot3_ws/install/turtlebot3_teleop/lib/turtlebot3_teleop
[4.285s] writing list of installed files to '/home/andy/backend_controller/turtlebot3_ws/build/turtlebot3_teleop/install.log'
[4.412s] Invoked command in '/home/andy/backend_controller/turtlebot3_ws/src/turtlebot3/turtlebot3_teleop' returned '0': PYTHONPATH=/home/andy/backend_controller/turtlebot3_ws/build/turtlebot3_teleop/prefix_override:/home/andy/backend_controller/turtlebot3_ws/install/turtlebot3_teleop/lib/python3.10/site-packages:${PYTHONPATH} /usr/bin/python3 setup.py egg_info --egg-base ../../../build/turtlebot3_teleop build --build-base /home/andy/backend_controller/turtlebot3_ws/build/turtlebot3_teleop/build install --record /home/andy/backend_controller/turtlebot3_ws/build/turtlebot3_teleop/install.log --single-version-externally-managed
