[0.951s] Invoking command in '/home/andy/backend_controller/turtlebot3_ws/build/dynamixel_sdk': CMAKE_PREFIX_PATH=${CMAKE_PREFIX_PATH}:/home/andy/backend_controller/turtlebot3_ws/install/turtlebot3_teleop:/home/andy/backend_controller/turtlebot3_ws/install/turtlebot3_example:/home/andy/backend_controller/turtlebot3_ws/install/robot_controller:/opt/ros/humble /usr/bin/cmake --build /home/andy/backend_controller/turtlebot3_ws/build/dynamixel_sdk -- -j6 -l6
[1.181s] [100%] Built target dynamixel_sdk
[1.218s] Invoked command in '/home/andy/backend_controller/turtlebot3_ws/build/dynamixel_sdk' returned '0': CMAKE_PREFIX_PATH=${CMAKE_PREFIX_PATH}:/home/andy/backend_controller/turtlebot3_ws/install/turtlebot3_teleop:/home/andy/backend_controller/turtlebot3_ws/install/turtlebot3_example:/home/andy/backend_controller/turtlebot3_ws/install/robot_controller:/opt/ros/humble /usr/bin/cmake --build /home/andy/backend_controller/turtlebot3_ws/build/dynamixel_sdk -- -j6 -l6
[1.976s] Invoking command in '/home/andy/backend_controller/turtlebot3_ws/build/dynamixel_sdk': CMAKE_PREFIX_PATH=${CMAKE_PREFIX_PATH}:/home/andy/backend_controller/turtlebot3_ws/install/turtlebot3_teleop:/home/andy/backend_controller/turtlebot3_ws/install/turtlebot3_example:/home/andy/backend_controller/turtlebot3_ws/install/robot_controller:/opt/ros/humble /usr/bin/cmake --install /home/andy/backend_controller/turtlebot3_ws/build/dynamixel_sdk
[2.014s] -- Install configuration: ""
[2.015s] -- Up-to-date: /home/andy/backend_controller/turtlebot3_ws/install/dynamixel_sdk/include/
[2.015s] -- Up-to-date: /home/andy/backend_controller/turtlebot3_ws/install/dynamixel_sdk/include//dynamixel_sdk
[2.015s] -- Up-to-date: /home/andy/backend_controller/turtlebot3_ws/install/dynamixel_sdk/include//dynamixel_sdk/packet_handler.h
[2.015s] -- Up-to-date: /home/andy/backend_controller/turtlebot3_ws/install/dynamixel_sdk/include//dynamixel_sdk/group_sync_write.h
[2.015s] -- Up-to-date: /home/andy/backend_controller/turtlebot3_ws/install/dynamixel_sdk/include//dynamixel_sdk/group_bulk_read.h
[2.015s] -- Up-to-date: /home/andy/backend_controller/turtlebot3_ws/install/dynamixel_sdk/include//dynamixel_sdk/port_handler.h
[2.015s] -- Up-to-date: /home/andy/backend_controller/turtlebot3_ws/install/dynamixel_sdk/include//dynamixel_sdk/port_handler_arduino.h
[2.015s] -- Up-to-date: /home/andy/backend_controller/turtlebot3_ws/install/dynamixel_sdk/include//dynamixel_sdk/dynamixel_sdk.h
[2.015s] -- Up-to-date: /home/andy/backend_controller/turtlebot3_ws/install/dynamixel_sdk/include//dynamixel_sdk/port_handler_linux.h
[2.015s] -- Up-to-date: /home/andy/backend_controller/turtlebot3_ws/install/dynamixel_sdk/include//dynamixel_sdk/group_bulk_write.h
[2.015s] -- Up-to-date: /home/andy/backend_controller/turtlebot3_ws/install/dynamixel_sdk/include//dynamixel_sdk/port_handler_windows.h
[2.016s] -- Up-to-date: /home/andy/backend_controller/turtlebot3_ws/install/dynamixel_sdk/include//dynamixel_sdk/protocol2_packet_handler.h
[2.016s] -- Up-to-date: /home/andy/backend_controller/turtlebot3_ws/install/dynamixel_sdk/include//dynamixel_sdk/protocol1_packet_handler.h
[2.016s] -- Up-to-date: /home/andy/backend_controller/turtlebot3_ws/install/dynamixel_sdk/include//dynamixel_sdk/port_handler_mac.h
[2.016s] -- Up-to-date: /home/andy/backend_controller/turtlebot3_ws/install/dynamixel_sdk/include//dynamixel_sdk/group_sync_read.h
[2.016s] -- Up-to-date: /home/andy/backend_controller/turtlebot3_ws/install/dynamixel_sdk/lib/libdynamixel_sdk.so
[2.016s] -- Up-to-date: /home/andy/backend_controller/turtlebot3_ws/install/dynamixel_sdk/share/dynamixel_sdk/environment/library_path.sh
[2.017s] -- Up-to-date: /home/andy/backend_controller/turtlebot3_ws/install/dynamixel_sdk/share/dynamixel_sdk/environment/library_path.dsv
[2.017s] -- Up-to-date: /home/andy/backend_controller/turtlebot3_ws/install/dynamixel_sdk/share/ament_index/resource_index/package_run_dependencies/dynamixel_sdk
[2.017s] -- Up-to-date: /home/andy/backend_controller/turtlebot3_ws/install/dynamixel_sdk/share/ament_index/resource_index/parent_prefix_path/dynamixel_sdk
[2.017s] -- Up-to-date: /home/andy/backend_controller/turtlebot3_ws/install/dynamixel_sdk/share/dynamixel_sdk/environment/ament_prefix_path.sh
[2.017s] -- Up-to-date: /home/andy/backend_controller/turtlebot3_ws/install/dynamixel_sdk/share/dynamixel_sdk/environment/ament_prefix_path.dsv
[2.017s] -- Up-to-date: /home/andy/backend_controller/turtlebot3_ws/install/dynamixel_sdk/share/dynamixel_sdk/environment/path.sh
[2.017s] -- Up-to-date: /home/andy/backend_controller/turtlebot3_ws/install/dynamixel_sdk/share/dynamixel_sdk/environment/path.dsv
[2.037s] -- Up-to-date: /home/andy/backend_controller/turtlebot3_ws/install/dynamixel_sdk/share/dynamixel_sdk/local_setup.bash
[2.037s] -- Up-to-date: /home/andy/backend_controller/turtlebot3_ws/install/dynamixel_sdk/share/dynamixel_sdk/local_setup.sh
[2.037s] -- Up-to-date: /home/andy/backend_controller/turtlebot3_ws/install/dynamixel_sdk/share/dynamixel_sdk/local_setup.zsh
[2.037s] -- Up-to-date: /home/andy/backend_controller/turtlebot3_ws/install/dynamixel_sdk/share/dynamixel_sdk/local_setup.dsv
[2.037s] -- Installing: /home/andy/backend_controller/turtlebot3_ws/install/dynamixel_sdk/share/dynamixel_sdk/package.dsv
[2.037s] -- Up-to-date: /home/andy/backend_controller/turtlebot3_ws/install/dynamixel_sdk/share/ament_index/resource_index/packages/dynamixel_sdk
[2.037s] -- Up-to-date: /home/andy/backend_controller/turtlebot3_ws/install/dynamixel_sdk/share/dynamixel_sdk/cmake/ament_cmake_export_include_directories-extras.cmake
[2.037s] -- Up-to-date: /home/andy/backend_controller/turtlebot3_ws/install/dynamixel_sdk/share/dynamixel_sdk/cmake/ament_cmake_export_libraries-extras.cmake
[2.037s] -- Up-to-date: /home/andy/backend_controller/turtlebot3_ws/install/dynamixel_sdk/share/dynamixel_sdk/cmake/dynamixel_sdkConfig.cmake
[2.037s] -- Up-to-date: /home/andy/backend_controller/turtlebot3_ws/install/dynamixel_sdk/share/dynamixel_sdk/cmake/dynamixel_sdkConfig-version.cmake
[2.037s] -- Up-to-date: /home/andy/backend_controller/turtlebot3_ws/install/dynamixel_sdk/share/dynamixel_sdk/package.xml
[2.073s] Invoked command in '/home/andy/backend_controller/turtlebot3_ws/build/dynamixel_sdk' returned '0': CMAKE_PREFIX_PATH=${CMAKE_PREFIX_PATH}:/home/andy/backend_controller/turtlebot3_ws/install/turtlebot3_teleop:/home/andy/backend_controller/turtlebot3_ws/install/turtlebot3_example:/home/andy/backend_controller/turtlebot3_ws/install/robot_controller:/opt/ros/humble /usr/bin/cmake --install /home/andy/backend_controller/turtlebot3_ws/build/dynamixel_sdk
