[0.675s] Invoking command in '/home/andy/backend_controller/turtlebot3_ws/build/turtlebot3_node': AMENT_PREFIX_PATH=/home/andy/backend_controller/turtlebot3_ws/install/turtlebot3_msgs:/home/andy/backend_controller/turtlebot3_ws/install/dynamixel_sdk:${AMENT_PREFIX_PATH} CMAKE_PREFIX_PATH=/home/andy/backend_controller/turtlebot3_ws/install/turtlebot3_msgs:/home/andy/backend_controller/turtlebot3_ws/install/dynamixel_sdk:/home/andy/turtlebot3_ws/install/turtlebot3:/home/andy/turtlebot3_ws/install/turtlebot3_simulations:/home/andy/turtlebot3_ws/install/turtlebot3_bringup:/home/andy/turtlebot3_ws/install/turtlebot3_node:/home/andy/turtlebot3_ws/install/turtlebot3_navigation2:/home/andy/turtlebot3_ws/install/turtlebot3_fake_node:/home/andy/turtlebot3_ws/install/turtlebot3_msgs:/home/andy/turtlebot3_ws/install/turtlebot3_gazebo:/home/andy/turtlebot3_ws/install/turtlebot3_description:/home/andy/turtlebot3_ws/install/turtlebot3_cartographer:/home/andy/turtlebot3_ws/install/dynamixel_sdk_examples:/home/andy/turtlebot3_ws/install/dynamixel_sdk_custom_interfaces:/home/andy/turtlebot3_ws/install/dynamixel_sdk:/home/andy/turtlebot3_ws/install/turtlebot3_teleop:/home/andy/turtlebot3_ws/install/turtlebot3_example:/home/andy/turtlebot3_ws/install/robot_controller:/opt/ros/humble LD_LIBRARY_PATH=/home/andy/backend_controller/turtlebot3_ws/install/turtlebot3_msgs/lib:/home/andy/backend_controller/turtlebot3_ws/install/dynamixel_sdk/lib:${LD_LIBRARY_PATH} PYTHONPATH=/home/andy/backend_controller/turtlebot3_ws/install/turtlebot3_msgs/local/lib/python3.10/dist-packages:${PYTHONPATH} /usr/bin/cmake /home/andy/backend_controller/turtlebot3_ws/src/turtlebot3/turtlebot3_node -DCMAKE_INSTALL_PREFIX=/home/andy/backend_controller/turtlebot3_ws/install/turtlebot3_node
[1.404s] -- The C compiler identification is GNU 11.4.0
[1.410s] -- The CXX compiler identification is GNU 11.4.0
[1.411s] -- Detecting C compiler ABI info
[1.508s] -- Detecting C compiler ABI info - done
[1.518s] -- Check for working C compiler: /usr/bin/cc - skipped
[1.518s] -- Detecting C compile features
[1.518s] -- Detecting C compile features - done
[1.522s] -- Detecting CXX compiler ABI info
[1.688s] -- Detecting CXX compiler ABI info - done
[1.731s] -- Check for working CXX compiler: /usr/bin/c++ - skipped
[1.731s] -- Detecting CXX compile features
[1.731s] -- Detecting CXX compile features - done
[1.734s] -- Found ament_cmake: 1.3.8 (/opt/ros/humble/share/ament_cmake/cmake)
[2.159s] -- Found Python3: /usr/bin/python3 (found version "3.10.12") found components: Interpreter 
[2.484s] -- Found dynamixel_sdk: 3.7.60 (/home/andy/backend_controller/turtlebot3_ws/install/dynamixel_sdk/share/dynamixel_sdk/cmake)
[2.497s] -- Found geometry_msgs: 4.2.3 (/opt/ros/humble/share/geometry_msgs/cmake)
[2.684s] -- Found rosidl_generator_c: 3.1.5 (/opt/ros/humble/share/rosidl_generator_c/cmake)
[2.698s] -- Found rosidl_adapter: 3.1.5 (/opt/ros/humble/share/rosidl_adapter/cmake)
[2.758s] -- Found rosidl_generator_cpp: 3.1.5 (/opt/ros/humble/share/rosidl_generator_cpp/cmake)
[2.804s] -- Using all available rosidl_typesupport_c: rosidl_typesupport_fastrtps_c;rosidl_typesupport_introspection_c
[2.859s] -- Using all available rosidl_typesupport_cpp: rosidl_typesupport_fastrtps_cpp;rosidl_typesupport_introspection_cpp
[3.158s] -- Found message_filters: 4.3.3 (/opt/ros/humble/share/message_filters/cmake)
[3.245s] -- Found rmw_implementation_cmake: 6.1.1 (/opt/ros/humble/share/rmw_implementation_cmake/cmake)
[3.247s] -- Found rmw_fastrtps_cpp: 6.2.6 (/opt/ros/humble/share/rmw_fastrtps_cpp/cmake)
[3.515s] -- Found OpenSSL: /usr/lib/x86_64-linux-gnu/libcrypto.so (found version "3.0.2")  
[3.557s] -- Found FastRTPS: /opt/ros/humble/include  
[3.618s] -- Using RMW implementation 'rmw_fastrtps_cpp' as default
[3.634s] -- Looking for pthread.h
[3.874s] -- Looking for pthread.h - found
[3.874s] -- Performing Test CMAKE_HAVE_LIBC_PTHREAD
[4.194s] -- Performing Test CMAKE_HAVE_LIBC_PTHREAD - Success
[4.194s] -- Found Threads: TRUE  
[4.504s] -- Found nav_msgs: 4.2.3 (/opt/ros/humble/share/nav_msgs/cmake)
[4.658s] -- Found sensor_msgs: 4.2.3 (/opt/ros/humble/share/sensor_msgs/cmake)
[4.838s] -- Found std_srvs: 4.2.3 (/opt/ros/humble/share/std_srvs/cmake)
[4.881s] -- Found tf2: 0.25.6 (/opt/ros/humble/share/tf2/cmake)
[4.909s] -- Found tf2_ros: 0.25.6 (/opt/ros/humble/share/tf2_ros/cmake)
[5.582s] -- Found turtlebot3_msgs: 2.2.3 (/home/andy/backend_controller/turtlebot3_ws/install/turtlebot3_msgs/share/turtlebot3_msgs/cmake)
[5.740s] -- Configuring done
[5.765s] -- Generating done
[5.767s] -- Build files have been written to: /home/andy/backend_controller/turtlebot3_ws/build/turtlebot3_node
[5.782s] Invoked command in '/home/andy/backend_controller/turtlebot3_ws/build/turtlebot3_node' returned '0': AMENT_PREFIX_PATH=/home/andy/backend_controller/turtlebot3_ws/install/turtlebot3_msgs:/home/andy/backend_controller/turtlebot3_ws/install/dynamixel_sdk:${AMENT_PREFIX_PATH} CMAKE_PREFIX_PATH=/home/andy/backend_controller/turtlebot3_ws/install/turtlebot3_msgs:/home/andy/backend_controller/turtlebot3_ws/install/dynamixel_sdk:/home/andy/turtlebot3_ws/install/turtlebot3:/home/andy/turtlebot3_ws/install/turtlebot3_simulations:/home/andy/turtlebot3_ws/install/turtlebot3_bringup:/home/andy/turtlebot3_ws/install/turtlebot3_node:/home/andy/turtlebot3_ws/install/turtlebot3_navigation2:/home/andy/turtlebot3_ws/install/turtlebot3_fake_node:/home/andy/turtlebot3_ws/install/turtlebot3_msgs:/home/andy/turtlebot3_ws/install/turtlebot3_gazebo:/home/andy/turtlebot3_ws/install/turtlebot3_description:/home/andy/turtlebot3_ws/install/turtlebot3_cartographer:/home/andy/turtlebot3_ws/install/dynamixel_sdk_examples:/home/andy/turtlebot3_ws/install/dynamixel_sdk_custom_interfaces:/home/andy/turtlebot3_ws/install/dynamixel_sdk:/home/andy/turtlebot3_ws/install/turtlebot3_teleop:/home/andy/turtlebot3_ws/install/turtlebot3_example:/home/andy/turtlebot3_ws/install/robot_controller:/opt/ros/humble LD_LIBRARY_PATH=/home/andy/backend_controller/turtlebot3_ws/install/turtlebot3_msgs/lib:/home/andy/backend_controller/turtlebot3_ws/install/dynamixel_sdk/lib:${LD_LIBRARY_PATH} PYTHONPATH=/home/andy/backend_controller/turtlebot3_ws/install/turtlebot3_msgs/local/lib/python3.10/dist-packages:${PYTHONPATH} /usr/bin/cmake /home/andy/backend_controller/turtlebot3_ws/src/turtlebot3/turtlebot3_node -DCMAKE_INSTALL_PREFIX=/home/andy/backend_controller/turtlebot3_ws/install/turtlebot3_node
[5.782s] Invoking command in '/home/andy/backend_controller/turtlebot3_ws/build/turtlebot3_node': AMENT_PREFIX_PATH=/home/andy/backend_controller/turtlebot3_ws/install/turtlebot3_msgs:/home/andy/backend_controller/turtlebot3_ws/install/dynamixel_sdk:${AMENT_PREFIX_PATH} CMAKE_PREFIX_PATH=/home/andy/backend_controller/turtlebot3_ws/install/turtlebot3_msgs:/home/andy/backend_controller/turtlebot3_ws/install/dynamixel_sdk:/home/andy/turtlebot3_ws/install/turtlebot3:/home/andy/turtlebot3_ws/install/turtlebot3_simulations:/home/andy/turtlebot3_ws/install/turtlebot3_bringup:/home/andy/turtlebot3_ws/install/turtlebot3_node:/home/andy/turtlebot3_ws/install/turtlebot3_navigation2:/home/andy/turtlebot3_ws/install/turtlebot3_fake_node:/home/andy/turtlebot3_ws/install/turtlebot3_msgs:/home/andy/turtlebot3_ws/install/turtlebot3_gazebo:/home/andy/turtlebot3_ws/install/turtlebot3_description:/home/andy/turtlebot3_ws/install/turtlebot3_cartographer:/home/andy/turtlebot3_ws/install/dynamixel_sdk_examples:/home/andy/turtlebot3_ws/install/dynamixel_sdk_custom_interfaces:/home/andy/turtlebot3_ws/install/dynamixel_sdk:/home/andy/turtlebot3_ws/install/turtlebot3_teleop:/home/andy/turtlebot3_ws/install/turtlebot3_example:/home/andy/turtlebot3_ws/install/robot_controller:/opt/ros/humble LD_LIBRARY_PATH=/home/andy/backend_controller/turtlebot3_ws/install/turtlebot3_msgs/lib:/home/andy/backend_controller/turtlebot3_ws/install/dynamixel_sdk/lib:${LD_LIBRARY_PATH} PYTHONPATH=/home/andy/backend_controller/turtlebot3_ws/install/turtlebot3_msgs/local/lib/python3.10/dist-packages:${PYTHONPATH} /usr/bin/cmake --build /home/andy/backend_controller/turtlebot3_ws/build/turtlebot3_node -- -j6 -l6
[5.880s] [  7%] [32mBuilding CXX object CMakeFiles/turtlebot3_node_lib.dir/src/devices/motor_power.cpp.o[0m
[10.013s] [ 14%] [32mBuilding CXX object CMakeFiles/turtlebot3_node_lib.dir/src/odometry.cpp.o[0m
[17.126s] [ 21%] [32mBuilding CXX object CMakeFiles/turtlebot3_node_lib.dir/src/turtlebot3.cpp.o[0m
[19.149s] [ 28%] [32mBuilding CXX object CMakeFiles/turtlebot3_node_lib.dir/src/dynamixel_sdk_wrapper.cpp.o[0m
[19.682s] [ 35%] [32mBuilding CXX object CMakeFiles/turtlebot3_node_lib.dir/src/diff_drive_controller.cpp.o[0m
[20.721s] [ 42%] [32mBuilding CXX object CMakeFiles/turtlebot3_node_lib.dir/src/sensors/battery_state.cpp.o[0m
[22.842s] [ 50%] [32mBuilding CXX object CMakeFiles/turtlebot3_node_lib.dir/src/devices/reset.cpp.o[0m
[25.106s] [ 57%] [32mBuilding CXX object CMakeFiles/turtlebot3_node_lib.dir/src/devices/sound.cpp.o[0m
[25.162s] [ 64%] [32mBuilding CXX object CMakeFiles/turtlebot3_node_lib.dir/src/sensors/imu.cpp.o[0m
[35.406s] [ 71%] [32mBuilding CXX object CMakeFiles/turtlebot3_node_lib.dir/src/sensors/sensor_state.cpp.o[0m
[40.521s] [ 78%] [32mBuilding CXX object CMakeFiles/turtlebot3_node_lib.dir/src/sensors/joint_state.cpp.o[0m
[48.145s] [ 85%] [32m[1mLinking CXX static library libturtlebot3_node_lib.a[0m
[50.959s] [ 85%] Built target turtlebot3_node_lib
[51.059s] [ 92%] [32mBuilding CXX object CMakeFiles/turtlebot3_ros.dir/src/node_main.cpp.o[0m
[57.973s] [100%] [32m[1mLinking CXX executable turtlebot3_ros[0m
[61.047s] [100%] Built target turtlebot3_ros
[61.106s] Invoked command in '/home/andy/backend_controller/turtlebot3_ws/build/turtlebot3_node' returned '0': AMENT_PREFIX_PATH=/home/andy/backend_controller/turtlebot3_ws/install/turtlebot3_msgs:/home/andy/backend_controller/turtlebot3_ws/install/dynamixel_sdk:${AMENT_PREFIX_PATH} CMAKE_PREFIX_PATH=/home/andy/backend_controller/turtlebot3_ws/install/turtlebot3_msgs:/home/andy/backend_controller/turtlebot3_ws/install/dynamixel_sdk:/home/andy/turtlebot3_ws/install/turtlebot3:/home/andy/turtlebot3_ws/install/turtlebot3_simulations:/home/andy/turtlebot3_ws/install/turtlebot3_bringup:/home/andy/turtlebot3_ws/install/turtlebot3_node:/home/andy/turtlebot3_ws/install/turtlebot3_navigation2:/home/andy/turtlebot3_ws/install/turtlebot3_fake_node:/home/andy/turtlebot3_ws/install/turtlebot3_msgs:/home/andy/turtlebot3_ws/install/turtlebot3_gazebo:/home/andy/turtlebot3_ws/install/turtlebot3_description:/home/andy/turtlebot3_ws/install/turtlebot3_cartographer:/home/andy/turtlebot3_ws/install/dynamixel_sdk_examples:/home/andy/turtlebot3_ws/install/dynamixel_sdk_custom_interfaces:/home/andy/turtlebot3_ws/install/dynamixel_sdk:/home/andy/turtlebot3_ws/install/turtlebot3_teleop:/home/andy/turtlebot3_ws/install/turtlebot3_example:/home/andy/turtlebot3_ws/install/robot_controller:/opt/ros/humble LD_LIBRARY_PATH=/home/andy/backend_controller/turtlebot3_ws/install/turtlebot3_msgs/lib:/home/andy/backend_controller/turtlebot3_ws/install/dynamixel_sdk/lib:${LD_LIBRARY_PATH} PYTHONPATH=/home/andy/backend_controller/turtlebot3_ws/install/turtlebot3_msgs/local/lib/python3.10/dist-packages:${PYTHONPATH} /usr/bin/cmake --build /home/andy/backend_controller/turtlebot3_ws/build/turtlebot3_node -- -j6 -l6
[61.831s] Invoking command in '/home/andy/backend_controller/turtlebot3_ws/build/turtlebot3_node': AMENT_PREFIX_PATH=/home/andy/backend_controller/turtlebot3_ws/install/turtlebot3_msgs:/home/andy/backend_controller/turtlebot3_ws/install/dynamixel_sdk:${AMENT_PREFIX_PATH} CMAKE_PREFIX_PATH=/home/andy/backend_controller/turtlebot3_ws/install/turtlebot3_msgs:/home/andy/backend_controller/turtlebot3_ws/install/dynamixel_sdk:/home/andy/turtlebot3_ws/install/turtlebot3:/home/andy/turtlebot3_ws/install/turtlebot3_simulations:/home/andy/turtlebot3_ws/install/turtlebot3_bringup:/home/andy/turtlebot3_ws/install/turtlebot3_node:/home/andy/turtlebot3_ws/install/turtlebot3_navigation2:/home/andy/turtlebot3_ws/install/turtlebot3_fake_node:/home/andy/turtlebot3_ws/install/turtlebot3_msgs:/home/andy/turtlebot3_ws/install/turtlebot3_gazebo:/home/andy/turtlebot3_ws/install/turtlebot3_description:/home/andy/turtlebot3_ws/install/turtlebot3_cartographer:/home/andy/turtlebot3_ws/install/dynamixel_sdk_examples:/home/andy/turtlebot3_ws/install/dynamixel_sdk_custom_interfaces:/home/andy/turtlebot3_ws/install/dynamixel_sdk:/home/andy/turtlebot3_ws/install/turtlebot3_teleop:/home/andy/turtlebot3_ws/install/turtlebot3_example:/home/andy/turtlebot3_ws/install/robot_controller:/opt/ros/humble LD_LIBRARY_PATH=/home/andy/backend_controller/turtlebot3_ws/install/turtlebot3_msgs/lib:/home/andy/backend_controller/turtlebot3_ws/install/dynamixel_sdk/lib:${LD_LIBRARY_PATH} PYTHONPATH=/home/andy/backend_controller/turtlebot3_ws/install/turtlebot3_msgs/local/lib/python3.10/dist-packages:${PYTHONPATH} /usr/bin/cmake --install /home/andy/backend_controller/turtlebot3_ws/build/turtlebot3_node
[61.860s] -- Install configuration: ""
[61.861s] -- Installing: /home/andy/backend_controller/turtlebot3_ws/install/turtlebot3_node/share/turtlebot3_node/param
[61.861s] -- Installing: /home/andy/backend_controller/turtlebot3_ws/install/turtlebot3_node/share/turtlebot3_node/param/burger.yaml
[61.861s] -- Installing: /home/andy/backend_controller/turtlebot3_ws/install/turtlebot3_node/share/turtlebot3_node/param/waffle_pi.yaml
[61.861s] -- Installing: /home/andy/backend_controller/turtlebot3_ws/install/turtlebot3_node/share/turtlebot3_node/param/waffle.yaml
[61.861s] -- Installing: /home/andy/backend_controller/turtlebot3_ws/install/turtlebot3_node/lib/turtlebot3_node/turtlebot3_ros
[61.922s] -- Set runtime path of "/home/andy/backend_controller/turtlebot3_ws/install/turtlebot3_node/lib/turtlebot3_node/turtlebot3_ros" to ""
[61.922s] -- Installing: /home/andy/backend_controller/turtlebot3_ws/install/turtlebot3_node/share/ament_index/resource_index/package_run_dependencies/turtlebot3_node
[61.922s] -- Installing: /home/andy/backend_controller/turtlebot3_ws/install/turtlebot3_node/share/ament_index/resource_index/parent_prefix_path/turtlebot3_node
[61.922s] -- Installing: /home/andy/backend_controller/turtlebot3_ws/install/turtlebot3_node/share/turtlebot3_node/environment/ament_prefix_path.sh
[61.925s] -- Installing: /home/andy/backend_controller/turtlebot3_ws/install/turtlebot3_node/share/turtlebot3_node/environment/ament_prefix_path.dsv
[61.945s] -- Installing: /home/andy/backend_controller/turtlebot3_ws/install/turtlebot3_node/share/turtlebot3_node/environment/path.sh
[61.948s] -- Installing: /home/andy/backend_controller/turtlebot3_ws/install/turtlebot3_node/share/turtlebot3_node/environment/path.dsv
[61.948s] -- Installing: /home/andy/backend_controller/turtlebot3_ws/install/turtlebot3_node/share/turtlebot3_node/local_setup.bash
[61.948s] -- Installing: /home/andy/backend_controller/turtlebot3_ws/install/turtlebot3_node/share/turtlebot3_node/local_setup.sh
[61.948s] -- Installing: /home/andy/backend_controller/turtlebot3_ws/install/turtlebot3_node/share/turtlebot3_node/local_setup.zsh
[61.958s] -- Installing: /home/andy/backend_controller/turtlebot3_ws/install/turtlebot3_node/share/turtlebot3_node/local_setup.dsv
[61.958s] -- Installing: /home/andy/backend_controller/turtlebot3_ws/install/turtlebot3_node/share/turtlebot3_node/package.dsv
[61.977s] -- Installing: /home/andy/backend_controller/turtlebot3_ws/install/turtlebot3_node/share/ament_index/resource_index/packages/turtlebot3_node
[61.978s] -- Installing: /home/andy/backend_controller/turtlebot3_ws/install/turtlebot3_node/share/turtlebot3_node/cmake/ament_cmake_export_include_directories-extras.cmake
[61.978s] -- Installing: /home/andy/backend_controller/turtlebot3_ws/install/turtlebot3_node/share/turtlebot3_node/cmake/turtlebot3_nodeConfig.cmake
[61.978s] -- Installing: /home/andy/backend_controller/turtlebot3_ws/install/turtlebot3_node/share/turtlebot3_node/cmake/turtlebot3_nodeConfig-version.cmake
[62.011s] -- Installing: /home/andy/backend_controller/turtlebot3_ws/install/turtlebot3_node/share/turtlebot3_node/package.xml
[62.027s] Invoked command in '/home/andy/backend_controller/turtlebot3_ws/build/turtlebot3_node' returned '0': AMENT_PREFIX_PATH=/home/andy/backend_controller/turtlebot3_ws/install/turtlebot3_msgs:/home/andy/backend_controller/turtlebot3_ws/install/dynamixel_sdk:${AMENT_PREFIX_PATH} CMAKE_PREFIX_PATH=/home/andy/backend_controller/turtlebot3_ws/install/turtlebot3_msgs:/home/andy/backend_controller/turtlebot3_ws/install/dynamixel_sdk:/home/andy/turtlebot3_ws/install/turtlebot3:/home/andy/turtlebot3_ws/install/turtlebot3_simulations:/home/andy/turtlebot3_ws/install/turtlebot3_bringup:/home/andy/turtlebot3_ws/install/turtlebot3_node:/home/andy/turtlebot3_ws/install/turtlebot3_navigation2:/home/andy/turtlebot3_ws/install/turtlebot3_fake_node:/home/andy/turtlebot3_ws/install/turtlebot3_msgs:/home/andy/turtlebot3_ws/install/turtlebot3_gazebo:/home/andy/turtlebot3_ws/install/turtlebot3_description:/home/andy/turtlebot3_ws/install/turtlebot3_cartographer:/home/andy/turtlebot3_ws/install/dynamixel_sdk_examples:/home/andy/turtlebot3_ws/install/dynamixel_sdk_custom_interfaces:/home/andy/turtlebot3_ws/install/dynamixel_sdk:/home/andy/turtlebot3_ws/install/turtlebot3_teleop:/home/andy/turtlebot3_ws/install/turtlebot3_example:/home/andy/turtlebot3_ws/install/robot_controller:/opt/ros/humble LD_LIBRARY_PATH=/home/andy/backend_controller/turtlebot3_ws/install/turtlebot3_msgs/lib:/home/andy/backend_controller/turtlebot3_ws/install/dynamixel_sdk/lib:${LD_LIBRARY_PATH} PYTHONPATH=/home/andy/backend_controller/turtlebot3_ws/install/turtlebot3_msgs/local/lib/python3.10/dist-packages:${PYTHONPATH} /usr/bin/cmake --install /home/andy/backend_controller/turtlebot3_ws/build/turtlebot3_node
