[1.727s] Invoking command in '/home/andy/backend_controller/turtlebot3_ws/src/turtlebot3/turtlebot3_teleop': PYTHONPATH=/home/andy/backend_controller/turtlebot3_ws/build/turtlebot3_teleop/prefix_override:/home/andy/backend_controller/turtlebot3_ws/install/turtlebot3_teleop/lib/python3.10/site-packages:${PYTHONPATH} /usr/bin/python3 setup.py egg_info --egg-base ../../../build/turtlebot3_teleop build --build-base /home/andy/backend_controller/turtlebot3_ws/build/turtlebot3_teleop/build install --record /home/andy/backend_controller/turtlebot3_ws/build/turtlebot3_teleop/install.log --single-version-externally-managed
[1.973s] running egg_info
[1.976s] writing ../../../build/turtlebot3_teleop/turtlebot3_teleop.egg-info/PKG-INFO
[1.976s] writing dependency_links to ../../../build/turtlebot3_teleop/turtlebot3_teleop.egg-info/dependency_links.txt
[1.977s] writing entry points to ../../../build/turtlebot3_teleop/turtlebot3_teleop.egg-info/entry_points.txt
[1.977s] writing requirements to ../../../build/turtlebot3_teleop/turtlebot3_teleop.egg-info/requires.txt
[1.977s] writing top-level names to ../../../build/turtlebot3_teleop/turtlebot3_teleop.egg-info/top_level.txt
[1.983s] reading manifest file '../../../build/turtlebot3_teleop/turtlebot3_teleop.egg-info/SOURCES.txt'
[1.983s] writing manifest file '../../../build/turtlebot3_teleop/turtlebot3_teleop.egg-info/SOURCES.txt'
[1.983s] running build
[1.984s] running build_py
[1.985s] running install
[1.997s] /usr/lib/python3/dist-packages/setuptools/command/install.py:34: SetuptoolsDeprecationWarning: setup.py install is deprecated. Use build and pip and other standards-based tools.
[1.997s]   warnings.warn(
[1.997s] running install_lib
[1.997s] running install_data
[1.998s] running install_egg_info
[2.003s] removing '/home/andy/backend_controller/turtlebot3_ws/install/turtlebot3_teleop/lib/python3.10/site-packages/turtlebot3_teleop-2.1.5-py3.10.egg-info' (and everything under it)
[2.007s] Copying ../../../build/turtlebot3_teleop/turtlebot3_teleop.egg-info to /home/andy/backend_controller/turtlebot3_ws/install/turtlebot3_teleop/lib/python3.10/site-packages/turtlebot3_teleop-2.1.5-py3.10.egg-info
[2.011s] running install_scripts
[2.032s] Installing teleop_keyboard script to /home/andy/backend_controller/turtlebot3_ws/install/turtlebot3_teleop/lib/turtlebot3_teleop
[2.034s] writing list of installed files to '/home/andy/backend_controller/turtlebot3_ws/build/turtlebot3_teleop/install.log'
[2.561s] Invoked command in '/home/andy/backend_controller/turtlebot3_ws/src/turtlebot3/turtlebot3_teleop' returned '0': PYTHONPATH=/home/andy/backend_controller/turtlebot3_ws/build/turtlebot3_teleop/prefix_override:/home/andy/backend_controller/turtlebot3_ws/install/turtlebot3_teleop/lib/python3.10/site-packages:${PYTHONPATH} /usr/bin/python3 setup.py egg_info --egg-base ../../../build/turtlebot3_teleop build --build-base /home/andy/backend_controller/turtlebot3_ws/build/turtlebot3_teleop/build install --record /home/andy/backend_controller/turtlebot3_ws/build/turtlebot3_teleop/install.log --single-version-externally-managed
