[1.989s] Invoking command in '/home/andy/backend_controller/turtlebot3_ws/src/turtlebot3/turtlebot3_teleop': PYTHONPATH=/home/andy/backend_controller/turtlebot3_ws/build/turtlebot3_teleop/prefix_override:/home/andy/backend_controller/turtlebot3_ws/install/turtlebot3_teleop/lib/python3.10/site-packages:${PYTHONPATH} /usr/bin/python3 setup.py egg_info --egg-base ../../../build/turtlebot3_teleop build --build-base /home/andy/backend_controller/turtlebot3_ws/build/turtlebot3_teleop/build install --record /home/andy/backend_controller/turtlebot3_ws/build/turtlebot3_teleop/install.log --single-version-externally-managed
[2.314s] running egg_info
[2.314s] writing ../../../build/turtlebot3_teleop/turtlebot3_teleop.egg-info/PKG-INFO
[2.321s] writing dependency_links to ../../../build/turtlebot3_teleop/turtlebot3_teleop.egg-info/dependency_links.txt
[2.321s] writing entry points to ../../../build/turtlebot3_teleop/turtlebot3_teleop.egg-info/entry_points.txt
[2.321s] writing requirements to ../../../build/turtlebot3_teleop/turtlebot3_teleop.egg-info/requires.txt
[2.322s] writing top-level names to ../../../build/turtlebot3_teleop/turtlebot3_teleop.egg-info/top_level.txt
[2.323s] reading manifest file '../../../build/turtlebot3_teleop/turtlebot3_teleop.egg-info/SOURCES.txt'
[2.331s] writing manifest file '../../../build/turtlebot3_teleop/turtlebot3_teleop.egg-info/SOURCES.txt'
[2.331s] running build
[2.331s] running build_py
[2.341s] running install
[2.345s] /usr/lib/python3/dist-packages/setuptools/command/install.py:34: SetuptoolsDeprecationWarning: setup.py install is deprecated. Use build and pip and other standards-based tools.
[2.346s]   warnings.warn(
[2.346s] running install_lib
[2.355s] running install_data
[2.355s] running install_egg_info
[2.358s] removing '/home/andy/backend_controller/turtlebot3_ws/install/turtlebot3_teleop/lib/python3.10/site-packages/turtlebot3_teleop-2.1.5-py3.10.egg-info' (and everything under it)
[2.358s] Copying ../../../build/turtlebot3_teleop/turtlebot3_teleop.egg-info to /home/andy/backend_controller/turtlebot3_ws/install/turtlebot3_teleop/lib/python3.10/site-packages/turtlebot3_teleop-2.1.5-py3.10.egg-info
[2.358s] running install_scripts
[2.394s] Installing teleop_keyboard script to /home/andy/backend_controller/turtlebot3_ws/install/turtlebot3_teleop/lib/turtlebot3_teleop
[2.400s] writing list of installed files to '/home/andy/backend_controller/turtlebot3_ws/build/turtlebot3_teleop/install.log'
[2.581s] Invoked command in '/home/andy/backend_controller/turtlebot3_ws/src/turtlebot3/turtlebot3_teleop' returned '0': PYTHONPATH=/home/andy/backend_controller/turtlebot3_ws/build/turtlebot3_teleop/prefix_override:/home/andy/backend_controller/turtlebot3_ws/install/turtlebot3_teleop/lib/python3.10/site-packages:${PYTHONPATH} /usr/bin/python3 setup.py egg_info --egg-base ../../../build/turtlebot3_teleop build --build-base /home/andy/backend_controller/turtlebot3_ws/build/turtlebot3_teleop/build install --record /home/andy/backend_controller/turtlebot3_ws/build/turtlebot3_teleop/install.log --single-version-externally-managed
