[0.999s] Invoking command in '/home/andy/ros2_ws/src/robot_controller': PYTHONPATH=/home/andy/ros2_ws/build/robot_controller/prefix_override:/home/andy/ros2_ws/install/robot_controller/lib/python3.10/site-packages:${PYTHONPATH} /usr/bin/python3 setup.py egg_info --egg-base ../../build/robot_controller build --build-base /home/andy/ros2_ws/build/robot_controller/build install --record /home/andy/ros2_ws/build/robot_controller/install.log --single-version-externally-managed
[1.283s] running egg_info
[1.283s] writing ../../build/robot_controller/robot_controller.egg-info/PKG-INFO
[1.283s] writing dependency_links to ../../build/robot_controller/robot_controller.egg-info/dependency_links.txt
[1.283s] writing entry points to ../../build/robot_controller/robot_controller.egg-info/entry_points.txt
[1.283s] writing requirements to ../../build/robot_controller/robot_controller.egg-info/requires.txt
[1.283s] writing top-level names to ../../build/robot_controller/robot_controller.egg-info/top_level.txt
[1.285s] reading manifest file '../../build/robot_controller/robot_controller.egg-info/SOURCES.txt'
[1.287s] writing manifest file '../../build/robot_controller/robot_controller.egg-info/SOURCES.txt'
[1.287s] running build
[1.287s] running build_py
[1.287s] copying robot_controller/stateListener.py -> /home/andy/ros2_ws/build/robot_controller/build/lib/robot_controller
[1.287s] running install
[1.287s] running install_lib
[1.287s] copying /home/andy/ros2_ws/build/robot_controller/build/lib/robot_controller/stateListener.py -> /home/andy/ros2_ws/install/robot_controller/lib/python3.10/site-packages/robot_controller
[1.288s] byte-compiling /home/andy/ros2_ws/install/robot_controller/lib/python3.10/site-packages/robot_controller/stateListener.py to stateListener.cpython-310.pyc
[1.288s] running install_data
[1.289s] running install_egg_info
[1.290s] removing '/home/andy/ros2_ws/install/robot_controller/lib/python3.10/site-packages/robot_controller-0.0.0-py3.10.egg-info' (and everything under it)
[1.291s] Copying ../../build/robot_controller/robot_controller.egg-info to /home/andy/ros2_ws/install/robot_controller/lib/python3.10/site-packages/robot_controller-0.0.0-py3.10.egg-info
[1.292s] running install_scripts
[1.311s] Installing test_node script to /home/andy/ros2_ws/install/robot_controller/lib/robot_controller
[1.311s] writing list of installed files to '/home/andy/ros2_ws/build/robot_controller/install.log'
[1.340s] Invoked command in '/home/andy/ros2_ws/src/robot_controller' returned '0': PYTHONPATH=/home/andy/ros2_ws/build/robot_controller/prefix_override:/home/andy/ros2_ws/install/robot_controller/lib/python3.10/site-packages:${PYTHONPATH} /usr/bin/python3 setup.py egg_info --egg-base ../../build/robot_controller build --build-base /home/andy/ros2_ws/build/robot_controller/build install --record /home/andy/ros2_ws/build/robot_controller/install.log --single-version-externally-managed
