[0.650s] Invoking command in '/home/andy/backend_controller/turtlebot3_ws/build/turtlebot3_description': CMAKE_PREFIX_PATH=${CMAKE_PREFIX_PATH}:/home/andy/turtlebot3_ws/install/turtlebot3_teleop:/home/andy/turtlebot3_ws/install/turtlebot3_example:/home/andy/turtlebot3_ws/install/robot_controller:/opt/ros/humble /usr/bin/cmake /home/andy/backend_controller/turtlebot3_ws/src/turtlebot3/turtlebot3_description -DCMAKE_INSTALL_PREFIX=/home/andy/backend_controller/turtlebot3_ws/install/turtlebot3_description
[0.829s] -- The C compiler identification is GNU 11.4.0
[1.081s] -- The CXX compiler identification is GNU 11.4.0
[1.117s] -- Detecting C compiler ABI info
[1.451s] -- Detecting C compiler ABI info - done
[1.464s] -- Check for working C compiler: /usr/bin/cc - skipped
[1.466s] -- Detecting C compile features
[1.466s] -- Detecting C compile features - done
[1.473s] -- Detecting CXX compiler ABI info
[1.781s] -- Detecting CXX compiler ABI info - done
[1.830s] -- Check for working CXX compiler: /usr/bin/c++ - skipped
[1.833s] -- Detecting CXX compile features
[1.833s] -- Detecting CXX compile features - done
[1.833s] -- Found ament_cmake: 1.3.8 (/opt/ros/humble/share/ament_cmake/cmake)
[2.153s] -- Found Python3: /usr/bin/python3 (found version "3.10.12") found components: Interpreter 
[2.392s] -- Found urdf: 2.6.0 (/opt/ros/humble/share/urdf/cmake)
[2.630s] -- Configuring done
[2.648s] -- Generating done
[2.650s] -- Build files have been written to: /home/andy/backend_controller/turtlebot3_ws/build/turtlebot3_description
[2.670s] Invoked command in '/home/andy/backend_controller/turtlebot3_ws/build/turtlebot3_description' returned '0': CMAKE_PREFIX_PATH=${CMAKE_PREFIX_PATH}:/home/andy/turtlebot3_ws/install/turtlebot3_teleop:/home/andy/turtlebot3_ws/install/turtlebot3_example:/home/andy/turtlebot3_ws/install/robot_controller:/opt/ros/humble /usr/bin/cmake /home/andy/backend_controller/turtlebot3_ws/src/turtlebot3/turtlebot3_description -DCMAKE_INSTALL_PREFIX=/home/andy/backend_controller/turtlebot3_ws/install/turtlebot3_description
[2.670s] Invoking command in '/home/andy/backend_controller/turtlebot3_ws/build/turtlebot3_description': CMAKE_PREFIX_PATH=${CMAKE_PREFIX_PATH}:/home/andy/turtlebot3_ws/install/turtlebot3_teleop:/home/andy/turtlebot3_ws/install/turtlebot3_example:/home/andy/turtlebot3_ws/install/robot_controller:/opt/ros/humble /usr/bin/cmake --build /home/andy/backend_controller/turtlebot3_ws/build/turtlebot3_description -- -j6 -l6
[2.762s] Invoked command in '/home/andy/backend_controller/turtlebot3_ws/build/turtlebot3_description' returned '0': CMAKE_PREFIX_PATH=${CMAKE_PREFIX_PATH}:/home/andy/turtlebot3_ws/install/turtlebot3_teleop:/home/andy/turtlebot3_ws/install/turtlebot3_example:/home/andy/turtlebot3_ws/install/robot_controller:/opt/ros/humble /usr/bin/cmake --build /home/andy/backend_controller/turtlebot3_ws/build/turtlebot3_description -- -j6 -l6
[2.888s] Invoking command in '/home/andy/backend_controller/turtlebot3_ws/build/turtlebot3_description': CMAKE_PREFIX_PATH=${CMAKE_PREFIX_PATH}:/home/andy/turtlebot3_ws/install/turtlebot3_teleop:/home/andy/turtlebot3_ws/install/turtlebot3_example:/home/andy/turtlebot3_ws/install/robot_controller:/opt/ros/humble /usr/bin/cmake --install /home/andy/backend_controller/turtlebot3_ws/build/turtlebot3_description
[2.907s] -- Install configuration: ""
[2.908s] -- Installing: /home/andy/backend_controller/turtlebot3_ws/install/turtlebot3_description/share/turtlebot3_description/meshes
[2.909s] -- Installing: /home/andy/backend_controller/turtlebot3_ws/install/turtlebot3_description/share/turtlebot3_description/meshes/bases
[2.909s] -- Installing: /home/andy/backend_controller/turtlebot3_ws/install/turtlebot3_description/share/turtlebot3_description/meshes/bases/waffle_base.stl
[2.952s] -- Installing: /home/andy/backend_controller/turtlebot3_ws/install/turtlebot3_description/share/turtlebot3_description/meshes/bases/waffle_pi_base.stl
[2.986s] -- Installing: /home/andy/backend_controller/turtlebot3_ws/install/turtlebot3_description/share/turtlebot3_description/meshes/bases/burger_base.stl
[2.993s] -- Installing: /home/andy/backend_controller/turtlebot3_ws/install/turtlebot3_description/share/turtlebot3_description/meshes/sensors
[2.994s] -- Installing: /home/andy/backend_controller/turtlebot3_ws/install/turtlebot3_description/share/turtlebot3_description/meshes/sensors/r200.jpg
[2.994s] -- Installing: /home/andy/backend_controller/turtlebot3_ws/install/turtlebot3_description/share/turtlebot3_description/meshes/sensors/lds.stl
[2.995s] -- Installing: /home/andy/backend_controller/turtlebot3_ws/install/turtlebot3_description/share/turtlebot3_description/meshes/sensors/astra.dae
[3.009s] -- Installing: /home/andy/backend_controller/turtlebot3_ws/install/turtlebot3_description/share/turtlebot3_description/meshes/sensors/r200.dae
[3.009s] -- Installing: /home/andy/backend_controller/turtlebot3_ws/install/turtlebot3_description/share/turtlebot3_description/meshes/sensors/astra.jpg
[3.010s] -- Installing: /home/andy/backend_controller/turtlebot3_ws/install/turtlebot3_description/share/turtlebot3_description/meshes/wheels
[3.010s] -- Installing: /home/andy/backend_controller/turtlebot3_ws/install/turtlebot3_description/share/turtlebot3_description/meshes/wheels/left_tire.stl
[3.012s] -- Installing: /home/andy/backend_controller/turtlebot3_ws/install/turtlebot3_description/share/turtlebot3_description/meshes/wheels/right_tire.stl
[3.014s] -- Installing: /home/andy/backend_controller/turtlebot3_ws/install/turtlebot3_description/share/turtlebot3_description/rviz
[3.015s] -- Installing: /home/andy/backend_controller/turtlebot3_ws/install/turtlebot3_description/share/turtlebot3_description/rviz/model.rviz
[3.015s] -- Installing: /home/andy/backend_controller/turtlebot3_ws/install/turtlebot3_description/share/turtlebot3_description/urdf
[3.015s] -- Installing: /home/andy/backend_controller/turtlebot3_ws/install/turtlebot3_description/share/turtlebot3_description/urdf/turtlebot3_waffle_pi.urdf
[3.015s] -- Installing: /home/andy/backend_controller/turtlebot3_ws/install/turtlebot3_description/share/turtlebot3_description/urdf/turtlebot3_burger.urdf
[3.015s] -- Installing: /home/andy/backend_controller/turtlebot3_ws/install/turtlebot3_description/share/turtlebot3_description/urdf/turtlebot3_waffle.urdf
[3.015s] -- Installing: /home/andy/backend_controller/turtlebot3_ws/install/turtlebot3_description/share/turtlebot3_description/urdf/common_properties.urdf
[3.015s] -- Installing: /home/andy/backend_controller/turtlebot3_ws/install/turtlebot3_description/share/ament_index/resource_index/package_run_dependencies/turtlebot3_description
[3.016s] -- Installing: /home/andy/backend_controller/turtlebot3_ws/install/turtlebot3_description/share/ament_index/resource_index/parent_prefix_path/turtlebot3_description
[3.016s] -- Installing: /home/andy/backend_controller/turtlebot3_ws/install/turtlebot3_description/share/turtlebot3_description/environment/ament_prefix_path.sh
[3.017s] -- Installing: /home/andy/backend_controller/turtlebot3_ws/install/turtlebot3_description/share/turtlebot3_description/environment/ament_prefix_path.dsv
[3.017s] -- Installing: /home/andy/backend_controller/turtlebot3_ws/install/turtlebot3_description/share/turtlebot3_description/environment/path.sh
[3.017s] -- Installing: /home/andy/backend_controller/turtlebot3_ws/install/turtlebot3_description/share/turtlebot3_description/environment/path.dsv
[3.017s] -- Installing: /home/andy/backend_controller/turtlebot3_ws/install/turtlebot3_description/share/turtlebot3_description/local_setup.bash
[3.017s] -- Installing: /home/andy/backend_controller/turtlebot3_ws/install/turtlebot3_description/share/turtlebot3_description/local_setup.sh
[3.018s] -- Installing: /home/andy/backend_controller/turtlebot3_ws/install/turtlebot3_description/share/turtlebot3_description/local_setup.zsh
[3.018s] -- Installing: /home/andy/backend_controller/turtlebot3_ws/install/turtlebot3_description/share/turtlebot3_description/local_setup.dsv
[3.018s] -- Installing: /home/andy/backend_controller/turtlebot3_ws/install/turtlebot3_description/share/turtlebot3_description/package.dsv
[3.019s] -- Installing: /home/andy/backend_controller/turtlebot3_ws/install/turtlebot3_description/share/ament_index/resource_index/packages/turtlebot3_description
[3.019s] -- Installing: /home/andy/backend_controller/turtlebot3_ws/install/turtlebot3_description/share/turtlebot3_description/cmake/turtlebot3_descriptionConfig.cmake
[3.019s] -- Installing: /home/andy/backend_controller/turtlebot3_ws/install/turtlebot3_description/share/turtlebot3_description/cmake/turtlebot3_descriptionConfig-version.cmake
[3.019s] -- Installing: /home/andy/backend_controller/turtlebot3_ws/install/turtlebot3_description/share/turtlebot3_description/package.xml
[3.321s] Invoked command in '/home/andy/backend_controller/turtlebot3_ws/build/turtlebot3_description' returned '0': CMAKE_PREFIX_PATH=${CMAKE_PREFIX_PATH}:/home/andy/turtlebot3_ws/install/turtlebot3_teleop:/home/andy/turtlebot3_ws/install/turtlebot3_example:/home/andy/turtlebot3_ws/install/robot_controller:/opt/ros/humble /usr/bin/cmake --install /home/andy/backend_controller/turtlebot3_ws/build/turtlebot3_description
