[0.774s] Invoking command in '/home/andy/backend_controller/turtlebot3_ws/build/turtlebot3_navigation2': CMAKE_PREFIX_PATH=${CMAKE_PREFIX_PATH}:/home/andy/backend_controller/turtlebot3_ws/install/turtlebot3_teleop:/home/andy/backend_controller/turtlebot3_ws/install/turtlebot3_example:/opt/ros/humble /usr/bin/cmake --build /home/andy/backend_controller/turtlebot3_ws/build/turtlebot3_navigation2 -- -j6 -l6
[2.103s] Invoked command in '/home/andy/backend_controller/turtlebot3_ws/build/turtlebot3_navigation2' returned '0': CMAKE_PREFIX_PATH=${CMAKE_PREFIX_PATH}:/home/andy/backend_controller/turtlebot3_ws/install/turtlebot3_teleop:/home/andy/backend_controller/turtlebot3_ws/install/turtlebot3_example:/opt/ros/humble /usr/bin/cmake --build /home/andy/backend_controller/turtlebot3_ws/build/turtlebot3_navigation2 -- -j6 -l6
[2.422s] Invoking command in '/home/andy/backend_controller/turtlebot3_ws/build/turtlebot3_navigation2': CMAKE_PREFIX_PATH=${CMAKE_PREFIX_PATH}:/home/andy/backend_controller/turtlebot3_ws/install/turtlebot3_teleop:/home/andy/backend_controller/turtlebot3_ws/install/turtlebot3_example:/opt/ros/humble /usr/bin/cmake --install /home/andy/backend_controller/turtlebot3_ws/build/turtlebot3_navigation2
[2.454s] -- Install configuration: ""
[2.456s] -- Up-to-date: /home/andy/backend_controller/turtlebot3_ws/install/turtlebot3_navigation2/share/turtlebot3_navigation2/launch
[2.459s] -- Up-to-date: /home/andy/backend_controller/turtlebot3_ws/install/turtlebot3_navigation2/share/turtlebot3_navigation2/launch/navigation2.launch.py
[2.465s] -- Up-to-date: /home/andy/backend_controller/turtlebot3_ws/install/turtlebot3_navigation2/share/turtlebot3_navigation2/map
[2.466s] -- Up-to-date: /home/andy/backend_controller/turtlebot3_ws/install/turtlebot3_navigation2/share/turtlebot3_navigation2/map/map.pgm
[2.467s] -- Up-to-date: /home/andy/backend_controller/turtlebot3_ws/install/turtlebot3_navigation2/share/turtlebot3_navigation2/map/map.yaml
[2.467s] -- Up-to-date: /home/andy/backend_controller/turtlebot3_ws/install/turtlebot3_navigation2/share/turtlebot3_navigation2/param
[2.467s] -- Up-to-date: /home/andy/backend_controller/turtlebot3_ws/install/turtlebot3_navigation2/share/turtlebot3_navigation2/param/burger.yaml
[2.469s] -- Up-to-date: /home/andy/backend_controller/turtlebot3_ws/install/turtlebot3_navigation2/share/turtlebot3_navigation2/param/waffle_pi.yaml
[2.470s] -- Up-to-date: /home/andy/backend_controller/turtlebot3_ws/install/turtlebot3_navigation2/share/turtlebot3_navigation2/param/waffle.yaml
[2.471s] -- Up-to-date: /home/andy/backend_controller/turtlebot3_ws/install/turtlebot3_navigation2/share/turtlebot3_navigation2/rviz
[2.471s] -- Up-to-date: /home/andy/backend_controller/turtlebot3_ws/install/turtlebot3_navigation2/share/turtlebot3_navigation2/rviz/tb3_navigation2.rviz
[2.472s] -- Up-to-date: /home/andy/backend_controller/turtlebot3_ws/install/turtlebot3_navigation2/share/ament_index/resource_index/package_run_dependencies/turtlebot3_navigation2
[2.473s] -- Up-to-date: /home/andy/backend_controller/turtlebot3_ws/install/turtlebot3_navigation2/share/ament_index/resource_index/parent_prefix_path/turtlebot3_navigation2
[2.474s] -- Up-to-date: /home/andy/backend_controller/turtlebot3_ws/install/turtlebot3_navigation2/share/turtlebot3_navigation2/environment/ament_prefix_path.sh
[2.474s] -- Up-to-date: /home/andy/backend_controller/turtlebot3_ws/install/turtlebot3_navigation2/share/turtlebot3_navigation2/environment/ament_prefix_path.dsv
[2.475s] -- Up-to-date: /home/andy/backend_controller/turtlebot3_ws/install/turtlebot3_navigation2/share/turtlebot3_navigation2/environment/path.sh
[2.475s] -- Up-to-date: /home/andy/backend_controller/turtlebot3_ws/install/turtlebot3_navigation2/share/turtlebot3_navigation2/environment/path.dsv
[2.476s] -- Up-to-date: /home/andy/backend_controller/turtlebot3_ws/install/turtlebot3_navigation2/share/turtlebot3_navigation2/local_setup.bash
[2.476s] -- Up-to-date: /home/andy/backend_controller/turtlebot3_ws/install/turtlebot3_navigation2/share/turtlebot3_navigation2/local_setup.sh
[2.482s] -- Up-to-date: /home/andy/backend_controller/turtlebot3_ws/install/turtlebot3_navigation2/share/turtlebot3_navigation2/local_setup.zsh
[2.482s] -- Up-to-date: /home/andy/backend_controller/turtlebot3_ws/install/turtlebot3_navigation2/share/turtlebot3_navigation2/local_setup.dsv
[2.483s] -- Up-to-date: /home/andy/backend_controller/turtlebot3_ws/install/turtlebot3_navigation2/share/turtlebot3_navigation2/package.dsv
[2.484s] -- Up-to-date: /home/andy/backend_controller/turtlebot3_ws/install/turtlebot3_navigation2/share/ament_index/resource_index/packages/turtlebot3_navigation2
[2.484s] -- Up-to-date: /home/andy/backend_controller/turtlebot3_ws/install/turtlebot3_navigation2/share/turtlebot3_navigation2/cmake/turtlebot3_navigation2Config.cmake
[2.485s] -- Up-to-date: /home/andy/backend_controller/turtlebot3_ws/install/turtlebot3_navigation2/share/turtlebot3_navigation2/cmake/turtlebot3_navigation2Config-version.cmake
[2.486s] -- Up-to-date: /home/andy/backend_controller/turtlebot3_ws/install/turtlebot3_navigation2/share/turtlebot3_navigation2/package.xml
[2.486s] Invoked command in '/home/andy/backend_controller/turtlebot3_ws/build/turtlebot3_navigation2' returned '0': CMAKE_PREFIX_PATH=${CMAKE_PREFIX_PATH}:/home/andy/backend_controller/turtlebot3_ws/install/turtlebot3_teleop:/home/andy/backend_controller/turtlebot3_ws/install/turtlebot3_example:/opt/ros/humble /usr/bin/cmake --install /home/andy/backend_controller/turtlebot3_ws/build/turtlebot3_navigation2
