[1.167s] Invoking command in '/home/andy/backend_controller/turtlebot3_ws/src/turtlebot3/turtlebot3_teleop': PYTHONPATH=/home/andy/backend_controller/turtlebot3_ws/build/turtlebot3_teleop/prefix_override:/home/andy/backend_controller/turtlebot3_ws/install/turtlebot3_teleop/lib/python3.10/site-packages:${PYTHONPATH} /usr/bin/python3 setup.py egg_info --egg-base ../../../build/turtlebot3_teleop build --build-base /home/andy/backend_controller/turtlebot3_ws/build/turtlebot3_teleop/build install --record /home/andy/backend_controller/turtlebot3_ws/build/turtlebot3_teleop/install.log --single-version-externally-managed
[1.592s] running egg_info
[1.596s] creating ../../../build/turtlebot3_teleop/turtlebot3_teleop.egg-info
[1.597s] writing ../../../build/turtlebot3_teleop/turtlebot3_teleop.egg-info/PKG-INFO
[1.598s] writing dependency_links to ../../../build/turtlebot3_teleop/turtlebot3_teleop.egg-info/dependency_links.txt
[1.598s] writing entry points to ../../../build/turtlebot3_teleop/turtlebot3_teleop.egg-info/entry_points.txt
[1.598s] writing requirements to ../../../build/turtlebot3_teleop/turtlebot3_teleop.egg-info/requires.txt
[1.600s] writing top-level names to ../../../build/turtlebot3_teleop/turtlebot3_teleop.egg-info/top_level.txt
[1.600s] writing manifest file '../../../build/turtlebot3_teleop/turtlebot3_teleop.egg-info/SOURCES.txt'
[1.603s] reading manifest file '../../../build/turtlebot3_teleop/turtlebot3_teleop.egg-info/SOURCES.txt'
[1.607s] writing manifest file '../../../build/turtlebot3_teleop/turtlebot3_teleop.egg-info/SOURCES.txt'
[1.618s] /usr/lib/python3/dist-packages/setuptools/command/install.py:34: SetuptoolsDeprecationWarning: setup.py install is deprecated. Use build and pip and other standards-based tools.
[1.618s]   warnings.warn(
[1.618s] running build
[1.618s] running build_py
[1.618s] creating /home/andy/backend_controller/turtlebot3_ws/build/turtlebot3_teleop/build
[1.618s] creating /home/andy/backend_controller/turtlebot3_ws/build/turtlebot3_teleop/build/lib
[1.618s] creating /home/andy/backend_controller/turtlebot3_ws/build/turtlebot3_teleop/build/lib/turtlebot3_teleop
[1.618s] copying turtlebot3_teleop/__init__.py -> /home/andy/backend_controller/turtlebot3_ws/build/turtlebot3_teleop/build/lib/turtlebot3_teleop
[1.618s] creating /home/andy/backend_controller/turtlebot3_ws/build/turtlebot3_teleop/build/lib/turtlebot3_teleop/script
[1.618s] copying turtlebot3_teleop/script/__init__.py -> /home/andy/backend_controller/turtlebot3_ws/build/turtlebot3_teleop/build/lib/turtlebot3_teleop/script
[1.619s] copying turtlebot3_teleop/script/teleop_keyboard.py -> /home/andy/backend_controller/turtlebot3_ws/build/turtlebot3_teleop/build/lib/turtlebot3_teleop/script
[1.619s] running install
[1.619s] running install_lib
[1.625s] creating /home/andy/backend_controller/turtlebot3_ws/install/turtlebot3_teleop/lib/python3.10/site-packages/turtlebot3_teleop
[1.626s] copying /home/andy/backend_controller/turtlebot3_ws/build/turtlebot3_teleop/build/lib/turtlebot3_teleop/__init__.py -> /home/andy/backend_controller/turtlebot3_ws/install/turtlebot3_teleop/lib/python3.10/site-packages/turtlebot3_teleop
[1.629s] creating /home/andy/backend_controller/turtlebot3_ws/install/turtlebot3_teleop/lib/python3.10/site-packages/turtlebot3_teleop/script
[1.629s] copying /home/andy/backend_controller/turtlebot3_ws/build/turtlebot3_teleop/build/lib/turtlebot3_teleop/script/__init__.py -> /home/andy/backend_controller/turtlebot3_ws/install/turtlebot3_teleop/lib/python3.10/site-packages/turtlebot3_teleop/script
[1.630s] copying /home/andy/backend_controller/turtlebot3_ws/build/turtlebot3_teleop/build/lib/turtlebot3_teleop/script/teleop_keyboard.py -> /home/andy/backend_controller/turtlebot3_ws/install/turtlebot3_teleop/lib/python3.10/site-packages/turtlebot3_teleop/script
[1.631s] byte-compiling /home/andy/backend_controller/turtlebot3_ws/install/turtlebot3_teleop/lib/python3.10/site-packages/turtlebot3_teleop/__init__.py to __init__.cpython-310.pyc
[1.632s] byte-compiling /home/andy/backend_controller/turtlebot3_ws/install/turtlebot3_teleop/lib/python3.10/site-packages/turtlebot3_teleop/script/__init__.py to __init__.cpython-310.pyc
[1.633s] byte-compiling /home/andy/backend_controller/turtlebot3_ws/install/turtlebot3_teleop/lib/python3.10/site-packages/turtlebot3_teleop/script/teleop_keyboard.py to teleop_keyboard.cpython-310.pyc
[1.637s] running install_data
[1.638s] creating /home/andy/backend_controller/turtlebot3_ws/install/turtlebot3_teleop/share/ament_index
[1.639s] creating /home/andy/backend_controller/turtlebot3_ws/install/turtlebot3_teleop/share/ament_index/resource_index
[1.640s] creating /home/andy/backend_controller/turtlebot3_ws/install/turtlebot3_teleop/share/ament_index/resource_index/packages
[1.640s] copying resource/turtlebot3_teleop -> /home/andy/backend_controller/turtlebot3_ws/install/turtlebot3_teleop/share/ament_index/resource_index/packages
[1.641s] copying package.xml -> /home/andy/backend_controller/turtlebot3_ws/install/turtlebot3_teleop/share/turtlebot3_teleop
[1.642s] running install_egg_info
[1.643s] Copying ../../../build/turtlebot3_teleop/turtlebot3_teleop.egg-info to /home/andy/backend_controller/turtlebot3_ws/install/turtlebot3_teleop/lib/python3.10/site-packages/turtlebot3_teleop-2.1.5-py3.10.egg-info
[1.644s] running install_scripts
[1.672s] Installing teleop_keyboard script to /home/andy/backend_controller/turtlebot3_ws/install/turtlebot3_teleop/lib/turtlebot3_teleop
[1.674s] writing list of installed files to '/home/andy/backend_controller/turtlebot3_ws/build/turtlebot3_teleop/install.log'
[1.766s] Invoked command in '/home/andy/backend_controller/turtlebot3_ws/src/turtlebot3/turtlebot3_teleop' returned '0': PYTHONPATH=/home/andy/backend_controller/turtlebot3_ws/build/turtlebot3_teleop/prefix_override:/home/andy/backend_controller/turtlebot3_ws/install/turtlebot3_teleop/lib/python3.10/site-packages:${PYTHONPATH} /usr/bin/python3 setup.py egg_info --egg-base ../../../build/turtlebot3_teleop build --build-base /home/andy/backend_controller/turtlebot3_ws/build/turtlebot3_teleop/build install --record /home/andy/backend_controller/turtlebot3_ws/build/turtlebot3_teleop/install.log --single-version-externally-managed
