[0.587s] Invoking command in '/home/andy/backend_controller/turtlebot3_ws/build/turtlebot3_fake_node': CMAKE_PREFIX_PATH=/home/andy/backend_controller/turtlebot3_ws/install/turtlebot3_msgs:/home/andy/backend_controller/turtlebot3_ws/install/turtlebot3:/home/andy/backend_controller/turtlebot3_ws/install/turtlebot3_simulations:/home/andy/backend_controller/turtlebot3_ws/install/turtlebot3_bringup:/home/andy/backend_controller/turtlebot3_ws/install/turtlebot3_node:/home/andy/backend_controller/turtlebot3_ws/install/turtlebot3_navigation2:/home/andy/backend_controller/turtlebot3_ws/install/turtlebot3_fake_node:/home/andy/backend_controller/turtlebot3_ws/install/turtlebot3_gazebo:/home/andy/backend_controller/turtlebot3_ws/install/turtlebot3_description:/home/andy/backend_controller/turtlebot3_ws/install/turtlebot3_cartographer:/home/andy/backend_controller/turtlebot3_ws/install/dynamixel_sdk_examples:/home/andy/backend_controller/turtlebot3_ws/install/dynamixel_sdk_custom_interfaces:/home/andy/backend_controller/turtlebot3_ws/install/dynamixel_sdk:/home/andy/backend_controller/turtlebot3_ws/install/turtlebot3_teleop:/home/andy/backend_controller/turtlebot3_ws/install/turtlebot3_example:/home/andy/backend_controller/turtlebot3_ws/install/robot_controller:/opt/ros/humble /usr/bin/cmake --build /home/andy/backend_controller/turtlebot3_ws/build/turtlebot3_fake_node -- -j6 -l6
[0.760s] [100%] Built target turtlebot3_fake_node
[0.778s] Invoked command in '/home/andy/backend_controller/turtlebot3_ws/build/turtlebot3_fake_node' returned '0': CMAKE_PREFIX_PATH=/home/andy/backend_controller/turtlebot3_ws/install/turtlebot3_msgs:/home/andy/backend_controller/turtlebot3_ws/install/turtlebot3:/home/andy/backend_controller/turtlebot3_ws/install/turtlebot3_simulations:/home/andy/backend_controller/turtlebot3_ws/install/turtlebot3_bringup:/home/andy/backend_controller/turtlebot3_ws/install/turtlebot3_node:/home/andy/backend_controller/turtlebot3_ws/install/turtlebot3_navigation2:/home/andy/backend_controller/turtlebot3_ws/install/turtlebot3_fake_node:/home/andy/backend_controller/turtlebot3_ws/install/turtlebot3_gazebo:/home/andy/backend_controller/turtlebot3_ws/install/turtlebot3_description:/home/andy/backend_controller/turtlebot3_ws/install/turtlebot3_cartographer:/home/andy/backend_controller/turtlebot3_ws/install/dynamixel_sdk_examples:/home/andy/backend_controller/turtlebot3_ws/install/dynamixel_sdk_custom_interfaces:/home/andy/backend_controller/turtlebot3_ws/install/dynamixel_sdk:/home/andy/backend_controller/turtlebot3_ws/install/turtlebot3_teleop:/home/andy/backend_controller/turtlebot3_ws/install/turtlebot3_example:/home/andy/backend_controller/turtlebot3_ws/install/robot_controller:/opt/ros/humble /usr/bin/cmake --build /home/andy/backend_controller/turtlebot3_ws/build/turtlebot3_fake_node -- -j6 -l6
[0.919s] Invoking command in '/home/andy/backend_controller/turtlebot3_ws/build/turtlebot3_fake_node': CMAKE_PREFIX_PATH=/home/andy/backend_controller/turtlebot3_ws/install/turtlebot3_msgs:/home/andy/backend_controller/turtlebot3_ws/install/turtlebot3:/home/andy/backend_controller/turtlebot3_ws/install/turtlebot3_simulations:/home/andy/backend_controller/turtlebot3_ws/install/turtlebot3_bringup:/home/andy/backend_controller/turtlebot3_ws/install/turtlebot3_node:/home/andy/backend_controller/turtlebot3_ws/install/turtlebot3_navigation2:/home/andy/backend_controller/turtlebot3_ws/install/turtlebot3_fake_node:/home/andy/backend_controller/turtlebot3_ws/install/turtlebot3_gazebo:/home/andy/backend_controller/turtlebot3_ws/install/turtlebot3_description:/home/andy/backend_controller/turtlebot3_ws/install/turtlebot3_cartographer:/home/andy/backend_controller/turtlebot3_ws/install/dynamixel_sdk_examples:/home/andy/backend_controller/turtlebot3_ws/install/dynamixel_sdk_custom_interfaces:/home/andy/backend_controller/turtlebot3_ws/install/dynamixel_sdk:/home/andy/backend_controller/turtlebot3_ws/install/turtlebot3_teleop:/home/andy/backend_controller/turtlebot3_ws/install/turtlebot3_example:/home/andy/backend_controller/turtlebot3_ws/install/robot_controller:/opt/ros/humble /usr/bin/cmake --install /home/andy/backend_controller/turtlebot3_ws/build/turtlebot3_fake_node
[0.932s] -- Install configuration: ""
[0.940s] -- Up-to-date: /home/andy/backend_controller/turtlebot3_ws/install/turtlebot3_fake_node/lib/turtlebot3_fake_node/turtlebot3_fake_node
[0.940s] -- Up-to-date: /home/andy/backend_controller/turtlebot3_ws/install/turtlebot3_fake_node/share/turtlebot3_fake_node/launch
[0.942s] -- Up-to-date: /home/andy/backend_controller/turtlebot3_ws/install/turtlebot3_fake_node/share/turtlebot3_fake_node/launch/turtlebot3_fake_node.launch.py
[0.942s] -- Up-to-date: /home/andy/backend_controller/turtlebot3_ws/install/turtlebot3_fake_node/share/turtlebot3_fake_node/launch/rviz2.launch.py
[0.942s] -- Up-to-date: /home/andy/backend_controller/turtlebot3_ws/install/turtlebot3_fake_node/share/turtlebot3_fake_node/param
[0.971s] -- Up-to-date: /home/andy/backend_controller/turtlebot3_ws/install/turtlebot3_fake_node/share/turtlebot3_fake_node/param/burger.yaml
[0.972s] -- Up-to-date: /home/andy/backend_controller/turtlebot3_ws/install/turtlebot3_fake_node/share/turtlebot3_fake_node/param/waffle_pi.yaml
[0.972s] -- Up-to-date: /home/andy/backend_controller/turtlebot3_ws/install/turtlebot3_fake_node/share/turtlebot3_fake_node/param/waffle.yaml
[0.972s] -- Up-to-date: /home/andy/backend_controller/turtlebot3_ws/install/turtlebot3_fake_node/include/
[0.972s] -- Up-to-date: /home/andy/backend_controller/turtlebot3_ws/install/turtlebot3_fake_node/include//turtlebot3_fake_node
[0.972s] -- Up-to-date: /home/andy/backend_controller/turtlebot3_ws/install/turtlebot3_fake_node/include//turtlebot3_fake_node/turtlebot3_fake_node.hpp
[0.974s] -- Up-to-date: /home/andy/backend_controller/turtlebot3_ws/install/turtlebot3_fake_node/share/ament_index/resource_index/package_run_dependencies/turtlebot3_fake_node
[0.974s] -- Up-to-date: /home/andy/backend_controller/turtlebot3_ws/install/turtlebot3_fake_node/share/ament_index/resource_index/parent_prefix_path/turtlebot3_fake_node
[0.974s] -- Up-to-date: /home/andy/backend_controller/turtlebot3_ws/install/turtlebot3_fake_node/share/turtlebot3_fake_node/environment/ament_prefix_path.sh
[0.974s] -- Up-to-date: /home/andy/backend_controller/turtlebot3_ws/install/turtlebot3_fake_node/share/turtlebot3_fake_node/environment/ament_prefix_path.dsv
[0.974s] -- Up-to-date: /home/andy/backend_controller/turtlebot3_ws/install/turtlebot3_fake_node/share/turtlebot3_fake_node/environment/path.sh
[0.975s] -- Up-to-date: /home/andy/backend_controller/turtlebot3_ws/install/turtlebot3_fake_node/share/turtlebot3_fake_node/environment/path.dsv
[0.976s] -- Up-to-date: /home/andy/backend_controller/turtlebot3_ws/install/turtlebot3_fake_node/share/turtlebot3_fake_node/local_setup.bash
[0.976s] -- Up-to-date: /home/andy/backend_controller/turtlebot3_ws/install/turtlebot3_fake_node/share/turtlebot3_fake_node/local_setup.sh
[0.976s] -- Up-to-date: /home/andy/backend_controller/turtlebot3_ws/install/turtlebot3_fake_node/share/turtlebot3_fake_node/local_setup.zsh
[0.976s] -- Up-to-date: /home/andy/backend_controller/turtlebot3_ws/install/turtlebot3_fake_node/share/turtlebot3_fake_node/local_setup.dsv
[0.976s] -- Installing: /home/andy/backend_controller/turtlebot3_ws/install/turtlebot3_fake_node/share/turtlebot3_fake_node/package.dsv
[0.976s] -- Up-to-date: /home/andy/backend_controller/turtlebot3_ws/install/turtlebot3_fake_node/share/ament_index/resource_index/packages/turtlebot3_fake_node
[0.976s] -- Up-to-date: /home/andy/backend_controller/turtlebot3_ws/install/turtlebot3_fake_node/share/turtlebot3_fake_node/cmake/ament_cmake_export_include_directories-extras.cmake
[0.976s] -- Up-to-date: /home/andy/backend_controller/turtlebot3_ws/install/turtlebot3_fake_node/share/turtlebot3_fake_node/cmake/ament_cmake_export_dependencies-extras.cmake
[0.976s] -- Up-to-date: /home/andy/backend_controller/turtlebot3_ws/install/turtlebot3_fake_node/share/turtlebot3_fake_node/cmake/turtlebot3_fake_nodeConfig.cmake
[0.976s] -- Up-to-date: /home/andy/backend_controller/turtlebot3_ws/install/turtlebot3_fake_node/share/turtlebot3_fake_node/cmake/turtlebot3_fake_nodeConfig-version.cmake
[0.976s] -- Up-to-date: /home/andy/backend_controller/turtlebot3_ws/install/turtlebot3_fake_node/share/turtlebot3_fake_node/package.xml
[0.976s] Invoked command in '/home/andy/backend_controller/turtlebot3_ws/build/turtlebot3_fake_node' returned '0': CMAKE_PREFIX_PATH=/home/andy/backend_controller/turtlebot3_ws/install/turtlebot3_msgs:/home/andy/backend_controller/turtlebot3_ws/install/turtlebot3:/home/andy/backend_controller/turtlebot3_ws/install/turtlebot3_simulations:/home/andy/backend_controller/turtlebot3_ws/install/turtlebot3_bringup:/home/andy/backend_controller/turtlebot3_ws/install/turtlebot3_node:/home/andy/backend_controller/turtlebot3_ws/install/turtlebot3_navigation2:/home/andy/backend_controller/turtlebot3_ws/install/turtlebot3_fake_node:/home/andy/backend_controller/turtlebot3_ws/install/turtlebot3_gazebo:/home/andy/backend_controller/turtlebot3_ws/install/turtlebot3_description:/home/andy/backend_controller/turtlebot3_ws/install/turtlebot3_cartographer:/home/andy/backend_controller/turtlebot3_ws/install/dynamixel_sdk_examples:/home/andy/backend_controller/turtlebot3_ws/install/dynamixel_sdk_custom_interfaces:/home/andy/backend_controller/turtlebot3_ws/install/dynamixel_sdk:/home/andy/backend_controller/turtlebot3_ws/install/turtlebot3_teleop:/home/andy/backend_controller/turtlebot3_ws/install/turtlebot3_example:/home/andy/backend_controller/turtlebot3_ws/install/robot_controller:/opt/ros/humble /usr/bin/cmake --install /home/andy/backend_controller/turtlebot3_ws/build/turtlebot3_fake_node
