[2.990s] Invoking command in '/home/andy/backend_controller/turtlebot3_ws/src/turtlebot3/turtlebot3_teleop': PYTHONPATH=/home/andy/backend_controller/turtlebot3_ws/build/turtlebot3_teleop/prefix_override:/home/andy/backend_controller/turtlebot3_ws/install/turtlebot3_teleop/lib/python3.10/site-packages:${PYTHONPATH} /usr/bin/python3 setup.py egg_info --egg-base ../../../build/turtlebot3_teleop build --build-base /home/andy/backend_controller/turtlebot3_ws/build/turtlebot3_teleop/build install --record /home/andy/backend_controller/turtlebot3_ws/build/turtlebot3_teleop/install.log --single-version-externally-managed
[3.306s] running egg_info
[3.306s] writing ../../../build/turtlebot3_teleop/turtlebot3_teleop.egg-info/PKG-INFO
[3.306s] writing dependency_links to ../../../build/turtlebot3_teleop/turtlebot3_teleop.egg-info/dependency_links.txt
[3.306s] writing entry points to ../../../build/turtlebot3_teleop/turtlebot3_teleop.egg-info/entry_points.txt
[3.306s] writing requirements to ../../../build/turtlebot3_teleop/turtlebot3_teleop.egg-info/requires.txt
[3.306s] writing top-level names to ../../../build/turtlebot3_teleop/turtlebot3_teleop.egg-info/top_level.txt
[3.308s] reading manifest file '../../../build/turtlebot3_teleop/turtlebot3_teleop.egg-info/SOURCES.txt'
[3.310s] writing manifest file '../../../build/turtlebot3_teleop/turtlebot3_teleop.egg-info/SOURCES.txt'
[3.311s] running build
[3.311s] running build_py
[3.315s] running install
[3.317s] /usr/lib/python3/dist-packages/setuptools/command/install.py:34: SetuptoolsDeprecationWarning: setup.py install is deprecated. Use build and pip and other standards-based tools.
[3.317s]   warnings.warn(
[3.318s] running install_lib
[3.320s] running install_data
[3.320s] running install_egg_info
[3.323s] removing '/home/andy/backend_controller/turtlebot3_ws/install/turtlebot3_teleop/lib/python3.10/site-packages/turtlebot3_teleop-2.1.5-py3.10.egg-info' (and everything under it)
[3.324s] Copying ../../../build/turtlebot3_teleop/turtlebot3_teleop.egg-info to /home/andy/backend_controller/turtlebot3_ws/install/turtlebot3_teleop/lib/python3.10/site-packages/turtlebot3_teleop-2.1.5-py3.10.egg-info
[3.326s] running install_scripts
[3.357s] Installing teleop_keyboard script to /home/andy/backend_controller/turtlebot3_ws/install/turtlebot3_teleop/lib/turtlebot3_teleop
[3.363s] writing list of installed files to '/home/andy/backend_controller/turtlebot3_ws/build/turtlebot3_teleop/install.log'
[3.721s] Invoked command in '/home/andy/backend_controller/turtlebot3_ws/src/turtlebot3/turtlebot3_teleop' returned '0': PYTHONPATH=/home/andy/backend_controller/turtlebot3_ws/build/turtlebot3_teleop/prefix_override:/home/andy/backend_controller/turtlebot3_ws/install/turtlebot3_teleop/lib/python3.10/site-packages:${PYTHONPATH} /usr/bin/python3 setup.py egg_info --egg-base ../../../build/turtlebot3_teleop build --build-base /home/andy/backend_controller/turtlebot3_ws/build/turtlebot3_teleop/build install --record /home/andy/backend_controller/turtlebot3_ws/build/turtlebot3_teleop/install.log --single-version-externally-managed
