[0.309s] Invoking command in '/home/andy/backend_controller/turtlebot3_ws/build/turtlebot3_navigation2': CMAKE_PREFIX_PATH=${CMAKE_PREFIX_PATH}:/home/andy/turtlebot3_ws/install/turtlebot3_teleop:/home/andy/turtlebot3_ws/install/turtlebot3_example:/home/andy/turtlebot3_ws/install/robot_controller:/opt/ros/humble /usr/bin/cmake /home/andy/backend_controller/turtlebot3_ws/src/turtlebot3/turtlebot3_navigation2 -DCMAKE_INSTALL_PREFIX=/home/andy/backend_controller/turtlebot3_ws/install/turtlebot3_navigation2
[0.530s] -- The C compiler identification is GNU 11.4.0
[0.743s] -- The CXX compiler identification is GNU 11.4.0
[0.767s] -- Detecting C compiler ABI info
[0.982s] -- Detecting C compiler ABI info - done
[1.019s] -- Check for working C compiler: /usr/bin/cc - skipped
[1.030s] -- Detecting C compile features
[1.035s] -- Detecting C compile features - done
[1.072s] -- Detecting CXX compiler ABI info
[1.336s] -- Detecting CXX compiler ABI info - done
[1.349s] -- Check for working CXX compiler: /usr/bin/c++ - skipped
[1.351s] -- Detecting CXX compile features
[1.351s] -- Detecting CXX compile features - done
[1.356s] -- Found ament_cmake: 1.3.8 (/opt/ros/humble/share/ament_cmake/cmake)
[1.698s] -- Found Python3: /usr/bin/python3 (found version "3.10.12") found components: Interpreter 
[1.922s] -- Configuring done
[1.929s] -- Generating done
[1.933s] -- Build files have been written to: /home/andy/backend_controller/turtlebot3_ws/build/turtlebot3_navigation2
[1.946s] Invoked command in '/home/andy/backend_controller/turtlebot3_ws/build/turtlebot3_navigation2' returned '0': CMAKE_PREFIX_PATH=${CMAKE_PREFIX_PATH}:/home/andy/turtlebot3_ws/install/turtlebot3_teleop:/home/andy/turtlebot3_ws/install/turtlebot3_example:/home/andy/turtlebot3_ws/install/robot_controller:/opt/ros/humble /usr/bin/cmake /home/andy/backend_controller/turtlebot3_ws/src/turtlebot3/turtlebot3_navigation2 -DCMAKE_INSTALL_PREFIX=/home/andy/backend_controller/turtlebot3_ws/install/turtlebot3_navigation2
[1.947s] Invoking command in '/home/andy/backend_controller/turtlebot3_ws/build/turtlebot3_navigation2': CMAKE_PREFIX_PATH=${CMAKE_PREFIX_PATH}:/home/andy/turtlebot3_ws/install/turtlebot3_teleop:/home/andy/turtlebot3_ws/install/turtlebot3_example:/home/andy/turtlebot3_ws/install/robot_controller:/opt/ros/humble /usr/bin/cmake --build /home/andy/backend_controller/turtlebot3_ws/build/turtlebot3_navigation2 -- -j6 -l6
[2.125s] Invoked command in '/home/andy/backend_controller/turtlebot3_ws/build/turtlebot3_navigation2' returned '0': CMAKE_PREFIX_PATH=${CMAKE_PREFIX_PATH}:/home/andy/turtlebot3_ws/install/turtlebot3_teleop:/home/andy/turtlebot3_ws/install/turtlebot3_example:/home/andy/turtlebot3_ws/install/robot_controller:/opt/ros/humble /usr/bin/cmake --build /home/andy/backend_controller/turtlebot3_ws/build/turtlebot3_navigation2 -- -j6 -l6
[2.232s] Invoking command in '/home/andy/backend_controller/turtlebot3_ws/build/turtlebot3_navigation2': CMAKE_PREFIX_PATH=${CMAKE_PREFIX_PATH}:/home/andy/turtlebot3_ws/install/turtlebot3_teleop:/home/andy/turtlebot3_ws/install/turtlebot3_example:/home/andy/turtlebot3_ws/install/robot_controller:/opt/ros/humble /usr/bin/cmake --install /home/andy/backend_controller/turtlebot3_ws/build/turtlebot3_navigation2
[2.392s] -- Install configuration: ""
[2.393s] -- Installing: /home/andy/backend_controller/turtlebot3_ws/install/turtlebot3_navigation2/share/turtlebot3_navigation2/launch
[2.394s] -- Installing: /home/andy/backend_controller/turtlebot3_ws/install/turtlebot3_navigation2/share/turtlebot3_navigation2/launch/navigation2.launch.py
[2.394s] -- Installing: /home/andy/backend_controller/turtlebot3_ws/install/turtlebot3_navigation2/share/turtlebot3_navigation2/map
[2.394s] -- Installing: /home/andy/backend_controller/turtlebot3_ws/install/turtlebot3_navigation2/share/turtlebot3_navigation2/map/map.pgm
[2.394s] -- Installing: /home/andy/backend_controller/turtlebot3_ws/install/turtlebot3_navigation2/share/turtlebot3_navigation2/map/map.yaml
[2.396s] -- Installing: /home/andy/backend_controller/turtlebot3_ws/install/turtlebot3_navigation2/share/turtlebot3_navigation2/param
[2.396s] -- Installing: /home/andy/backend_controller/turtlebot3_ws/install/turtlebot3_navigation2/share/turtlebot3_navigation2/param/burger.yaml
[2.396s] -- Installing: /home/andy/backend_controller/turtlebot3_ws/install/turtlebot3_navigation2/share/turtlebot3_navigation2/param/waffle_pi.yaml
[2.396s] -- Installing: /home/andy/backend_controller/turtlebot3_ws/install/turtlebot3_navigation2/share/turtlebot3_navigation2/param/waffle.yaml
[2.399s] -- Installing: /home/andy/backend_controller/turtlebot3_ws/install/turtlebot3_navigation2/share/turtlebot3_navigation2/rviz
[2.399s] -- Installing: /home/andy/backend_controller/turtlebot3_ws/install/turtlebot3_navigation2/share/turtlebot3_navigation2/rviz/tb3_navigation2.rviz
[2.399s] -- Installing: /home/andy/backend_controller/turtlebot3_ws/install/turtlebot3_navigation2/share/ament_index/resource_index/package_run_dependencies/turtlebot3_navigation2
[2.399s] -- Installing: /home/andy/backend_controller/turtlebot3_ws/install/turtlebot3_navigation2/share/ament_index/resource_index/parent_prefix_path/turtlebot3_navigation2
[2.400s] -- Installing: /home/andy/backend_controller/turtlebot3_ws/install/turtlebot3_navigation2/share/turtlebot3_navigation2/environment/ament_prefix_path.sh
[2.424s] -- Installing: /home/andy/backend_controller/turtlebot3_ws/install/turtlebot3_navigation2/share/turtlebot3_navigation2/environment/ament_prefix_path.dsv
[2.424s] -- Installing: /home/andy/backend_controller/turtlebot3_ws/install/turtlebot3_navigation2/share/turtlebot3_navigation2/environment/path.sh
[2.424s] -- Installing: /home/andy/backend_controller/turtlebot3_ws/install/turtlebot3_navigation2/share/turtlebot3_navigation2/environment/path.dsv
[2.424s] -- Installing: /home/andy/backend_controller/turtlebot3_ws/install/turtlebot3_navigation2/share/turtlebot3_navigation2/local_setup.bash
[2.424s] -- Installing: /home/andy/backend_controller/turtlebot3_ws/install/turtlebot3_navigation2/share/turtlebot3_navigation2/local_setup.sh
[2.424s] -- Installing: /home/andy/backend_controller/turtlebot3_ws/install/turtlebot3_navigation2/share/turtlebot3_navigation2/local_setup.zsh
[2.424s] -- Installing: /home/andy/backend_controller/turtlebot3_ws/install/turtlebot3_navigation2/share/turtlebot3_navigation2/local_setup.dsv
[2.424s] -- Installing: /home/andy/backend_controller/turtlebot3_ws/install/turtlebot3_navigation2/share/turtlebot3_navigation2/package.dsv
[2.424s] -- Installing: /home/andy/backend_controller/turtlebot3_ws/install/turtlebot3_navigation2/share/ament_index/resource_index/packages/turtlebot3_navigation2
[2.425s] -- Installing: /home/andy/backend_controller/turtlebot3_ws/install/turtlebot3_navigation2/share/turtlebot3_navigation2/cmake/turtlebot3_navigation2Config.cmake
[2.425s] -- Installing: /home/andy/backend_controller/turtlebot3_ws/install/turtlebot3_navigation2/share/turtlebot3_navigation2/cmake/turtlebot3_navigation2Config-version.cmake
[2.425s] -- Installing: /home/andy/backend_controller/turtlebot3_ws/install/turtlebot3_navigation2/share/turtlebot3_navigation2/package.xml
[2.494s] Invoked command in '/home/andy/backend_controller/turtlebot3_ws/build/turtlebot3_navigation2' returned '0': CMAKE_PREFIX_PATH=${CMAKE_PREFIX_PATH}:/home/andy/turtlebot3_ws/install/turtlebot3_teleop:/home/andy/turtlebot3_ws/install/turtlebot3_example:/home/andy/turtlebot3_ws/install/robot_controller:/opt/ros/humble /usr/bin/cmake --install /home/andy/backend_controller/turtlebot3_ws/build/turtlebot3_navigation2
