[0.284s] Invoking command in '/home/andy/backend_controller/turtlebot3_ws/build/turtlebot3_gazebo': CMAKE_PREFIX_PATH=${CMAKE_PREFIX_PATH}:/home/andy/backend_controller/turtlebot3_ws/install/turtlebot3_teleop:/home/andy/backend_controller/turtlebot3_ws/install/turtlebot3_example:/home/andy/backend_controller/turtlebot3_ws/install/robot_controller:/opt/ros/humble /usr/bin/cmake --build /home/andy/backend_controller/turtlebot3_ws/build/turtlebot3_gazebo -- -j6 -l6
[1.613s] [ 25%] Built target turtlebot3_drive
[2.448s] [ 50%] Built target obstacles
[2.601s] [ 75%] Built target obstacle2
[2.793s] [100%] Built target obstacle1
[3.251s] Invoked command in '/home/andy/backend_controller/turtlebot3_ws/build/turtlebot3_gazebo' returned '0': CMAKE_PREFIX_PATH=${CMAKE_PREFIX_PATH}:/home/andy/backend_controller/turtlebot3_ws/install/turtlebot3_teleop:/home/andy/backend_controller/turtlebot3_ws/install/turtlebot3_example:/home/andy/backend_controller/turtlebot3_ws/install/robot_controller:/opt/ros/humble /usr/bin/cmake --build /home/andy/backend_controller/turtlebot3_ws/build/turtlebot3_gazebo -- -j6 -l6
[3.927s] Invoking command in '/home/andy/backend_controller/turtlebot3_ws/build/turtlebot3_gazebo': CMAKE_PREFIX_PATH=${CMAKE_PREFIX_PATH}:/home/andy/backend_controller/turtlebot3_ws/install/turtlebot3_teleop:/home/andy/backend_controller/turtlebot3_ws/install/turtlebot3_example:/home/andy/backend_controller/turtlebot3_ws/install/robot_controller:/opt/ros/humble /usr/bin/cmake --install /home/andy/backend_controller/turtlebot3_ws/build/turtlebot3_gazebo
[3.945s] -- Install configuration: ""
[3.964s] -- Up-to-date: /home/andy/backend_controller/turtlebot3_ws/install/turtlebot3_gazebo/lib/turtlebot3_gazebo/turtlebot3_drive
[3.964s] -- Up-to-date: /home/andy/backend_controller/turtlebot3_ws/install/turtlebot3_gazebo/share/turtlebot3_gazebo//launch
[3.964s] -- Up-to-date: /home/andy/backend_controller/turtlebot3_ws/install/turtlebot3_gazebo/share/turtlebot3_gazebo//launch/robot_state_publisher.launch.py
[3.964s] -- Up-to-date: /home/andy/backend_controller/turtlebot3_ws/install/turtlebot3_gazebo/share/turtlebot3_gazebo//launch/empty_world.launch.py
[3.964s] -- Up-to-date: /home/andy/backend_controller/turtlebot3_ws/install/turtlebot3_gazebo/share/turtlebot3_gazebo//launch/turtlebot3_dqn_stage4.launch.py
[3.964s] -- Up-to-date: /home/andy/backend_controller/turtlebot3_ws/install/turtlebot3_gazebo/share/turtlebot3_gazebo//launch/turtlebot3_dqn_stage1.launch.py
[3.964s] -- Up-to-date: /home/andy/backend_controller/turtlebot3_ws/install/turtlebot3_gazebo/share/turtlebot3_gazebo//launch/turtlebot3_house.launch.py
[3.965s] -- Up-to-date: /home/andy/backend_controller/turtlebot3_ws/install/turtlebot3_gazebo/share/turtlebot3_gazebo//launch/turtlebot3_dqn_stage3.launch.py
[3.965s] -- Up-to-date: /home/andy/backend_controller/turtlebot3_ws/install/turtlebot3_gazebo/share/turtlebot3_gazebo//launch/turtlebot3_dqn_stage2.launch.py
[3.977s] -- Up-to-date: /home/andy/backend_controller/turtlebot3_ws/install/turtlebot3_gazebo/share/turtlebot3_gazebo//launch/turtlebot3_world.launch.py
[3.994s] -- Up-to-date: /home/andy/backend_controller/turtlebot3_ws/install/turtlebot3_gazebo/share/turtlebot3_gazebo//launch/spawn_turtlebot3.launch.py
[3.996s] -- Up-to-date: /home/andy/backend_controller/turtlebot3_ws/install/turtlebot3_gazebo/share/turtlebot3_gazebo//models
[3.996s] -- Up-to-date: /home/andy/backend_controller/turtlebot3_ws/install/turtlebot3_gazebo/share/turtlebot3_gazebo//models/turtlebot3_world
[3.996s] -- Up-to-date: /home/andy/backend_controller/turtlebot3_ws/install/turtlebot3_gazebo/share/turtlebot3_gazebo//models/turtlebot3_world/model.sdf
[3.996s] -- Up-to-date: /home/andy/backend_controller/turtlebot3_ws/install/turtlebot3_gazebo/share/turtlebot3_gazebo//models/turtlebot3_world/model.config
[4.002s] -- Up-to-date: /home/andy/backend_controller/turtlebot3_ws/install/turtlebot3_gazebo/share/turtlebot3_gazebo//models/turtlebot3_world/model-1_4.sdf
[4.003s] -- Up-to-date: /home/andy/backend_controller/turtlebot3_ws/install/turtlebot3_gazebo/share/turtlebot3_gazebo//models/turtlebot3_world/meshes
[4.003s] -- Up-to-date: /home/andy/backend_controller/turtlebot3_ws/install/turtlebot3_gazebo/share/turtlebot3_gazebo//models/turtlebot3_world/meshes/hexagon.dae
[4.003s] -- Up-to-date: /home/andy/backend_controller/turtlebot3_ws/install/turtlebot3_gazebo/share/turtlebot3_gazebo//models/turtlebot3_world/meshes/wall.dae
[4.003s] -- Up-to-date: /home/andy/backend_controller/turtlebot3_ws/install/turtlebot3_gazebo/share/turtlebot3_gazebo//models/turtlebot3_dqn_world
[4.003s] -- Up-to-date: /home/andy/backend_controller/turtlebot3_ws/install/turtlebot3_gazebo/share/turtlebot3_gazebo//models/turtlebot3_dqn_world/model.sdf
[4.004s] -- Up-to-date: /home/andy/backend_controller/turtlebot3_ws/install/turtlebot3_gazebo/share/turtlebot3_gazebo//models/turtlebot3_dqn_world/inner_walls
[4.006s] -- Up-to-date: /home/andy/backend_controller/turtlebot3_ws/install/turtlebot3_gazebo/share/turtlebot3_gazebo//models/turtlebot3_dqn_world/inner_walls/model.sdf
[4.006s] -- Up-to-date: /home/andy/backend_controller/turtlebot3_ws/install/turtlebot3_gazebo/share/turtlebot3_gazebo//models/turtlebot3_dqn_world/inner_walls/model.config
[4.006s] -- Up-to-date: /home/andy/backend_controller/turtlebot3_ws/install/turtlebot3_gazebo/share/turtlebot3_gazebo//models/turtlebot3_dqn_world/obstacles
[4.006s] -- Up-to-date: /home/andy/backend_controller/turtlebot3_ws/install/turtlebot3_gazebo/share/turtlebot3_gazebo//models/turtlebot3_dqn_world/obstacles/model.sdf
[4.006s] -- Up-to-date: /home/andy/backend_controller/turtlebot3_ws/install/turtlebot3_gazebo/share/turtlebot3_gazebo//models/turtlebot3_dqn_world/obstacles/model.config
[4.006s] -- Up-to-date: /home/andy/backend_controller/turtlebot3_ws/install/turtlebot3_gazebo/share/turtlebot3_gazebo//models/turtlebot3_dqn_world/obstacle_plugin
[4.006s] -- Up-to-date: /home/andy/backend_controller/turtlebot3_ws/install/turtlebot3_gazebo/share/turtlebot3_gazebo//models/turtlebot3_dqn_world/obstacle_plugin/obstacle1.cc
[4.006s] -- Up-to-date: /home/andy/backend_controller/turtlebot3_ws/install/turtlebot3_gazebo/share/turtlebot3_gazebo//models/turtlebot3_dqn_world/obstacle_plugin/CMakeLists.txt
[4.006s] -- Up-to-date: /home/andy/backend_controller/turtlebot3_ws/install/turtlebot3_gazebo/share/turtlebot3_gazebo//models/turtlebot3_dqn_world/obstacle_plugin/obstacle2.cc
[4.006s] -- Up-to-date: /home/andy/backend_controller/turtlebot3_ws/install/turtlebot3_gazebo/share/turtlebot3_gazebo//models/turtlebot3_dqn_world/obstacle_plugin/obstacles.cc
[4.007s] -- Up-to-date: /home/andy/backend_controller/turtlebot3_ws/install/turtlebot3_gazebo/share/turtlebot3_gazebo//models/turtlebot3_dqn_world/model.config
[4.007s] -- Up-to-date: /home/andy/backend_controller/turtlebot3_ws/install/turtlebot3_gazebo/share/turtlebot3_gazebo//models/turtlebot3_dqn_world/obstacle1
[4.007s] -- Up-to-date: /home/andy/backend_controller/turtlebot3_ws/install/turtlebot3_gazebo/share/turtlebot3_gazebo//models/turtlebot3_dqn_world/obstacle1/model.sdf
[4.007s] -- Up-to-date: /home/andy/backend_controller/turtlebot3_ws/install/turtlebot3_gazebo/share/turtlebot3_gazebo//models/turtlebot3_dqn_world/obstacle1/model.config
[4.007s] -- Up-to-date: /home/andy/backend_controller/turtlebot3_ws/install/turtlebot3_gazebo/share/turtlebot3_gazebo//models/turtlebot3_dqn_world/goal_box
[4.007s] -- Up-to-date: /home/andy/backend_controller/turtlebot3_ws/install/turtlebot3_gazebo/share/turtlebot3_gazebo//models/turtlebot3_dqn_world/goal_box/model.sdf
[4.007s] -- Up-to-date: /home/andy/backend_controller/turtlebot3_ws/install/turtlebot3_gazebo/share/turtlebot3_gazebo//models/turtlebot3_dqn_world/goal_box/model.config
[4.011s] -- Up-to-date: /home/andy/backend_controller/turtlebot3_ws/install/turtlebot3_gazebo/share/turtlebot3_gazebo//models/turtlebot3_dqn_world/obstacle2
[4.012s] -- Up-to-date: /home/andy/backend_controller/turtlebot3_ws/install/turtlebot3_gazebo/share/turtlebot3_gazebo//models/turtlebot3_dqn_world/obstacle2/model.sdf
[4.012s] -- Up-to-date: /home/andy/backend_controller/turtlebot3_ws/install/turtlebot3_gazebo/share/turtlebot3_gazebo//models/turtlebot3_dqn_world/obstacle2/model.config
[4.012s] -- Up-to-date: /home/andy/backend_controller/turtlebot3_ws/install/turtlebot3_gazebo/share/turtlebot3_gazebo//models/turtlebot3_waffle
[4.012s] -- Up-to-date: /home/andy/backend_controller/turtlebot3_ws/install/turtlebot3_gazebo/share/turtlebot3_gazebo//models/turtlebot3_waffle/model.sdf
[4.012s] -- Up-to-date: /home/andy/backend_controller/turtlebot3_ws/install/turtlebot3_gazebo/share/turtlebot3_gazebo//models/turtlebot3_waffle/model.config
[4.012s] -- Up-to-date: /home/andy/backend_controller/turtlebot3_ws/install/turtlebot3_gazebo/share/turtlebot3_gazebo//models/turtlebot3_waffle/model-1_4.sdf
[4.012s] -- Up-to-date: /home/andy/backend_controller/turtlebot3_ws/install/turtlebot3_gazebo/share/turtlebot3_gazebo//models/turtlebot3_waffle_pi
[4.013s] -- Up-to-date: /home/andy/backend_controller/turtlebot3_ws/install/turtlebot3_gazebo/share/turtlebot3_gazebo//models/turtlebot3_waffle_pi/model.sdf
[4.013s] -- Up-to-date: /home/andy/backend_controller/turtlebot3_ws/install/turtlebot3_gazebo/share/turtlebot3_gazebo//models/turtlebot3_waffle_pi/model.config
[4.013s] -- Up-to-date: /home/andy/backend_controller/turtlebot3_ws/install/turtlebot3_gazebo/share/turtlebot3_gazebo//models/turtlebot3_waffle_pi/model-1_4_.sdf
[4.014s] -- Up-to-date: /home/andy/backend_controller/turtlebot3_ws/install/turtlebot3_gazebo/share/turtlebot3_gazebo//models/turtlebot3_common
[4.014s] -- Up-to-date: /home/andy/backend_controller/turtlebot3_ws/install/turtlebot3_gazebo/share/turtlebot3_gazebo//models/turtlebot3_common/model.config
[4.015s] -- Up-to-date: /home/andy/backend_controller/turtlebot3_ws/install/turtlebot3_gazebo/share/turtlebot3_gazebo//models/turtlebot3_common/meshes
[4.017s] -- Up-to-date: /home/andy/backend_controller/turtlebot3_ws/install/turtlebot3_gazebo/share/turtlebot3_gazebo//models/turtlebot3_common/meshes/lds.dae
[4.017s] -- Up-to-date: /home/andy/backend_controller/turtlebot3_ws/install/turtlebot3_gazebo/share/turtlebot3_gazebo//models/turtlebot3_common/meshes/r200.dae
[4.017s] -- Up-to-date: /home/andy/backend_controller/turtlebot3_ws/install/turtlebot3_gazebo/share/turtlebot3_gazebo//models/turtlebot3_common/meshes/burger_base.dae
[4.017s] -- Up-to-date: /home/andy/backend_controller/turtlebot3_ws/install/turtlebot3_gazebo/share/turtlebot3_gazebo//models/turtlebot3_common/meshes/tire.dae
[4.017s] -- Up-to-date: /home/andy/backend_controller/turtlebot3_ws/install/turtlebot3_gazebo/share/turtlebot3_gazebo//models/turtlebot3_common/meshes/waffle_pi_base.dae
[4.017s] -- Up-to-date: /home/andy/backend_controller/turtlebot3_ws/install/turtlebot3_gazebo/share/turtlebot3_gazebo//models/turtlebot3_common/meshes/waffle_base.dae
[4.018s] -- Up-to-date: /home/andy/backend_controller/turtlebot3_ws/install/turtlebot3_gazebo/share/turtlebot3_gazebo//models/turtlebot3_house
[4.019s] -- Up-to-date: /home/andy/backend_controller/turtlebot3_ws/install/turtlebot3_gazebo/share/turtlebot3_gazebo//models/turtlebot3_house/model.sdf
[4.019s] -- Up-to-date: /home/andy/backend_controller/turtlebot3_ws/install/turtlebot3_gazebo/share/turtlebot3_gazebo//models/turtlebot3_house/model.config
[4.019s] -- Up-to-date: /home/andy/backend_controller/turtlebot3_ws/install/turtlebot3_gazebo/share/turtlebot3_gazebo//models/turtlebot3_burger
[4.021s] -- Up-to-date: /home/andy/backend_controller/turtlebot3_ws/install/turtlebot3_gazebo/share/turtlebot3_gazebo//models/turtlebot3_burger/model.sdf
[4.024s] -- Up-to-date: /home/andy/backend_controller/turtlebot3_ws/install/turtlebot3_gazebo/share/turtlebot3_gazebo//models/turtlebot3_burger/model.config
[4.024s] -- Up-to-date: /home/andy/backend_controller/turtlebot3_ws/install/turtlebot3_gazebo/share/turtlebot3_gazebo//models/turtlebot3_burger/model-1_4.sdf
[4.024s] -- Up-to-date: /home/andy/backend_controller/turtlebot3_ws/install/turtlebot3_gazebo/share/turtlebot3_gazebo//rviz
[4.078s] -- Up-to-date: /home/andy/backend_controller/turtlebot3_ws/install/turtlebot3_gazebo/share/turtlebot3_gazebo//rviz/tb3_gazebo.rviz
[4.079s] -- Up-to-date: /home/andy/backend_controller/turtlebot3_ws/install/turtlebot3_gazebo/share/turtlebot3_gazebo//urdf
[4.081s] -- Up-to-date: /home/andy/backend_controller/turtlebot3_ws/install/turtlebot3_gazebo/share/turtlebot3_gazebo//urdf/turtlebot3_waffle_pi.urdf
[4.081s] -- Up-to-date: /home/andy/backend_controller/turtlebot3_ws/install/turtlebot3_gazebo/share/turtlebot3_gazebo//urdf/turtlebot3_burger.urdf
[4.081s] -- Up-to-date: /home/andy/backend_controller/turtlebot3_ws/install/turtlebot3_gazebo/share/turtlebot3_gazebo//urdf/turtlebot3_waffle.urdf
[4.082s] -- Up-to-date: /home/andy/backend_controller/turtlebot3_ws/install/turtlebot3_gazebo/share/turtlebot3_gazebo//urdf/common_properties.urdf
[4.082s] -- Up-to-date: /home/andy/backend_controller/turtlebot3_ws/install/turtlebot3_gazebo/share/turtlebot3_gazebo//worlds
[4.084s] -- Up-to-date: /home/andy/backend_controller/turtlebot3_ws/install/turtlebot3_gazebo/share/turtlebot3_gazebo//worlds/turtlebot3_world.world
[4.085s] -- Up-to-date: /home/andy/backend_controller/turtlebot3_ws/install/turtlebot3_gazebo/share/turtlebot3_gazebo//worlds/turtlebot3_dqn_stage4.world
[4.085s] -- Up-to-date: /home/andy/backend_controller/turtlebot3_ws/install/turtlebot3_gazebo/share/turtlebot3_gazebo//worlds/turtlebot3_house.world
[4.090s] -- Up-to-date: /home/andy/backend_controller/turtlebot3_ws/install/turtlebot3_gazebo/share/turtlebot3_gazebo//worlds/turtlebot3_dqn_stage2.world
[4.090s] -- Up-to-date: /home/andy/backend_controller/turtlebot3_ws/install/turtlebot3_gazebo/share/turtlebot3_gazebo//worlds/turtlebot3_dqn_stage3.world
[4.090s] -- Up-to-date: /home/andy/backend_controller/turtlebot3_ws/install/turtlebot3_gazebo/share/turtlebot3_gazebo//worlds/empty_world.world
[4.092s] -- Up-to-date: /home/andy/backend_controller/turtlebot3_ws/install/turtlebot3_gazebo/share/turtlebot3_gazebo//worlds/turtlebot3_dqn_stage1.world
[4.092s] -- Up-to-date: /home/andy/backend_controller/turtlebot3_ws/install/turtlebot3_gazebo/include/
[4.092s] -- Up-to-date: /home/andy/backend_controller/turtlebot3_ws/install/turtlebot3_gazebo/include//turtlebot3_gazebo
[4.092s] -- Up-to-date: /home/andy/backend_controller/turtlebot3_ws/install/turtlebot3_gazebo/include//turtlebot3_gazebo/turtlebot3_drive.hpp
[4.092s] -- Up-to-date: /home/andy/backend_controller/turtlebot3_ws/install/turtlebot3_gazebo/share/ament_index/resource_index/package_run_dependencies/turtlebot3_gazebo
[4.092s] -- Up-to-date: /home/andy/backend_controller/turtlebot3_ws/install/turtlebot3_gazebo/share/ament_index/resource_index/parent_prefix_path/turtlebot3_gazebo
[4.092s] -- Up-to-date: /home/andy/backend_controller/turtlebot3_ws/install/turtlebot3_gazebo/share/turtlebot3_gazebo/environment/ament_prefix_path.sh
[4.092s] -- Up-to-date: /home/andy/backend_controller/turtlebot3_ws/install/turtlebot3_gazebo/share/turtlebot3_gazebo/environment/ament_prefix_path.dsv
[4.092s] -- Up-to-date: /home/andy/backend_controller/turtlebot3_ws/install/turtlebot3_gazebo/share/turtlebot3_gazebo/environment/path.sh
[4.092s] -- Up-to-date: /home/andy/backend_controller/turtlebot3_ws/install/turtlebot3_gazebo/share/turtlebot3_gazebo/environment/path.dsv
[4.093s] -- Up-to-date: /home/andy/backend_controller/turtlebot3_ws/install/turtlebot3_gazebo/share/turtlebot3_gazebo/local_setup.bash
[4.093s] -- Up-to-date: /home/andy/backend_controller/turtlebot3_ws/install/turtlebot3_gazebo/share/turtlebot3_gazebo/local_setup.sh
[4.093s] -- Up-to-date: /home/andy/backend_controller/turtlebot3_ws/install/turtlebot3_gazebo/share/turtlebot3_gazebo/local_setup.zsh
[4.093s] -- Up-to-date: /home/andy/backend_controller/turtlebot3_ws/install/turtlebot3_gazebo/share/turtlebot3_gazebo/local_setup.dsv
[4.093s] -- Installing: /home/andy/backend_controller/turtlebot3_ws/install/turtlebot3_gazebo/share/turtlebot3_gazebo/package.dsv
[4.098s] -- Up-to-date: /home/andy/backend_controller/turtlebot3_ws/install/turtlebot3_gazebo/share/ament_index/resource_index/packages/turtlebot3_gazebo
[4.099s] -- Up-to-date: /home/andy/backend_controller/turtlebot3_ws/install/turtlebot3_gazebo/share/turtlebot3_gazebo/cmake/ament_cmake_export_include_directories-extras.cmake
[4.099s] -- Up-to-date: /home/andy/backend_controller/turtlebot3_ws/install/turtlebot3_gazebo/share/turtlebot3_gazebo/cmake/ament_cmake_export_dependencies-extras.cmake
[4.099s] -- Up-to-date: /home/andy/backend_controller/turtlebot3_ws/install/turtlebot3_gazebo/share/turtlebot3_gazebo/cmake/turtlebot3_gazeboConfig.cmake
[4.099s] -- Up-to-date: /home/andy/backend_controller/turtlebot3_ws/install/turtlebot3_gazebo/share/turtlebot3_gazebo/cmake/turtlebot3_gazeboConfig-version.cmake
[4.100s] -- Up-to-date: /home/andy/backend_controller/turtlebot3_ws/install/turtlebot3_gazebo/share/turtlebot3_gazebo/package.xml
[4.121s] Invoked command in '/home/andy/backend_controller/turtlebot3_ws/build/turtlebot3_gazebo' returned '0': CMAKE_PREFIX_PATH=${CMAKE_PREFIX_PATH}:/home/andy/backend_controller/turtlebot3_ws/install/turtlebot3_teleop:/home/andy/backend_controller/turtlebot3_ws/install/turtlebot3_example:/home/andy/backend_controller/turtlebot3_ws/install/robot_controller:/opt/ros/humble /usr/bin/cmake --install /home/andy/backend_controller/turtlebot3_ws/build/turtlebot3_gazebo
