[0.997s] Invoking command in '/home/andy/backend_controller/turtlebot3_ws/build/turtlebot3_description': CMAKE_PREFIX_PATH=${CMAKE_PREFIX_PATH}:/home/andy/backend_controller/turtlebot3_ws/install/turtlebot3_teleop:/home/andy/backend_controller/turtlebot3_ws/install/turtlebot3_example:/home/andy/backend_controller/turtlebot3_ws/install/robot_controller:/opt/ros/humble /usr/bin/cmake --build /home/andy/backend_controller/turtlebot3_ws/build/turtlebot3_description -- -j6 -l6
[1.716s] Invoked command in '/home/andy/backend_controller/turtlebot3_ws/build/turtlebot3_description' returned '0': CMAKE_PREFIX_PATH=${CMAKE_PREFIX_PATH}:/home/andy/backend_controller/turtlebot3_ws/install/turtlebot3_teleop:/home/andy/backend_controller/turtlebot3_ws/install/turtlebot3_example:/home/andy/backend_controller/turtlebot3_ws/install/robot_controller:/opt/ros/humble /usr/bin/cmake --build /home/andy/backend_controller/turtlebot3_ws/build/turtlebot3_description -- -j6 -l6
[2.114s] Invoking command in '/home/andy/backend_controller/turtlebot3_ws/build/turtlebot3_description': CMAKE_PREFIX_PATH=${CMAKE_PREFIX_PATH}:/home/andy/backend_controller/turtlebot3_ws/install/turtlebot3_teleop:/home/andy/backend_controller/turtlebot3_ws/install/turtlebot3_example:/home/andy/backend_controller/turtlebot3_ws/install/robot_controller:/opt/ros/humble /usr/bin/cmake --install /home/andy/backend_controller/turtlebot3_ws/build/turtlebot3_description
[2.157s] -- Install configuration: ""
[2.182s] -- Up-to-date: /home/andy/backend_controller/turtlebot3_ws/install/turtlebot3_description/share/turtlebot3_description/meshes
[2.182s] -- Up-to-date: /home/andy/backend_controller/turtlebot3_ws/install/turtlebot3_description/share/turtlebot3_description/meshes/bases
[2.182s] -- Up-to-date: /home/andy/backend_controller/turtlebot3_ws/install/turtlebot3_description/share/turtlebot3_description/meshes/bases/waffle_base.stl
[2.183s] -- Up-to-date: /home/andy/backend_controller/turtlebot3_ws/install/turtlebot3_description/share/turtlebot3_description/meshes/bases/waffle_pi_base.stl
[2.183s] -- Up-to-date: /home/andy/backend_controller/turtlebot3_ws/install/turtlebot3_description/share/turtlebot3_description/meshes/bases/burger_base.stl
[2.183s] -- Up-to-date: /home/andy/backend_controller/turtlebot3_ws/install/turtlebot3_description/share/turtlebot3_description/meshes/sensors
[2.183s] -- Up-to-date: /home/andy/backend_controller/turtlebot3_ws/install/turtlebot3_description/share/turtlebot3_description/meshes/sensors/r200.jpg
[2.183s] -- Up-to-date: /home/andy/backend_controller/turtlebot3_ws/install/turtlebot3_description/share/turtlebot3_description/meshes/sensors/lds.stl
[2.184s] -- Up-to-date: /home/andy/backend_controller/turtlebot3_ws/install/turtlebot3_description/share/turtlebot3_description/meshes/sensors/astra.dae
[2.184s] -- Up-to-date: /home/andy/backend_controller/turtlebot3_ws/install/turtlebot3_description/share/turtlebot3_description/meshes/sensors/r200.dae
[2.184s] -- Up-to-date: /home/andy/backend_controller/turtlebot3_ws/install/turtlebot3_description/share/turtlebot3_description/meshes/sensors/astra.jpg
[2.184s] -- Up-to-date: /home/andy/backend_controller/turtlebot3_ws/install/turtlebot3_description/share/turtlebot3_description/meshes/wheels
[2.184s] -- Up-to-date: /home/andy/backend_controller/turtlebot3_ws/install/turtlebot3_description/share/turtlebot3_description/meshes/wheels/left_tire.stl
[2.184s] -- Up-to-date: /home/andy/backend_controller/turtlebot3_ws/install/turtlebot3_description/share/turtlebot3_description/meshes/wheels/right_tire.stl
[2.184s] -- Up-to-date: /home/andy/backend_controller/turtlebot3_ws/install/turtlebot3_description/share/turtlebot3_description/rviz
[2.184s] -- Up-to-date: /home/andy/backend_controller/turtlebot3_ws/install/turtlebot3_description/share/turtlebot3_description/rviz/model.rviz
[2.184s] -- Up-to-date: /home/andy/backend_controller/turtlebot3_ws/install/turtlebot3_description/share/turtlebot3_description/urdf
[2.184s] -- Up-to-date: /home/andy/backend_controller/turtlebot3_ws/install/turtlebot3_description/share/turtlebot3_description/urdf/turtlebot3_waffle_pi.urdf
[2.184s] -- Up-to-date: /home/andy/backend_controller/turtlebot3_ws/install/turtlebot3_description/share/turtlebot3_description/urdf/turtlebot3_burger.urdf
[2.184s] -- Up-to-date: /home/andy/backend_controller/turtlebot3_ws/install/turtlebot3_description/share/turtlebot3_description/urdf/turtlebot3_waffle.urdf
[2.184s] -- Up-to-date: /home/andy/backend_controller/turtlebot3_ws/install/turtlebot3_description/share/turtlebot3_description/urdf/common_properties.urdf
[2.184s] -- Up-to-date: /home/andy/backend_controller/turtlebot3_ws/install/turtlebot3_description/share/ament_index/resource_index/package_run_dependencies/turtlebot3_description
[2.184s] -- Up-to-date: /home/andy/backend_controller/turtlebot3_ws/install/turtlebot3_description/share/ament_index/resource_index/parent_prefix_path/turtlebot3_description
[2.184s] -- Up-to-date: /home/andy/backend_controller/turtlebot3_ws/install/turtlebot3_description/share/turtlebot3_description/environment/ament_prefix_path.sh
[2.184s] -- Up-to-date: /home/andy/backend_controller/turtlebot3_ws/install/turtlebot3_description/share/turtlebot3_description/environment/ament_prefix_path.dsv
[2.184s] -- Up-to-date: /home/andy/backend_controller/turtlebot3_ws/install/turtlebot3_description/share/turtlebot3_description/environment/path.sh
[2.185s] -- Up-to-date: /home/andy/backend_controller/turtlebot3_ws/install/turtlebot3_description/share/turtlebot3_description/environment/path.dsv
[2.185s] -- Up-to-date: /home/andy/backend_controller/turtlebot3_ws/install/turtlebot3_description/share/turtlebot3_description/local_setup.bash
[2.185s] -- Up-to-date: /home/andy/backend_controller/turtlebot3_ws/install/turtlebot3_description/share/turtlebot3_description/local_setup.sh
[2.185s] -- Up-to-date: /home/andy/backend_controller/turtlebot3_ws/install/turtlebot3_description/share/turtlebot3_description/local_setup.zsh
[2.185s] -- Up-to-date: /home/andy/backend_controller/turtlebot3_ws/install/turtlebot3_description/share/turtlebot3_description/local_setup.dsv
[2.185s] -- Installing: /home/andy/backend_controller/turtlebot3_ws/install/turtlebot3_description/share/turtlebot3_description/package.dsv
[2.185s] -- Up-to-date: /home/andy/backend_controller/turtlebot3_ws/install/turtlebot3_description/share/ament_index/resource_index/packages/turtlebot3_description
[2.185s] -- Up-to-date: /home/andy/backend_controller/turtlebot3_ws/install/turtlebot3_description/share/turtlebot3_description/cmake/turtlebot3_descriptionConfig.cmake
[2.185s] -- Up-to-date: /home/andy/backend_controller/turtlebot3_ws/install/turtlebot3_description/share/turtlebot3_description/cmake/turtlebot3_descriptionConfig-version.cmake
[2.185s] -- Up-to-date: /home/andy/backend_controller/turtlebot3_ws/install/turtlebot3_description/share/turtlebot3_description/package.xml
[2.503s] Invoked command in '/home/andy/backend_controller/turtlebot3_ws/build/turtlebot3_description' returned '0': CMAKE_PREFIX_PATH=${CMAKE_PREFIX_PATH}:/home/andy/backend_controller/turtlebot3_ws/install/turtlebot3_teleop:/home/andy/backend_controller/turtlebot3_ws/install/turtlebot3_example:/home/andy/backend_controller/turtlebot3_ws/install/robot_controller:/opt/ros/humble /usr/bin/cmake --install /home/andy/backend_controller/turtlebot3_ws/build/turtlebot3_description
