[1.093s] Invoking command in '/home/andy/ros2_ws/src/robot_controller': PYTHONPATH=/home/andy/ros2_ws/build/robot_controller/prefix_override:/home/andy/ros2_ws/install/robot_controller/lib/python3.10/site-packages:${PYTHONPATH} /usr/bin/python3 setup.py egg_info --egg-base ../../build/robot_controller build --build-base /home/andy/ros2_ws/build/robot_controller/build install --record /home/andy/ros2_ws/build/robot_controller/install.log --single-version-externally-managed
[1.395s] running egg_info
[1.396s] writing ../../build/robot_controller/robot_controller.egg-info/PKG-INFO
[1.397s] writing dependency_links to ../../build/robot_controller/robot_controller.egg-info/dependency_links.txt
[1.397s] writing entry points to ../../build/robot_controller/robot_controller.egg-info/entry_points.txt
[1.401s] writing requirements to ../../build/robot_controller/robot_controller.egg-info/requires.txt
[1.403s] writing top-level names to ../../build/robot_controller/robot_controller.egg-info/top_level.txt
[1.411s] reading manifest file '../../build/robot_controller/robot_controller.egg-info/SOURCES.txt'
[1.412s] writing manifest file '../../build/robot_controller/robot_controller.egg-info/SOURCES.txt'
[1.414s] running build
[1.414s] running build_py
[1.414s] running install
[1.418s] running install_lib
[1.418s] running install_data
[1.418s] running install_egg_info
[1.418s] removing '/home/andy/ros2_ws/install/robot_controller/lib/python3.10/site-packages/robot_controller-0.0.0-py3.10.egg-info' (and everything under it)
[1.418s] Copying ../../build/robot_controller/robot_controller.egg-info to /home/andy/ros2_ws/install/robot_controller/lib/python3.10/site-packages/robot_controller-0.0.0-py3.10.egg-info
[1.419s] running install_scripts
[1.437s] writing list of installed files to '/home/andy/ros2_ws/build/robot_controller/install.log'
[1.476s] Invoked command in '/home/andy/ros2_ws/src/robot_controller' returned '0': PYTHONPATH=/home/andy/ros2_ws/build/robot_controller/prefix_override:/home/andy/ros2_ws/install/robot_controller/lib/python3.10/site-packages:${PYTHONPATH} /usr/bin/python3 setup.py egg_info --egg-base ../../build/robot_controller build --build-base /home/andy/ros2_ws/build/robot_controller/build install --record /home/andy/ros2_ws/build/robot_controller/install.log --single-version-externally-managed
