[0.872s] Invoking command in '/home/andy/backend_controller/turtlebot3_ws/build/dynamixel_sdk': CMAKE_PREFIX_PATH=${CMAKE_PREFIX_PATH}:/home/andy/backend_controller/turtlebot3_ws/install/turtlebot3_teleop:/home/andy/backend_controller/turtlebot3_ws/install/turtlebot3_example:/opt/ros/humble /usr/bin/cmake --build /home/andy/backend_controller/turtlebot3_ws/build/dynamixel_sdk -- -j6 -l6
[0.999s] [35m[1mConsolidate compiler generated dependencies of target dynamixel_sdk[0m
[1.105s] [100%] Built target dynamixel_sdk
[1.141s] Invoked command in '/home/andy/backend_controller/turtlebot3_ws/build/dynamixel_sdk' returned '0': CMAKE_PREFIX_PATH=${CMAKE_PREFIX_PATH}:/home/andy/backend_controller/turtlebot3_ws/install/turtlebot3_teleop:/home/andy/backend_controller/turtlebot3_ws/install/turtlebot3_example:/opt/ros/humble /usr/bin/cmake --build /home/andy/backend_controller/turtlebot3_ws/build/dynamixel_sdk -- -j6 -l6
[1.683s] Invoking command in '/home/andy/backend_controller/turtlebot3_ws/build/dynamixel_sdk': CMAKE_PREFIX_PATH=${CMAKE_PREFIX_PATH}:/home/andy/backend_controller/turtlebot3_ws/install/turtlebot3_teleop:/home/andy/backend_controller/turtlebot3_ws/install/turtlebot3_example:/opt/ros/humble /usr/bin/cmake --install /home/andy/backend_controller/turtlebot3_ws/build/dynamixel_sdk
[1.711s] -- Install configuration: ""
[1.711s] -- Up-to-date: /home/andy/backend_controller/turtlebot3_ws/install/dynamixel_sdk/include/
[1.711s] -- Up-to-date: /home/andy/backend_controller/turtlebot3_ws/install/dynamixel_sdk/include//dynamixel_sdk
[1.711s] -- Up-to-date: /home/andy/backend_controller/turtlebot3_ws/install/dynamixel_sdk/include//dynamixel_sdk/packet_handler.h
[1.711s] -- Up-to-date: /home/andy/backend_controller/turtlebot3_ws/install/dynamixel_sdk/include//dynamixel_sdk/group_sync_write.h
[1.711s] -- Up-to-date: /home/andy/backend_controller/turtlebot3_ws/install/dynamixel_sdk/include//dynamixel_sdk/group_bulk_read.h
[1.711s] -- Up-to-date: /home/andy/backend_controller/turtlebot3_ws/install/dynamixel_sdk/include//dynamixel_sdk/port_handler.h
[1.711s] -- Up-to-date: /home/andy/backend_controller/turtlebot3_ws/install/dynamixel_sdk/include//dynamixel_sdk/port_handler_arduino.h
[1.712s] -- Up-to-date: /home/andy/backend_controller/turtlebot3_ws/install/dynamixel_sdk/include//dynamixel_sdk/dynamixel_sdk.h
[1.712s] -- Up-to-date: /home/andy/backend_controller/turtlebot3_ws/install/dynamixel_sdk/include//dynamixel_sdk/port_handler_linux.h
[1.712s] -- Up-to-date: /home/andy/backend_controller/turtlebot3_ws/install/dynamixel_sdk/include//dynamixel_sdk/group_bulk_write.h
[1.712s] -- Up-to-date: /home/andy/backend_controller/turtlebot3_ws/install/dynamixel_sdk/include//dynamixel_sdk/port_handler_windows.h
[1.712s] -- Up-to-date: /home/andy/backend_controller/turtlebot3_ws/install/dynamixel_sdk/include//dynamixel_sdk/protocol2_packet_handler.h
[1.712s] -- Up-to-date: /home/andy/backend_controller/turtlebot3_ws/install/dynamixel_sdk/include//dynamixel_sdk/protocol1_packet_handler.h
[1.712s] -- Up-to-date: /home/andy/backend_controller/turtlebot3_ws/install/dynamixel_sdk/include//dynamixel_sdk/port_handler_mac.h
[1.712s] -- Up-to-date: /home/andy/backend_controller/turtlebot3_ws/install/dynamixel_sdk/include//dynamixel_sdk/group_sync_read.h
[1.712s] -- Up-to-date: /home/andy/backend_controller/turtlebot3_ws/install/dynamixel_sdk/lib/libdynamixel_sdk.so
[1.712s] -- Up-to-date: /home/andy/backend_controller/turtlebot3_ws/install/dynamixel_sdk/share/dynamixel_sdk/environment/library_path.sh
[1.712s] -- Up-to-date: /home/andy/backend_controller/turtlebot3_ws/install/dynamixel_sdk/share/dynamixel_sdk/environment/library_path.dsv
[1.713s] -- Up-to-date: /home/andy/backend_controller/turtlebot3_ws/install/dynamixel_sdk/share/ament_index/resource_index/package_run_dependencies/dynamixel_sdk
[1.720s] -- Up-to-date: /home/andy/backend_controller/turtlebot3_ws/install/dynamixel_sdk/share/ament_index/resource_index/parent_prefix_path/dynamixel_sdk
[1.720s] -- Up-to-date: /home/andy/backend_controller/turtlebot3_ws/install/dynamixel_sdk/share/dynamixel_sdk/environment/ament_prefix_path.sh
[1.720s] -- Up-to-date: /home/andy/backend_controller/turtlebot3_ws/install/dynamixel_sdk/share/dynamixel_sdk/environment/ament_prefix_path.dsv
[1.721s] -- Up-to-date: /home/andy/backend_controller/turtlebot3_ws/install/dynamixel_sdk/share/dynamixel_sdk/environment/path.sh
[1.721s] -- Up-to-date: /home/andy/backend_controller/turtlebot3_ws/install/dynamixel_sdk/share/dynamixel_sdk/environment/path.dsv
[1.721s] -- Up-to-date: /home/andy/backend_controller/turtlebot3_ws/install/dynamixel_sdk/share/dynamixel_sdk/local_setup.bash
[1.721s] -- Up-to-date: /home/andy/backend_controller/turtlebot3_ws/install/dynamixel_sdk/share/dynamixel_sdk/local_setup.sh
[1.721s] -- Up-to-date: /home/andy/backend_controller/turtlebot3_ws/install/dynamixel_sdk/share/dynamixel_sdk/local_setup.zsh
[1.721s] -- Up-to-date: /home/andy/backend_controller/turtlebot3_ws/install/dynamixel_sdk/share/dynamixel_sdk/local_setup.dsv
[1.721s] -- Installing: /home/andy/backend_controller/turtlebot3_ws/install/dynamixel_sdk/share/dynamixel_sdk/package.dsv
[1.727s] -- Up-to-date: /home/andy/backend_controller/turtlebot3_ws/install/dynamixel_sdk/share/ament_index/resource_index/packages/dynamixel_sdk
[1.727s] -- Up-to-date: /home/andy/backend_controller/turtlebot3_ws/install/dynamixel_sdk/share/dynamixel_sdk/cmake/ament_cmake_export_include_directories-extras.cmake
[1.727s] -- Up-to-date: /home/andy/backend_controller/turtlebot3_ws/install/dynamixel_sdk/share/dynamixel_sdk/cmake/ament_cmake_export_libraries-extras.cmake
[1.728s] -- Up-to-date: /home/andy/backend_controller/turtlebot3_ws/install/dynamixel_sdk/share/dynamixel_sdk/cmake/dynamixel_sdkConfig.cmake
[1.728s] -- Up-to-date: /home/andy/backend_controller/turtlebot3_ws/install/dynamixel_sdk/share/dynamixel_sdk/cmake/dynamixel_sdkConfig-version.cmake
[1.728s] -- Up-to-date: /home/andy/backend_controller/turtlebot3_ws/install/dynamixel_sdk/share/dynamixel_sdk/package.xml
[1.745s] Invoked command in '/home/andy/backend_controller/turtlebot3_ws/build/dynamixel_sdk' returned '0': CMAKE_PREFIX_PATH=${CMAKE_PREFIX_PATH}:/home/andy/backend_controller/turtlebot3_ws/install/turtlebot3_teleop:/home/andy/backend_controller/turtlebot3_ws/install/turtlebot3_example:/opt/ros/humble /usr/bin/cmake --install /home/andy/backend_controller/turtlebot3_ws/build/dynamixel_sdk
