[0.887s] Invoking command in '/home/andy/backend_controller/turtlebot3_ws/build/turtlebot3_fake_node': AMENT_PREFIX_PATH=/home/andy/backend_controller/turtlebot3_ws/install/turtlebot3_msgs:${AMENT_PREFIX_PATH} CMAKE_PREFIX_PATH=/home/andy/backend_controller/turtlebot3_ws/install/turtlebot3_msgs:/home/andy/turtlebot3_ws/install/turtlebot3:/home/andy/turtlebot3_ws/install/turtlebot3_simulations:/home/andy/turtlebot3_ws/install/turtlebot3_bringup:/home/andy/turtlebot3_ws/install/turtlebot3_node:/home/andy/turtlebot3_ws/install/turtlebot3_navigation2:/home/andy/turtlebot3_ws/install/turtlebot3_fake_node:/home/andy/turtlebot3_ws/install/turtlebot3_msgs:/home/andy/turtlebot3_ws/install/turtlebot3_gazebo:/home/andy/turtlebot3_ws/install/turtlebot3_description:/home/andy/turtlebot3_ws/install/turtlebot3_cartographer:/home/andy/turtlebot3_ws/install/dynamixel_sdk_examples:/home/andy/turtlebot3_ws/install/dynamixel_sdk_custom_interfaces:/home/andy/turtlebot3_ws/install/dynamixel_sdk:/home/andy/turtlebot3_ws/install/turtlebot3_teleop:/home/andy/turtlebot3_ws/install/turtlebot3_example:/home/andy/turtlebot3_ws/install/robot_controller:/opt/ros/humble LD_LIBRARY_PATH=/home/andy/backend_controller/turtlebot3_ws/install/turtlebot3_msgs/lib:${LD_LIBRARY_PATH} PYTHONPATH=/home/andy/backend_controller/turtlebot3_ws/install/turtlebot3_msgs/local/lib/python3.10/dist-packages:${PYTHONPATH} /usr/bin/cmake /home/andy/backend_controller/turtlebot3_ws/src/turtlebot3_simulations/turtlebot3_fake_node -DCMAKE_INSTALL_PREFIX=/home/andy/backend_controller/turtlebot3_ws/install/turtlebot3_fake_node
[1.022s] -- The C compiler identification is GNU 11.4.0
[1.092s] -- The CXX compiler identification is GNU 11.4.0
[1.143s] -- Detecting C compiler ABI info
[1.395s] -- Detecting C compiler ABI info - done
[1.421s] -- Check for working C compiler: /usr/bin/cc - skipped
[1.421s] -- Detecting C compile features
[1.421s] -- Detecting C compile features - done
[1.431s] -- Detecting CXX compiler ABI info
[1.830s] -- Detecting CXX compiler ABI info - done
[1.848s] -- Check for working CXX compiler: /usr/bin/c++ - skipped
[1.848s] -- Detecting CXX compile features
[1.851s] -- Detecting CXX compile features - done
[1.871s] -- Found ament_cmake: 1.3.8 (/opt/ros/humble/share/ament_cmake/cmake)
[2.369s] -- Found Python3: /usr/bin/python3 (found version "3.10.12") found components: Interpreter 
[2.664s] -- Found geometry_msgs: 4.2.3 (/opt/ros/humble/share/geometry_msgs/cmake)
[2.725s] -- Found rosidl_generator_c: 3.1.5 (/opt/ros/humble/share/rosidl_generator_c/cmake)
[2.733s] -- Found rosidl_adapter: 3.1.5 (/opt/ros/humble/share/rosidl_adapter/cmake)
[2.745s] -- Found rosidl_generator_cpp: 3.1.5 (/opt/ros/humble/share/rosidl_generator_cpp/cmake)
[2.762s] -- Using all available rosidl_typesupport_c: rosidl_typesupport_fastrtps_c;rosidl_typesupport_introspection_c
[2.856s] -- Using all available rosidl_typesupport_cpp: rosidl_typesupport_fastrtps_cpp;rosidl_typesupport_introspection_cpp
[3.031s] -- Found nav_msgs: 4.2.3 (/opt/ros/humble/share/nav_msgs/cmake)
[3.118s] -- Found rclcpp: 16.0.8 (/opt/ros/humble/share/rclcpp/cmake)
[3.298s] -- Found rmw_implementation_cmake: 6.1.1 (/opt/ros/humble/share/rmw_implementation_cmake/cmake)
[3.305s] -- Found rmw_fastrtps_cpp: 6.2.6 (/opt/ros/humble/share/rmw_fastrtps_cpp/cmake)
[3.815s] -- Found OpenSSL: /usr/lib/x86_64-linux-gnu/libcrypto.so (found version "3.0.2")  
[3.926s] -- Found FastRTPS: /opt/ros/humble/include  
[4.066s] -- Using RMW implementation 'rmw_fastrtps_cpp' as default
[4.101s] -- Looking for pthread.h
[4.409s] -- Looking for pthread.h - found
[4.409s] -- Performing Test CMAKE_HAVE_LIBC_PTHREAD
[4.833s] -- Performing Test CMAKE_HAVE_LIBC_PTHREAD - Success
[4.834s] -- Found Threads: TRUE  
[4.973s] -- Found sensor_msgs: 4.2.3 (/opt/ros/humble/share/sensor_msgs/cmake)
[5.061s] -- Found tf2: 0.25.6 (/opt/ros/humble/share/tf2/cmake)
[5.101s] -- Found tf2_msgs: 0.25.6 (/opt/ros/humble/share/tf2_msgs/cmake)
[5.244s] -- Found turtlebot3_msgs: 2.2.3 (/home/andy/backend_controller/turtlebot3_ws/install/turtlebot3_msgs/share/turtlebot3_msgs/cmake)
[5.467s] -- Configuring done
[5.565s] -- Generating done
[5.565s] -- Build files have been written to: /home/andy/backend_controller/turtlebot3_ws/build/turtlebot3_fake_node
[5.602s] Invoked command in '/home/andy/backend_controller/turtlebot3_ws/build/turtlebot3_fake_node' returned '0': AMENT_PREFIX_PATH=/home/andy/backend_controller/turtlebot3_ws/install/turtlebot3_msgs:${AMENT_PREFIX_PATH} CMAKE_PREFIX_PATH=/home/andy/backend_controller/turtlebot3_ws/install/turtlebot3_msgs:/home/andy/turtlebot3_ws/install/turtlebot3:/home/andy/turtlebot3_ws/install/turtlebot3_simulations:/home/andy/turtlebot3_ws/install/turtlebot3_bringup:/home/andy/turtlebot3_ws/install/turtlebot3_node:/home/andy/turtlebot3_ws/install/turtlebot3_navigation2:/home/andy/turtlebot3_ws/install/turtlebot3_fake_node:/home/andy/turtlebot3_ws/install/turtlebot3_msgs:/home/andy/turtlebot3_ws/install/turtlebot3_gazebo:/home/andy/turtlebot3_ws/install/turtlebot3_description:/home/andy/turtlebot3_ws/install/turtlebot3_cartographer:/home/andy/turtlebot3_ws/install/dynamixel_sdk_examples:/home/andy/turtlebot3_ws/install/dynamixel_sdk_custom_interfaces:/home/andy/turtlebot3_ws/install/dynamixel_sdk:/home/andy/turtlebot3_ws/install/turtlebot3_teleop:/home/andy/turtlebot3_ws/install/turtlebot3_example:/home/andy/turtlebot3_ws/install/robot_controller:/opt/ros/humble LD_LIBRARY_PATH=/home/andy/backend_controller/turtlebot3_ws/install/turtlebot3_msgs/lib:${LD_LIBRARY_PATH} PYTHONPATH=/home/andy/backend_controller/turtlebot3_ws/install/turtlebot3_msgs/local/lib/python3.10/dist-packages:${PYTHONPATH} /usr/bin/cmake /home/andy/backend_controller/turtlebot3_ws/src/turtlebot3_simulations/turtlebot3_fake_node -DCMAKE_INSTALL_PREFIX=/home/andy/backend_controller/turtlebot3_ws/install/turtlebot3_fake_node
[5.602s] Invoking command in '/home/andy/backend_controller/turtlebot3_ws/build/turtlebot3_fake_node': AMENT_PREFIX_PATH=/home/andy/backend_controller/turtlebot3_ws/install/turtlebot3_msgs:${AMENT_PREFIX_PATH} CMAKE_PREFIX_PATH=/home/andy/backend_controller/turtlebot3_ws/install/turtlebot3_msgs:/home/andy/turtlebot3_ws/install/turtlebot3:/home/andy/turtlebot3_ws/install/turtlebot3_simulations:/home/andy/turtlebot3_ws/install/turtlebot3_bringup:/home/andy/turtlebot3_ws/install/turtlebot3_node:/home/andy/turtlebot3_ws/install/turtlebot3_navigation2:/home/andy/turtlebot3_ws/install/turtlebot3_fake_node:/home/andy/turtlebot3_ws/install/turtlebot3_msgs:/home/andy/turtlebot3_ws/install/turtlebot3_gazebo:/home/andy/turtlebot3_ws/install/turtlebot3_description:/home/andy/turtlebot3_ws/install/turtlebot3_cartographer:/home/andy/turtlebot3_ws/install/dynamixel_sdk_examples:/home/andy/turtlebot3_ws/install/dynamixel_sdk_custom_interfaces:/home/andy/turtlebot3_ws/install/dynamixel_sdk:/home/andy/turtlebot3_ws/install/turtlebot3_teleop:/home/andy/turtlebot3_ws/install/turtlebot3_example:/home/andy/turtlebot3_ws/install/robot_controller:/opt/ros/humble LD_LIBRARY_PATH=/home/andy/backend_controller/turtlebot3_ws/install/turtlebot3_msgs/lib:${LD_LIBRARY_PATH} PYTHONPATH=/home/andy/backend_controller/turtlebot3_ws/install/turtlebot3_msgs/local/lib/python3.10/dist-packages:${PYTHONPATH} /usr/bin/cmake --build /home/andy/backend_controller/turtlebot3_ws/build/turtlebot3_fake_node -- -j6 -l6
[5.797s] [ 50%] [32mBuilding CXX object CMakeFiles/turtlebot3_fake_node.dir/src/turtlebot3_fake_node.cpp.o[0m
[18.589s] [100%] [32m[1mLinking CXX executable turtlebot3_fake_node[0m
[19.203s] [100%] Built target turtlebot3_fake_node
[19.222s] Invoked command in '/home/andy/backend_controller/turtlebot3_ws/build/turtlebot3_fake_node' returned '0': AMENT_PREFIX_PATH=/home/andy/backend_controller/turtlebot3_ws/install/turtlebot3_msgs:${AMENT_PREFIX_PATH} CMAKE_PREFIX_PATH=/home/andy/backend_controller/turtlebot3_ws/install/turtlebot3_msgs:/home/andy/turtlebot3_ws/install/turtlebot3:/home/andy/turtlebot3_ws/install/turtlebot3_simulations:/home/andy/turtlebot3_ws/install/turtlebot3_bringup:/home/andy/turtlebot3_ws/install/turtlebot3_node:/home/andy/turtlebot3_ws/install/turtlebot3_navigation2:/home/andy/turtlebot3_ws/install/turtlebot3_fake_node:/home/andy/turtlebot3_ws/install/turtlebot3_msgs:/home/andy/turtlebot3_ws/install/turtlebot3_gazebo:/home/andy/turtlebot3_ws/install/turtlebot3_description:/home/andy/turtlebot3_ws/install/turtlebot3_cartographer:/home/andy/turtlebot3_ws/install/dynamixel_sdk_examples:/home/andy/turtlebot3_ws/install/dynamixel_sdk_custom_interfaces:/home/andy/turtlebot3_ws/install/dynamixel_sdk:/home/andy/turtlebot3_ws/install/turtlebot3_teleop:/home/andy/turtlebot3_ws/install/turtlebot3_example:/home/andy/turtlebot3_ws/install/robot_controller:/opt/ros/humble LD_LIBRARY_PATH=/home/andy/backend_controller/turtlebot3_ws/install/turtlebot3_msgs/lib:${LD_LIBRARY_PATH} PYTHONPATH=/home/andy/backend_controller/turtlebot3_ws/install/turtlebot3_msgs/local/lib/python3.10/dist-packages:${PYTHONPATH} /usr/bin/cmake --build /home/andy/backend_controller/turtlebot3_ws/build/turtlebot3_fake_node -- -j6 -l6
[19.284s] Invoking command in '/home/andy/backend_controller/turtlebot3_ws/build/turtlebot3_fake_node': AMENT_PREFIX_PATH=/home/andy/backend_controller/turtlebot3_ws/install/turtlebot3_msgs:${AMENT_PREFIX_PATH} CMAKE_PREFIX_PATH=/home/andy/backend_controller/turtlebot3_ws/install/turtlebot3_msgs:/home/andy/turtlebot3_ws/install/turtlebot3:/home/andy/turtlebot3_ws/install/turtlebot3_simulations:/home/andy/turtlebot3_ws/install/turtlebot3_bringup:/home/andy/turtlebot3_ws/install/turtlebot3_node:/home/andy/turtlebot3_ws/install/turtlebot3_navigation2:/home/andy/turtlebot3_ws/install/turtlebot3_fake_node:/home/andy/turtlebot3_ws/install/turtlebot3_msgs:/home/andy/turtlebot3_ws/install/turtlebot3_gazebo:/home/andy/turtlebot3_ws/install/turtlebot3_description:/home/andy/turtlebot3_ws/install/turtlebot3_cartographer:/home/andy/turtlebot3_ws/install/dynamixel_sdk_examples:/home/andy/turtlebot3_ws/install/dynamixel_sdk_custom_interfaces:/home/andy/turtlebot3_ws/install/dynamixel_sdk:/home/andy/turtlebot3_ws/install/turtlebot3_teleop:/home/andy/turtlebot3_ws/install/turtlebot3_example:/home/andy/turtlebot3_ws/install/robot_controller:/opt/ros/humble LD_LIBRARY_PATH=/home/andy/backend_controller/turtlebot3_ws/install/turtlebot3_msgs/lib:${LD_LIBRARY_PATH} PYTHONPATH=/home/andy/backend_controller/turtlebot3_ws/install/turtlebot3_msgs/local/lib/python3.10/dist-packages:${PYTHONPATH} /usr/bin/cmake --install /home/andy/backend_controller/turtlebot3_ws/build/turtlebot3_fake_node
[19.309s] -- Install configuration: ""
[19.309s] -- Installing: /home/andy/backend_controller/turtlebot3_ws/install/turtlebot3_fake_node/lib/turtlebot3_fake_node/turtlebot3_fake_node
[19.371s] -- Set runtime path of "/home/andy/backend_controller/turtlebot3_ws/install/turtlebot3_fake_node/lib/turtlebot3_fake_node/turtlebot3_fake_node" to ""
[19.371s] -- Installing: /home/andy/backend_controller/turtlebot3_ws/install/turtlebot3_fake_node/share/turtlebot3_fake_node/launch
[19.372s] -- Installing: /home/andy/backend_controller/turtlebot3_ws/install/turtlebot3_fake_node/share/turtlebot3_fake_node/launch/turtlebot3_fake_node.launch.py
[19.374s] -- Installing: /home/andy/backend_controller/turtlebot3_ws/install/turtlebot3_fake_node/share/turtlebot3_fake_node/launch/rviz2.launch.py
[19.375s] -- Installing: /home/andy/backend_controller/turtlebot3_ws/install/turtlebot3_fake_node/share/turtlebot3_fake_node/param
[19.376s] -- Installing: /home/andy/backend_controller/turtlebot3_ws/install/turtlebot3_fake_node/share/turtlebot3_fake_node/param/burger.yaml
[19.377s] -- Installing: /home/andy/backend_controller/turtlebot3_ws/install/turtlebot3_fake_node/share/turtlebot3_fake_node/param/waffle_pi.yaml
[19.379s] -- Installing: /home/andy/backend_controller/turtlebot3_ws/install/turtlebot3_fake_node/share/turtlebot3_fake_node/param/waffle.yaml
[19.380s] -- Installing: /home/andy/backend_controller/turtlebot3_ws/install/turtlebot3_fake_node/include/
[19.380s] -- Installing: /home/andy/backend_controller/turtlebot3_ws/install/turtlebot3_fake_node/include//turtlebot3_fake_node
[19.381s] -- Installing: /home/andy/backend_controller/turtlebot3_ws/install/turtlebot3_fake_node/include//turtlebot3_fake_node/turtlebot3_fake_node.hpp
[19.383s] -- Installing: /home/andy/backend_controller/turtlebot3_ws/install/turtlebot3_fake_node/share/ament_index/resource_index/package_run_dependencies/turtlebot3_fake_node
[19.385s] -- Installing: /home/andy/backend_controller/turtlebot3_ws/install/turtlebot3_fake_node/share/ament_index/resource_index/parent_prefix_path/turtlebot3_fake_node
[19.387s] -- Installing: /home/andy/backend_controller/turtlebot3_ws/install/turtlebot3_fake_node/share/turtlebot3_fake_node/environment/ament_prefix_path.sh
[19.388s] -- Installing: /home/andy/backend_controller/turtlebot3_ws/install/turtlebot3_fake_node/share/turtlebot3_fake_node/environment/ament_prefix_path.dsv
[19.390s] -- Installing: /home/andy/backend_controller/turtlebot3_ws/install/turtlebot3_fake_node/share/turtlebot3_fake_node/environment/path.sh
[19.391s] -- Installing: /home/andy/backend_controller/turtlebot3_ws/install/turtlebot3_fake_node/share/turtlebot3_fake_node/environment/path.dsv
[19.392s] -- Installing: /home/andy/backend_controller/turtlebot3_ws/install/turtlebot3_fake_node/share/turtlebot3_fake_node/local_setup.bash
[19.394s] -- Installing: /home/andy/backend_controller/turtlebot3_ws/install/turtlebot3_fake_node/share/turtlebot3_fake_node/local_setup.sh
[19.395s] -- Installing: /home/andy/backend_controller/turtlebot3_ws/install/turtlebot3_fake_node/share/turtlebot3_fake_node/local_setup.zsh
[19.396s] -- Installing: /home/andy/backend_controller/turtlebot3_ws/install/turtlebot3_fake_node/share/turtlebot3_fake_node/local_setup.dsv
[19.398s] -- Installing: /home/andy/backend_controller/turtlebot3_ws/install/turtlebot3_fake_node/share/turtlebot3_fake_node/package.dsv
[19.399s] -- Installing: /home/andy/backend_controller/turtlebot3_ws/install/turtlebot3_fake_node/share/ament_index/resource_index/packages/turtlebot3_fake_node
[19.401s] -- Installing: /home/andy/backend_controller/turtlebot3_ws/install/turtlebot3_fake_node/share/turtlebot3_fake_node/cmake/ament_cmake_export_include_directories-extras.cmake
[19.402s] -- Installing: /home/andy/backend_controller/turtlebot3_ws/install/turtlebot3_fake_node/share/turtlebot3_fake_node/cmake/ament_cmake_export_dependencies-extras.cmake
[19.404s] -- Installing: /home/andy/backend_controller/turtlebot3_ws/install/turtlebot3_fake_node/share/turtlebot3_fake_node/cmake/turtlebot3_fake_nodeConfig.cmake
[19.405s] -- Installing: /home/andy/backend_controller/turtlebot3_ws/install/turtlebot3_fake_node/share/turtlebot3_fake_node/cmake/turtlebot3_fake_nodeConfig-version.cmake
[19.407s] -- Installing: /home/andy/backend_controller/turtlebot3_ws/install/turtlebot3_fake_node/share/turtlebot3_fake_node/package.xml
[19.412s] Invoked command in '/home/andy/backend_controller/turtlebot3_ws/build/turtlebot3_fake_node' returned '0': AMENT_PREFIX_PATH=/home/andy/backend_controller/turtlebot3_ws/install/turtlebot3_msgs:${AMENT_PREFIX_PATH} CMAKE_PREFIX_PATH=/home/andy/backend_controller/turtlebot3_ws/install/turtlebot3_msgs:/home/andy/turtlebot3_ws/install/turtlebot3:/home/andy/turtlebot3_ws/install/turtlebot3_simulations:/home/andy/turtlebot3_ws/install/turtlebot3_bringup:/home/andy/turtlebot3_ws/install/turtlebot3_node:/home/andy/turtlebot3_ws/install/turtlebot3_navigation2:/home/andy/turtlebot3_ws/install/turtlebot3_fake_node:/home/andy/turtlebot3_ws/install/turtlebot3_msgs:/home/andy/turtlebot3_ws/install/turtlebot3_gazebo:/home/andy/turtlebot3_ws/install/turtlebot3_description:/home/andy/turtlebot3_ws/install/turtlebot3_cartographer:/home/andy/turtlebot3_ws/install/dynamixel_sdk_examples:/home/andy/turtlebot3_ws/install/dynamixel_sdk_custom_interfaces:/home/andy/turtlebot3_ws/install/dynamixel_sdk:/home/andy/turtlebot3_ws/install/turtlebot3_teleop:/home/andy/turtlebot3_ws/install/turtlebot3_example:/home/andy/turtlebot3_ws/install/robot_controller:/opt/ros/humble LD_LIBRARY_PATH=/home/andy/backend_controller/turtlebot3_ws/install/turtlebot3_msgs/lib:${LD_LIBRARY_PATH} PYTHONPATH=/home/andy/backend_controller/turtlebot3_ws/install/turtlebot3_msgs/local/lib/python3.10/dist-packages:${PYTHONPATH} /usr/bin/cmake --install /home/andy/backend_controller/turtlebot3_ws/build/turtlebot3_fake_node
