[1.364s] Invoking command in '/home/andy/backend_controller/turtlebot3_ws/src/turtlebot3/turtlebot3_example': CMAKE_PREFIX_PATH=/home/andy/backend_controller/turtlebot3_ws/install/turtlebot3_msgs:/home/andy/backend_controller/turtlebot3_ws/install/turtlebot3:/home/andy/backend_controller/turtlebot3_ws/install/turtlebot3_simulations:/home/andy/backend_controller/turtlebot3_ws/install/turtlebot3_bringup:/home/andy/backend_controller/turtlebot3_ws/install/turtlebot3_node:/home/andy/backend_controller/turtlebot3_ws/install/turtlebot3_navigation2:/home/andy/backend_controller/turtlebot3_ws/install/turtlebot3_fake_node:/home/andy/backend_controller/turtlebot3_ws/install/turtlebot3_gazebo:/home/andy/backend_controller/turtlebot3_ws/install/turtlebot3_description:/home/andy/backend_controller/turtlebot3_ws/install/turtlebot3_cartographer:/home/andy/backend_controller/turtlebot3_ws/install/dynamixel_sdk_examples:/home/andy/backend_controller/turtlebot3_ws/install/dynamixel_sdk_custom_interfaces:/home/andy/backend_controller/turtlebot3_ws/install/dynamixel_sdk PYTHONPATH=/home/andy/backend_controller/turtlebot3_ws/build/turtlebot3_example/prefix_override:/home/andy/backend_controller/turtlebot3_ws/install/turtlebot3_example/lib/python3.10/site-packages:${PYTHONPATH} /usr/bin/python3 setup.py egg_info --egg-base ../../../build/turtlebot3_example build --build-base /home/andy/backend_controller/turtlebot3_ws/build/turtlebot3_example/build install --record /home/andy/backend_controller/turtlebot3_ws/build/turtlebot3_example/install.log --single-version-externally-managed
[1.611s] running egg_info
[1.613s] writing ../../../build/turtlebot3_example/turtlebot3_example.egg-info/PKG-INFO
[1.613s] writing dependency_links to ../../../build/turtlebot3_example/turtlebot3_example.egg-info/dependency_links.txt
[1.614s] writing entry points to ../../../build/turtlebot3_example/turtlebot3_example.egg-info/entry_points.txt
[1.614s] writing requirements to ../../../build/turtlebot3_example/turtlebot3_example.egg-info/requires.txt
[1.615s] writing top-level names to ../../../build/turtlebot3_example/turtlebot3_example.egg-info/top_level.txt
[1.615s] reading manifest file '../../../build/turtlebot3_example/turtlebot3_example.egg-info/SOURCES.txt'
[1.615s] writing manifest file '../../../build/turtlebot3_example/turtlebot3_example.egg-info/SOURCES.txt'
[1.615s] running build
[1.617s] running build_py
[1.617s] running install
[1.617s] running install_lib
[1.618s] running install_data
[1.618s] /usr/lib/python3/dist-packages/setuptools/command/install.py:34: SetuptoolsDeprecationWarning: setup.py install is deprecated. Use build and pip and other standards-based tools.
[1.618s]   warnings.warn(
[1.618s] running install_egg_info
[1.643s] removing '/home/andy/backend_controller/turtlebot3_ws/install/turtlebot3_example/lib/python3.10/site-packages/turtlebot3_example-2.1.5-py3.10.egg-info' (and everything under it)
[1.644s] Copying ../../../build/turtlebot3_example/turtlebot3_example.egg-info to /home/andy/backend_controller/turtlebot3_ws/install/turtlebot3_example/lib/python3.10/site-packages/turtlebot3_example-2.1.5-py3.10.egg-info
[1.644s] running install_scripts
[1.699s] Installing turtlebot3_obstacle_detection script to /home/andy/backend_controller/turtlebot3_ws/install/turtlebot3_example/lib/turtlebot3_example
[1.704s] Installing turtlebot3_patrol_client script to /home/andy/backend_controller/turtlebot3_ws/install/turtlebot3_example/lib/turtlebot3_example
[1.704s] Installing turtlebot3_patrol_server script to /home/andy/backend_controller/turtlebot3_ws/install/turtlebot3_example/lib/turtlebot3_example
[1.704s] Installing turtlebot3_position_control script to /home/andy/backend_controller/turtlebot3_ws/install/turtlebot3_example/lib/turtlebot3_example
[1.704s] writing list of installed files to '/home/andy/backend_controller/turtlebot3_ws/build/turtlebot3_example/install.log'
[1.807s] Invoked command in '/home/andy/backend_controller/turtlebot3_ws/src/turtlebot3/turtlebot3_example' returned '0': CMAKE_PREFIX_PATH=/home/andy/backend_controller/turtlebot3_ws/install/turtlebot3_msgs:/home/andy/backend_controller/turtlebot3_ws/install/turtlebot3:/home/andy/backend_controller/turtlebot3_ws/install/turtlebot3_simulations:/home/andy/backend_controller/turtlebot3_ws/install/turtlebot3_bringup:/home/andy/backend_controller/turtlebot3_ws/install/turtlebot3_node:/home/andy/backend_controller/turtlebot3_ws/install/turtlebot3_navigation2:/home/andy/backend_controller/turtlebot3_ws/install/turtlebot3_fake_node:/home/andy/backend_controller/turtlebot3_ws/install/turtlebot3_gazebo:/home/andy/backend_controller/turtlebot3_ws/install/turtlebot3_description:/home/andy/backend_controller/turtlebot3_ws/install/turtlebot3_cartographer:/home/andy/backend_controller/turtlebot3_ws/install/dynamixel_sdk_examples:/home/andy/backend_controller/turtlebot3_ws/install/dynamixel_sdk_custom_interfaces:/home/andy/backend_controller/turtlebot3_ws/install/dynamixel_sdk PYTHONPATH=/home/andy/backend_controller/turtlebot3_ws/build/turtlebot3_example/prefix_override:/home/andy/backend_controller/turtlebot3_ws/install/turtlebot3_example/lib/python3.10/site-packages:${PYTHONPATH} /usr/bin/python3 setup.py egg_info --egg-base ../../../build/turtlebot3_example build --build-base /home/andy/backend_controller/turtlebot3_ws/build/turtlebot3_example/build install --record /home/andy/backend_controller/turtlebot3_ws/build/turtlebot3_example/install.log --single-version-externally-managed
