[1.957s] Invoking command in '/home/andy/backend_controller/turtlebot3_ws/src/turtlebot3/turtlebot3_example': CMAKE_PREFIX_PATH=/home/andy/backend_controller/turtlebot3_ws/install/turtlebot3_msgs:/home/andy/backend_controller/turtlebot3_ws/install/turtlebot3:/home/andy/backend_controller/turtlebot3_ws/install/turtlebot3_simulations:/home/andy/backend_controller/turtlebot3_ws/install/turtlebot3_bringup:/home/andy/backend_controller/turtlebot3_ws/install/turtlebot3_node:/home/andy/backend_controller/turtlebot3_ws/install/turtlebot3_navigation2:/home/andy/backend_controller/turtlebot3_ws/install/turtlebot3_fake_node:/home/andy/backend_controller/turtlebot3_ws/install/turtlebot3_gazebo:/home/andy/backend_controller/turtlebot3_ws/install/turtlebot3_description:/home/andy/backend_controller/turtlebot3_ws/install/turtlebot3_cartographer:/home/andy/backend_controller/turtlebot3_ws/install/dynamixel_sdk_examples:/home/andy/backend_controller/turtlebot3_ws/install/dynamixel_sdk_custom_interfaces:/home/andy/backend_controller/turtlebot3_ws/install/dynamixel_sdk PYTHONPATH=/home/andy/backend_controller/turtlebot3_ws/build/turtlebot3_example/prefix_override:/home/andy/backend_controller/turtlebot3_ws/install/turtlebot3_example/lib/python3.10/site-packages:${PYTHONPATH} /usr/bin/python3 setup.py egg_info --egg-base ../../../build/turtlebot3_example build --build-base /home/andy/backend_controller/turtlebot3_ws/build/turtlebot3_example/build install --record /home/andy/backend_controller/turtlebot3_ws/build/turtlebot3_example/install.log --single-version-externally-managed
[2.324s] running egg_info
[2.324s] writing ../../../build/turtlebot3_example/turtlebot3_example.egg-info/PKG-INFO
[2.325s] writing dependency_links to ../../../build/turtlebot3_example/turtlebot3_example.egg-info/dependency_links.txt
[2.353s] /usr/lib/python3/dist-packages/setuptools/command/install.py:34: SetuptoolsDeprecationWarning: setup.py install is deprecated. Use build and pip and other standards-based tools.
[2.353s]   warnings.warn(
[2.353s] writing entry points to ../../../build/turtlebot3_example/turtlebot3_example.egg-info/entry_points.txt
[2.353s] writing requirements to ../../../build/turtlebot3_example/turtlebot3_example.egg-info/requires.txt
[2.353s] writing top-level names to ../../../build/turtlebot3_example/turtlebot3_example.egg-info/top_level.txt
[2.353s] reading manifest file '../../../build/turtlebot3_example/turtlebot3_example.egg-info/SOURCES.txt'
[2.353s] writing manifest file '../../../build/turtlebot3_example/turtlebot3_example.egg-info/SOURCES.txt'
[2.353s] running build
[2.355s] running build_py
[2.355s] running install
[2.355s] running install_lib
[2.365s] running install_data
[2.365s] running install_egg_info
[2.369s] removing '/home/andy/backend_controller/turtlebot3_ws/install/turtlebot3_example/lib/python3.10/site-packages/turtlebot3_example-2.1.5-py3.10.egg-info' (and everything under it)
[2.370s] Copying ../../../build/turtlebot3_example/turtlebot3_example.egg-info to /home/andy/backend_controller/turtlebot3_ws/install/turtlebot3_example/lib/python3.10/site-packages/turtlebot3_example-2.1.5-py3.10.egg-info
[2.370s] running install_scripts
[2.400s] Installing turtlebot3_obstacle_detection script to /home/andy/backend_controller/turtlebot3_ws/install/turtlebot3_example/lib/turtlebot3_example
[2.412s] Installing turtlebot3_patrol_client script to /home/andy/backend_controller/turtlebot3_ws/install/turtlebot3_example/lib/turtlebot3_example
[2.412s] Installing turtlebot3_patrol_server script to /home/andy/backend_controller/turtlebot3_ws/install/turtlebot3_example/lib/turtlebot3_example
[2.415s] Installing turtlebot3_position_control script to /home/andy/backend_controller/turtlebot3_ws/install/turtlebot3_example/lib/turtlebot3_example
[2.420s] writing list of installed files to '/home/andy/backend_controller/turtlebot3_ws/build/turtlebot3_example/install.log'
[2.614s] Invoked command in '/home/andy/backend_controller/turtlebot3_ws/src/turtlebot3/turtlebot3_example' returned '0': CMAKE_PREFIX_PATH=/home/andy/backend_controller/turtlebot3_ws/install/turtlebot3_msgs:/home/andy/backend_controller/turtlebot3_ws/install/turtlebot3:/home/andy/backend_controller/turtlebot3_ws/install/turtlebot3_simulations:/home/andy/backend_controller/turtlebot3_ws/install/turtlebot3_bringup:/home/andy/backend_controller/turtlebot3_ws/install/turtlebot3_node:/home/andy/backend_controller/turtlebot3_ws/install/turtlebot3_navigation2:/home/andy/backend_controller/turtlebot3_ws/install/turtlebot3_fake_node:/home/andy/backend_controller/turtlebot3_ws/install/turtlebot3_gazebo:/home/andy/backend_controller/turtlebot3_ws/install/turtlebot3_description:/home/andy/backend_controller/turtlebot3_ws/install/turtlebot3_cartographer:/home/andy/backend_controller/turtlebot3_ws/install/dynamixel_sdk_examples:/home/andy/backend_controller/turtlebot3_ws/install/dynamixel_sdk_custom_interfaces:/home/andy/backend_controller/turtlebot3_ws/install/dynamixel_sdk PYTHONPATH=/home/andy/backend_controller/turtlebot3_ws/build/turtlebot3_example/prefix_override:/home/andy/backend_controller/turtlebot3_ws/install/turtlebot3_example/lib/python3.10/site-packages:${PYTHONPATH} /usr/bin/python3 setup.py egg_info --egg-base ../../../build/turtlebot3_example build --build-base /home/andy/backend_controller/turtlebot3_ws/build/turtlebot3_example/build install --record /home/andy/backend_controller/turtlebot3_ws/build/turtlebot3_example/install.log --single-version-externally-managed
