[0.860s] Invoking command in '/home/andy/backend_controller/turtlebot3_ws/build/dynamixel_sdk': CMAKE_PREFIX_PATH=${CMAKE_PREFIX_PATH}:/home/andy/turtlebot3_ws/install/turtlebot3_teleop:/home/andy/turtlebot3_ws/install/turtlebot3_example:/home/andy/turtlebot3_ws/install/robot_controller:/opt/ros/humble /usr/bin/cmake /home/andy/backend_controller/turtlebot3_ws/src/DynamixelSDK/dynamixel_sdk -DCMAKE_INSTALL_PREFIX=/home/andy/backend_controller/turtlebot3_ws/install/dynamixel_sdk
[1.081s] -- The C compiler identification is GNU 11.4.0
[1.255s] -- The CXX compiler identification is GNU 11.4.0
[1.265s] -- Detecting C compiler ABI info
[1.694s] -- Detecting C compiler ABI info - done
[1.731s] -- Check for working C compiler: /usr/bin/cc - skipped
[1.753s] -- Detecting C compile features
[1.760s] -- Detecting C compile features - done
[1.763s] -- Detecting CXX compiler ABI info
[2.058s] -- Detecting CXX compiler ABI info - done
[2.067s] -- Check for working CXX compiler: /usr/bin/c++ - skipped
[2.068s] -- Detecting CXX compile features
[2.070s] -- Detecting CXX compile features - done
[2.080s] -- Found ament_cmake: 1.3.8 (/opt/ros/humble/share/ament_cmake/cmake)
[2.356s] -- Found Python3: /usr/bin/python3 (found version "3.10.12") found components: Interpreter 
[2.770s] -- Configuring done
[2.777s] -- Generating done
[2.785s] -- Build files have been written to: /home/andy/backend_controller/turtlebot3_ws/build/dynamixel_sdk
[2.795s] Invoked command in '/home/andy/backend_controller/turtlebot3_ws/build/dynamixel_sdk' returned '0': CMAKE_PREFIX_PATH=${CMAKE_PREFIX_PATH}:/home/andy/turtlebot3_ws/install/turtlebot3_teleop:/home/andy/turtlebot3_ws/install/turtlebot3_example:/home/andy/turtlebot3_ws/install/robot_controller:/opt/ros/humble /usr/bin/cmake /home/andy/backend_controller/turtlebot3_ws/src/DynamixelSDK/dynamixel_sdk -DCMAKE_INSTALL_PREFIX=/home/andy/backend_controller/turtlebot3_ws/install/dynamixel_sdk
[2.796s] Invoking command in '/home/andy/backend_controller/turtlebot3_ws/build/dynamixel_sdk': CMAKE_PREFIX_PATH=${CMAKE_PREFIX_PATH}:/home/andy/turtlebot3_ws/install/turtlebot3_teleop:/home/andy/turtlebot3_ws/install/turtlebot3_example:/home/andy/turtlebot3_ws/install/robot_controller:/opt/ros/humble /usr/bin/cmake --build /home/andy/backend_controller/turtlebot3_ws/build/dynamixel_sdk -- -j6 -l6
[2.902s] [ 10%] [32mBuilding CXX object CMakeFiles/dynamixel_sdk.dir/src/dynamixel_sdk/packet_handler.cpp.o[0m
[3.054s] [ 20%] [32mBuilding CXX object CMakeFiles/dynamixel_sdk.dir/src/dynamixel_sdk/group_bulk_read.cpp.o[0m
[3.856s] [ 30%] [32mBuilding CXX object CMakeFiles/dynamixel_sdk.dir/src/dynamixel_sdk/group_bulk_write.cpp.o[0m
[4.642s] [ 40%] [32mBuilding CXX object CMakeFiles/dynamixel_sdk.dir/src/dynamixel_sdk/port_handler.cpp.o[0m
[4.690s] [ 50%] [32mBuilding CXX object CMakeFiles/dynamixel_sdk.dir/src/dynamixel_sdk/port_handler_linux.cpp.o[0m
[4.800s] [ 60%] [32mBuilding CXX object CMakeFiles/dynamixel_sdk.dir/src/dynamixel_sdk/group_sync_write.cpp.o[0m
[5.303s] [ 70%] [32mBuilding CXX object CMakeFiles/dynamixel_sdk.dir/src/dynamixel_sdk/group_sync_read.cpp.o[0m
[5.958s] [ 80%] [32mBuilding CXX object CMakeFiles/dynamixel_sdk.dir/src/dynamixel_sdk/protocol2_packet_handler.cpp.o[0m
[6.391s] [ 90%] [32mBuilding CXX object CMakeFiles/dynamixel_sdk.dir/src/dynamixel_sdk/protocol1_packet_handler.cpp.o[0m
[6.642s] [100%] [32m[1mLinking CXX shared library libdynamixel_sdk.so[0m
[6.741s] [100%] Built target dynamixel_sdk
[6.758s] Invoked command in '/home/andy/backend_controller/turtlebot3_ws/build/dynamixel_sdk' returned '0': CMAKE_PREFIX_PATH=${CMAKE_PREFIX_PATH}:/home/andy/turtlebot3_ws/install/turtlebot3_teleop:/home/andy/turtlebot3_ws/install/turtlebot3_example:/home/andy/turtlebot3_ws/install/robot_controller:/opt/ros/humble /usr/bin/cmake --build /home/andy/backend_controller/turtlebot3_ws/build/dynamixel_sdk -- -j6 -l6
[7.052s] Invoking command in '/home/andy/backend_controller/turtlebot3_ws/build/dynamixel_sdk': CMAKE_PREFIX_PATH=${CMAKE_PREFIX_PATH}:/home/andy/turtlebot3_ws/install/turtlebot3_teleop:/home/andy/turtlebot3_ws/install/turtlebot3_example:/home/andy/turtlebot3_ws/install/robot_controller:/opt/ros/humble /usr/bin/cmake --install /home/andy/backend_controller/turtlebot3_ws/build/dynamixel_sdk
[7.064s] -- Install configuration: ""
[7.064s] -- Installing: /home/andy/backend_controller/turtlebot3_ws/install/dynamixel_sdk/include/
[7.065s] -- Installing: /home/andy/backend_controller/turtlebot3_ws/install/dynamixel_sdk/include//dynamixel_sdk
[7.066s] -- Installing: /home/andy/backend_controller/turtlebot3_ws/install/dynamixel_sdk/include//dynamixel_sdk/packet_handler.h
[7.067s] -- Installing: /home/andy/backend_controller/turtlebot3_ws/install/dynamixel_sdk/include//dynamixel_sdk/group_sync_write.h
[7.067s] -- Installing: /home/andy/backend_controller/turtlebot3_ws/install/dynamixel_sdk/include//dynamixel_sdk/group_bulk_read.h
[7.068s] -- Installing: /home/andy/backend_controller/turtlebot3_ws/install/dynamixel_sdk/include//dynamixel_sdk/port_handler.h
[7.068s] -- Installing: /home/andy/backend_controller/turtlebot3_ws/install/dynamixel_sdk/include//dynamixel_sdk/port_handler_arduino.h
[7.069s] -- Installing: /home/andy/backend_controller/turtlebot3_ws/install/dynamixel_sdk/include//dynamixel_sdk/dynamixel_sdk.h
[7.069s] -- Installing: /home/andy/backend_controller/turtlebot3_ws/install/dynamixel_sdk/include//dynamixel_sdk/port_handler_linux.h
[7.069s] -- Installing: /home/andy/backend_controller/turtlebot3_ws/install/dynamixel_sdk/include//dynamixel_sdk/group_bulk_write.h
[7.069s] -- Installing: /home/andy/backend_controller/turtlebot3_ws/install/dynamixel_sdk/include//dynamixel_sdk/port_handler_windows.h
[7.070s] -- Installing: /home/andy/backend_controller/turtlebot3_ws/install/dynamixel_sdk/include//dynamixel_sdk/protocol2_packet_handler.h
[7.070s] -- Installing: /home/andy/backend_controller/turtlebot3_ws/install/dynamixel_sdk/include//dynamixel_sdk/protocol1_packet_handler.h
[7.071s] -- Installing: /home/andy/backend_controller/turtlebot3_ws/install/dynamixel_sdk/include//dynamixel_sdk/port_handler_mac.h
[7.071s] -- Installing: /home/andy/backend_controller/turtlebot3_ws/install/dynamixel_sdk/include//dynamixel_sdk/group_sync_read.h
[7.072s] -- Installing: /home/andy/backend_controller/turtlebot3_ws/install/dynamixel_sdk/lib/libdynamixel_sdk.so
[7.073s] -- Installing: /home/andy/backend_controller/turtlebot3_ws/install/dynamixel_sdk/share/dynamixel_sdk/environment/library_path.sh
[7.076s] -- Installing: /home/andy/backend_controller/turtlebot3_ws/install/dynamixel_sdk/share/dynamixel_sdk/environment/library_path.dsv
[7.077s] -- Installing: /home/andy/backend_controller/turtlebot3_ws/install/dynamixel_sdk/share/ament_index/resource_index/package_run_dependencies/dynamixel_sdk
[7.077s] -- Installing: /home/andy/backend_controller/turtlebot3_ws/install/dynamixel_sdk/share/ament_index/resource_index/parent_prefix_path/dynamixel_sdk
[7.077s] -- Installing: /home/andy/backend_controller/turtlebot3_ws/install/dynamixel_sdk/share/dynamixel_sdk/environment/ament_prefix_path.sh
[7.078s] -- Installing: /home/andy/backend_controller/turtlebot3_ws/install/dynamixel_sdk/share/dynamixel_sdk/environment/ament_prefix_path.dsv
[7.078s] -- Installing: /home/andy/backend_controller/turtlebot3_ws/install/dynamixel_sdk/share/dynamixel_sdk/environment/path.sh
[7.078s] -- Installing: /home/andy/backend_controller/turtlebot3_ws/install/dynamixel_sdk/share/dynamixel_sdk/environment/path.dsv
[7.079s] -- Installing: /home/andy/backend_controller/turtlebot3_ws/install/dynamixel_sdk/share/dynamixel_sdk/local_setup.bash
[7.079s] -- Installing: /home/andy/backend_controller/turtlebot3_ws/install/dynamixel_sdk/share/dynamixel_sdk/local_setup.sh
[7.079s] -- Installing: /home/andy/backend_controller/turtlebot3_ws/install/dynamixel_sdk/share/dynamixel_sdk/local_setup.zsh
[7.079s] -- Installing: /home/andy/backend_controller/turtlebot3_ws/install/dynamixel_sdk/share/dynamixel_sdk/local_setup.dsv
[7.079s] -- Installing: /home/andy/backend_controller/turtlebot3_ws/install/dynamixel_sdk/share/dynamixel_sdk/package.dsv
[7.079s] -- Installing: /home/andy/backend_controller/turtlebot3_ws/install/dynamixel_sdk/share/ament_index/resource_index/packages/dynamixel_sdk
[7.079s] -- Installing: /home/andy/backend_controller/turtlebot3_ws/install/dynamixel_sdk/share/dynamixel_sdk/cmake/ament_cmake_export_include_directories-extras.cmake
[7.079s] -- Installing: /home/andy/backend_controller/turtlebot3_ws/install/dynamixel_sdk/share/dynamixel_sdk/cmake/ament_cmake_export_libraries-extras.cmake
[7.080s] -- Installing: /home/andy/backend_controller/turtlebot3_ws/install/dynamixel_sdk/share/dynamixel_sdk/cmake/dynamixel_sdkConfig.cmake
[7.080s] -- Installing: /home/andy/backend_controller/turtlebot3_ws/install/dynamixel_sdk/share/dynamixel_sdk/cmake/dynamixel_sdkConfig-version.cmake
[7.080s] -- Installing: /home/andy/backend_controller/turtlebot3_ws/install/dynamixel_sdk/share/dynamixel_sdk/package.xml
[7.092s] Invoked command in '/home/andy/backend_controller/turtlebot3_ws/build/dynamixel_sdk' returned '0': CMAKE_PREFIX_PATH=${CMAKE_PREFIX_PATH}:/home/andy/turtlebot3_ws/install/turtlebot3_teleop:/home/andy/turtlebot3_ws/install/turtlebot3_example:/home/andy/turtlebot3_ws/install/robot_controller:/opt/ros/humble /usr/bin/cmake --install /home/andy/backend_controller/turtlebot3_ws/build/dynamixel_sdk
