[2.524s] Invoking command in '/home/andy/backend_controller/turtlebot3_ws/src/turtlebot3/robot_controller': PYTHONPATH=/home/andy/backend_controller/turtlebot3_ws/build/robot_controller/prefix_override:/home/andy/backend_controller/turtlebot3_ws/install/robot_controller/lib/python3.10/site-packages:${PYTHONPATH} /usr/bin/python3 setup.py egg_info --egg-base ../../../build/robot_controller build --build-base /home/andy/backend_controller/turtlebot3_ws/build/robot_controller/build install --record /home/andy/backend_controller/turtlebot3_ws/build/robot_controller/install.log --single-version-externally-managed
[2.837s] running egg_info
[2.837s] creating ../../../build/robot_controller/robot_controller.egg-info
[2.837s] writing ../../../build/robot_controller/robot_controller.egg-info/PKG-INFO
[2.837s] writing dependency_links to ../../../build/robot_controller/robot_controller.egg-info/dependency_links.txt
[2.837s] writing entry points to ../../../build/robot_controller/robot_controller.egg-info/entry_points.txt
[2.837s] writing requirements to ../../../build/robot_controller/robot_controller.egg-info/requires.txt
[2.837s] writing top-level names to ../../../build/robot_controller/robot_controller.egg-info/top_level.txt
[2.837s] writing manifest file '../../../build/robot_controller/robot_controller.egg-info/SOURCES.txt'
[2.837s] reading manifest file '../../../build/robot_controller/robot_controller.egg-info/SOURCES.txt'
[2.837s] writing manifest file '../../../build/robot_controller/robot_controller.egg-info/SOURCES.txt'
[2.851s] /usr/lib/python3/dist-packages/setuptools/command/install.py:34: SetuptoolsDeprecationWarning: setup.py install is deprecated. Use build and pip and other standards-based tools.
[2.851s]   warnings.warn(
[2.852s] running build
[2.852s] running build_py
[2.852s] creating /home/andy/backend_controller/turtlebot3_ws/build/robot_controller/build
[2.852s] creating /home/andy/backend_controller/turtlebot3_ws/build/robot_controller/build/lib
[2.852s] creating /home/andy/backend_controller/turtlebot3_ws/build/robot_controller/build/lib/robot_controller
[2.852s] copying robot_controller/__init__.py -> /home/andy/backend_controller/turtlebot3_ws/build/robot_controller/build/lib/robot_controller
[2.852s] copying robot_controller/stateListener.py -> /home/andy/backend_controller/turtlebot3_ws/build/robot_controller/build/lib/robot_controller
[2.852s] copying robot_controller/controller.py -> /home/andy/backend_controller/turtlebot3_ws/build/robot_controller/build/lib/robot_controller
[2.852s] running install
[2.852s] running install_lib
[2.852s] creating /home/andy/backend_controller/turtlebot3_ws/install/robot_controller/lib/python3.10/site-packages/robot_controller
[2.852s] copying /home/andy/backend_controller/turtlebot3_ws/build/robot_controller/build/lib/robot_controller/__init__.py -> /home/andy/backend_controller/turtlebot3_ws/install/robot_controller/lib/python3.10/site-packages/robot_controller
[2.852s] copying /home/andy/backend_controller/turtlebot3_ws/build/robot_controller/build/lib/robot_controller/stateListener.py -> /home/andy/backend_controller/turtlebot3_ws/install/robot_controller/lib/python3.10/site-packages/robot_controller
[2.852s] copying /home/andy/backend_controller/turtlebot3_ws/build/robot_controller/build/lib/robot_controller/controller.py -> /home/andy/backend_controller/turtlebot3_ws/install/robot_controller/lib/python3.10/site-packages/robot_controller
[2.852s] byte-compiling /home/andy/backend_controller/turtlebot3_ws/install/robot_controller/lib/python3.10/site-packages/robot_controller/__init__.py to __init__.cpython-310.pyc
[2.852s] byte-compiling /home/andy/backend_controller/turtlebot3_ws/install/robot_controller/lib/python3.10/site-packages/robot_controller/stateListener.py to stateListener.cpython-310.pyc
[2.852s] byte-compiling /home/andy/backend_controller/turtlebot3_ws/install/robot_controller/lib/python3.10/site-packages/robot_controller/controller.py to controller.cpython-310.pyc
[2.852s] running install_data
[2.867s] creating /home/andy/backend_controller/turtlebot3_ws/install/robot_controller/share/ament_index
[2.867s] creating /home/andy/backend_controller/turtlebot3_ws/install/robot_controller/share/ament_index/resource_index
[2.867s] creating /home/andy/backend_controller/turtlebot3_ws/install/robot_controller/share/ament_index/resource_index/packages
[2.867s] copying resource/robot_controller -> /home/andy/backend_controller/turtlebot3_ws/install/robot_controller/share/ament_index/resource_index/packages
[2.867s] copying package.xml -> /home/andy/backend_controller/turtlebot3_ws/install/robot_controller/share/robot_controller
[2.867s] running install_egg_info
[2.867s] Copying ../../../build/robot_controller/robot_controller.egg-info to /home/andy/backend_controller/turtlebot3_ws/install/robot_controller/lib/python3.10/site-packages/robot_controller-0.0.0-py3.10.egg-info
[2.871s] running install_scripts
[2.904s] Installing controller_node script to /home/andy/backend_controller/turtlebot3_ws/install/robot_controller/lib/robot_controller
[2.904s] Installing state_listener script to /home/andy/backend_controller/turtlebot3_ws/install/robot_controller/lib/robot_controller
[2.908s] writing list of installed files to '/home/andy/backend_controller/turtlebot3_ws/build/robot_controller/install.log'
[3.184s] Invoked command in '/home/andy/backend_controller/turtlebot3_ws/src/turtlebot3/robot_controller' returned '0': PYTHONPATH=/home/andy/backend_controller/turtlebot3_ws/build/robot_controller/prefix_override:/home/andy/backend_controller/turtlebot3_ws/install/robot_controller/lib/python3.10/site-packages:${PYTHONPATH} /usr/bin/python3 setup.py egg_info --egg-base ../../../build/robot_controller build --build-base /home/andy/backend_controller/turtlebot3_ws/build/robot_controller/build install --record /home/andy/backend_controller/turtlebot3_ws/build/robot_controller/install.log --single-version-externally-managed
