[0.464s] Invoking command in '/home/andy/backend_controller/turtlebot3_ws/build/turtlebot3_cartographer': CMAKE_PREFIX_PATH=${CMAKE_PREFIX_PATH}:/home/andy/turtlebot3_ws/install/turtlebot3_teleop:/home/andy/turtlebot3_ws/install/turtlebot3_example:/home/andy/turtlebot3_ws/install/robot_controller:/opt/ros/humble /usr/bin/cmake /home/andy/backend_controller/turtlebot3_ws/src/turtlebot3/turtlebot3_cartographer -DCMAKE_INSTALL_PREFIX=/home/andy/backend_controller/turtlebot3_ws/install/turtlebot3_cartographer
[0.704s] -- The C compiler identification is GNU 11.4.0
[0.920s] -- The CXX compiler identification is GNU 11.4.0
[0.970s] -- Detecting C compiler ABI info
[1.296s] -- Detecting C compiler ABI info - done
[1.309s] -- Check for working C compiler: /usr/bin/cc - skipped
[1.309s] -- Detecting C compile features
[1.310s] -- Detecting C compile features - done
[1.314s] -- Detecting CXX compiler ABI info
[1.617s] -- Detecting CXX compiler ABI info - done
[1.637s] -- Check for working CXX compiler: /usr/bin/c++ - skipped
[1.637s] -- Detecting CXX compile features
[1.637s] -- Detecting CXX compile features - done
[1.639s] -- Found ament_cmake: 1.3.8 (/opt/ros/humble/share/ament_cmake/cmake)
[1.906s] -- Found Python3: /usr/bin/python3 (found version "3.10.12") found components: Interpreter 
[2.235s] -- Configuring done
[2.249s] -- Generating done
[2.254s] -- Build files have been written to: /home/andy/backend_controller/turtlebot3_ws/build/turtlebot3_cartographer
[2.269s] Invoked command in '/home/andy/backend_controller/turtlebot3_ws/build/turtlebot3_cartographer' returned '0': CMAKE_PREFIX_PATH=${CMAKE_PREFIX_PATH}:/home/andy/turtlebot3_ws/install/turtlebot3_teleop:/home/andy/turtlebot3_ws/install/turtlebot3_example:/home/andy/turtlebot3_ws/install/robot_controller:/opt/ros/humble /usr/bin/cmake /home/andy/backend_controller/turtlebot3_ws/src/turtlebot3/turtlebot3_cartographer -DCMAKE_INSTALL_PREFIX=/home/andy/backend_controller/turtlebot3_ws/install/turtlebot3_cartographer
[2.270s] Invoking command in '/home/andy/backend_controller/turtlebot3_ws/build/turtlebot3_cartographer': CMAKE_PREFIX_PATH=${CMAKE_PREFIX_PATH}:/home/andy/turtlebot3_ws/install/turtlebot3_teleop:/home/andy/turtlebot3_ws/install/turtlebot3_example:/home/andy/turtlebot3_ws/install/robot_controller:/opt/ros/humble /usr/bin/cmake --build /home/andy/backend_controller/turtlebot3_ws/build/turtlebot3_cartographer -- -j6 -l6
[2.350s] Invoked command in '/home/andy/backend_controller/turtlebot3_ws/build/turtlebot3_cartographer' returned '0': CMAKE_PREFIX_PATH=${CMAKE_PREFIX_PATH}:/home/andy/turtlebot3_ws/install/turtlebot3_teleop:/home/andy/turtlebot3_ws/install/turtlebot3_example:/home/andy/turtlebot3_ws/install/robot_controller:/opt/ros/humble /usr/bin/cmake --build /home/andy/backend_controller/turtlebot3_ws/build/turtlebot3_cartographer -- -j6 -l6
[2.457s] Invoking command in '/home/andy/backend_controller/turtlebot3_ws/build/turtlebot3_cartographer': CMAKE_PREFIX_PATH=${CMAKE_PREFIX_PATH}:/home/andy/turtlebot3_ws/install/turtlebot3_teleop:/home/andy/turtlebot3_ws/install/turtlebot3_example:/home/andy/turtlebot3_ws/install/robot_controller:/opt/ros/humble /usr/bin/cmake --install /home/andy/backend_controller/turtlebot3_ws/build/turtlebot3_cartographer
[2.516s] -- Install configuration: ""
[2.517s] -- Installing: /home/andy/backend_controller/turtlebot3_ws/install/turtlebot3_cartographer/share/turtlebot3_cartographer/config
[2.520s] -- Installing: /home/andy/backend_controller/turtlebot3_ws/install/turtlebot3_cartographer/share/turtlebot3_cartographer/config/turtlebot3_lds_2d.lua
[2.521s] -- Installing: /home/andy/backend_controller/turtlebot3_ws/install/turtlebot3_cartographer/share/turtlebot3_cartographer/launch
[2.521s] -- Installing: /home/andy/backend_controller/turtlebot3_ws/install/turtlebot3_cartographer/share/turtlebot3_cartographer/launch/cartographer.launch.py
[2.521s] -- Installing: /home/andy/backend_controller/turtlebot3_ws/install/turtlebot3_cartographer/share/turtlebot3_cartographer/launch/occupancy_grid.launch.py
[2.521s] -- Installing: /home/andy/backend_controller/turtlebot3_ws/install/turtlebot3_cartographer/share/turtlebot3_cartographer/rviz
[2.521s] -- Installing: /home/andy/backend_controller/turtlebot3_ws/install/turtlebot3_cartographer/share/turtlebot3_cartographer/rviz/tb3_cartographer.rviz
[2.521s] -- Installing: /home/andy/backend_controller/turtlebot3_ws/install/turtlebot3_cartographer/share/ament_index/resource_index/package_run_dependencies/turtlebot3_cartographer
[2.521s] -- Installing: /home/andy/backend_controller/turtlebot3_ws/install/turtlebot3_cartographer/share/ament_index/resource_index/parent_prefix_path/turtlebot3_cartographer
[2.521s] -- Installing: /home/andy/backend_controller/turtlebot3_ws/install/turtlebot3_cartographer/share/turtlebot3_cartographer/environment/ament_prefix_path.sh
[2.521s] -- Installing: /home/andy/backend_controller/turtlebot3_ws/install/turtlebot3_cartographer/share/turtlebot3_cartographer/environment/ament_prefix_path.dsv
[2.521s] -- Installing: /home/andy/backend_controller/turtlebot3_ws/install/turtlebot3_cartographer/share/turtlebot3_cartographer/environment/path.sh
[2.521s] -- Installing: /home/andy/backend_controller/turtlebot3_ws/install/turtlebot3_cartographer/share/turtlebot3_cartographer/environment/path.dsv
[2.521s] -- Installing: /home/andy/backend_controller/turtlebot3_ws/install/turtlebot3_cartographer/share/turtlebot3_cartographer/local_setup.bash
[2.522s] -- Installing: /home/andy/backend_controller/turtlebot3_ws/install/turtlebot3_cartographer/share/turtlebot3_cartographer/local_setup.sh
[2.522s] -- Installing: /home/andy/backend_controller/turtlebot3_ws/install/turtlebot3_cartographer/share/turtlebot3_cartographer/local_setup.zsh
[2.522s] -- Installing: /home/andy/backend_controller/turtlebot3_ws/install/turtlebot3_cartographer/share/turtlebot3_cartographer/local_setup.dsv
[2.522s] -- Installing: /home/andy/backend_controller/turtlebot3_ws/install/turtlebot3_cartographer/share/turtlebot3_cartographer/package.dsv
[2.522s] -- Installing: /home/andy/backend_controller/turtlebot3_ws/install/turtlebot3_cartographer/share/ament_index/resource_index/packages/turtlebot3_cartographer
[2.522s] -- Installing: /home/andy/backend_controller/turtlebot3_ws/install/turtlebot3_cartographer/share/turtlebot3_cartographer/cmake/turtlebot3_cartographerConfig.cmake
[2.522s] -- Installing: /home/andy/backend_controller/turtlebot3_ws/install/turtlebot3_cartographer/share/turtlebot3_cartographer/cmake/turtlebot3_cartographerConfig-version.cmake
[2.522s] -- Installing: /home/andy/backend_controller/turtlebot3_ws/install/turtlebot3_cartographer/share/turtlebot3_cartographer/package.xml
[2.554s] Invoked command in '/home/andy/backend_controller/turtlebot3_ws/build/turtlebot3_cartographer' returned '0': CMAKE_PREFIX_PATH=${CMAKE_PREFIX_PATH}:/home/andy/turtlebot3_ws/install/turtlebot3_teleop:/home/andy/turtlebot3_ws/install/turtlebot3_example:/home/andy/turtlebot3_ws/install/robot_controller:/opt/ros/humble /usr/bin/cmake --install /home/andy/backend_controller/turtlebot3_ws/build/turtlebot3_cartographer
