[0.846s] Invoking command in '/home/andy/ros2_ws/src/robot_controller': PYTHONPATH=/home/andy/ros2_ws/build/robot_controller/prefix_override:/home/andy/ros2_ws/install/robot_controller/lib/python3.10/site-packages:${PYTHONPATH} /usr/bin/python3 setup.py egg_info --egg-base ../../build/robot_controller build --build-base /home/andy/ros2_ws/build/robot_controller/build install --record /home/andy/ros2_ws/build/robot_controller/install.log --single-version-externally-managed
[1.096s] running egg_info
[1.099s] writing ../../build/robot_controller/robot_controller.egg-info/PKG-INFO
[1.099s] writing dependency_links to ../../build/robot_controller/robot_controller.egg-info/dependency_links.txt
[1.099s] writing entry points to ../../build/robot_controller/robot_controller.egg-info/entry_points.txt
[1.099s] writing requirements to ../../build/robot_controller/robot_controller.egg-info/requires.txt
[1.099s] writing top-level names to ../../build/robot_controller/robot_controller.egg-info/top_level.txt
[1.101s] reading manifest file '../../build/robot_controller/robot_controller.egg-info/SOURCES.txt'
[1.102s] writing manifest file '../../build/robot_controller/robot_controller.egg-info/SOURCES.txt'
[1.102s] running build
[1.103s] running build_py
[1.103s] copying robot_controller/stateListener.py -> /home/andy/ros2_ws/build/robot_controller/build/lib/robot_controller
[1.103s] copying robot_controller/driveForward.py -> /home/andy/ros2_ws/build/robot_controller/build/lib/robot_controller
[1.103s] running install
[1.103s] running install_lib
[1.104s] copying /home/andy/ros2_ws/build/robot_controller/build/lib/robot_controller/stateListener.py -> /home/andy/ros2_ws/install/robot_controller/lib/python3.10/site-packages/robot_controller
[1.104s] copying /home/andy/ros2_ws/build/robot_controller/build/lib/robot_controller/driveForward.py -> /home/andy/ros2_ws/install/robot_controller/lib/python3.10/site-packages/robot_controller
[1.105s] byte-compiling /home/andy/ros2_ws/install/robot_controller/lib/python3.10/site-packages/robot_controller/stateListener.py to stateListener.cpython-310.pyc
[1.106s] byte-compiling /home/andy/ros2_ws/install/robot_controller/lib/python3.10/site-packages/robot_controller/driveForward.py to driveForward.cpython-310.pyc
[1.106s] running install_data
[1.107s] running install_egg_info
[1.110s] removing '/home/andy/ros2_ws/install/robot_controller/lib/python3.10/site-packages/robot_controller-0.0.0-py3.10.egg-info' (and everything under it)
[1.110s] Copying ../../build/robot_controller/robot_controller.egg-info to /home/andy/ros2_ws/install/robot_controller/lib/python3.10/site-packages/robot_controller-0.0.0-py3.10.egg-info
[1.111s] running install_scripts
[1.127s] Installing test_node script to /home/andy/ros2_ws/install/robot_controller/lib/robot_controller
[1.128s] writing list of installed files to '/home/andy/ros2_ws/build/robot_controller/install.log'
[1.158s] Invoked command in '/home/andy/ros2_ws/src/robot_controller' returned '0': PYTHONPATH=/home/andy/ros2_ws/build/robot_controller/prefix_override:/home/andy/ros2_ws/install/robot_controller/lib/python3.10/site-packages:${PYTHONPATH} /usr/bin/python3 setup.py egg_info --egg-base ../../build/robot_controller build --build-base /home/andy/ros2_ws/build/robot_controller/build install --record /home/andy/ros2_ws/build/robot_controller/install.log --single-version-externally-managed
