running egg_info
writing ../../../build/robot_controller/robot_controller.egg-info/PKG-INFO
writing dependency_links to ../../../build/robot_controller/robot_controller.egg-info/dependency_links.txt
writing entry points to ../../../build/robot_controller/robot_controller.egg-info/entry_points.txt
writing requirements to ../../../build/robot_controller/robot_controller.egg-info/requires.txt
writing top-level names to ../../../build/robot_controller/robot_controller.egg-info/top_level.txt
reading manifest file '../../../build/robot_controller/robot_controller.egg-info/SOURCES.txt'
writing manifest file '../../../build/robot_controller/robot_controller.egg-info/SOURCES.txt'
running build
running build_py
copying robot_controller/stateListener.py -> /home/andy/backend_controller/turtlebot3_ws/build/robot_controller/build/lib/robot_controller
running install
running install_lib
copying /home/andy/backend_controller/turtlebot3_ws/build/robot_controller/build/lib/robot_controller/stateListener.py -> /home/andy/backend_controller/turtlebot3_ws/install/robot_controller/lib/python3.10/site-packages/robot_controller
byte-compiling /home/andy/backend_controller/turtlebot3_ws/install/robot_controller/lib/python3.10/site-packages/robot_controller/stateListener.py to stateListener.cpython-310.pyc
running install_data
running install_egg_info
/usr/lib/python3/dist-packages/setuptools/command/install.py:34: SetuptoolsDeprecationWarning: setup.py install is deprecated. Use build and pip and other standards-based tools.
  warnings.warn(
removing '/home/andy/backend_controller/turtlebot3_ws/install/robot_controller/lib/python3.10/site-packages/robot_controller-0.0.0-py3.10.egg-info' (and everything under it)
Copying ../../../build/robot_controller/robot_controller.egg-info to /home/andy/backend_controller/turtlebot3_ws/install/robot_controller/lib/python3.10/site-packages/robot_controller-0.0.0-py3.10.egg-info
running install_scripts
Installing controller_node script to /home/andy/backend_controller/turtlebot3_ws/install/robot_controller/lib/robot_controller
Installing state_listener script to /home/andy/backend_controller/turtlebot3_ws/install/robot_controller/lib/robot_controller
writing list of installed files to '/home/andy/backend_controller/turtlebot3_ws/build/robot_controller/install.log'
