[1.563s] Invoking command in '/home/andy/backend_controller/turtlebot3_ws/src/turtlebot3/robot_controller': PYTHONPATH=/home/andy/backend_controller/turtlebot3_ws/build/robot_controller/prefix_override:/home/andy/backend_controller/turtlebot3_ws/install/robot_controller/lib/python3.10/site-packages:${PYTHONPATH} /usr/bin/python3 setup.py egg_info --egg-base ../../../build/robot_controller build --build-base /home/andy/backend_controller/turtlebot3_ws/build/robot_controller/build install --record /home/andy/backend_controller/turtlebot3_ws/build/robot_controller/install.log --single-version-externally-managed
[1.907s] running egg_info
[1.909s] writing ../../../build/robot_controller/robot_controller.egg-info/PKG-INFO
[1.918s] writing dependency_links to ../../../build/robot_controller/robot_controller.egg-info/dependency_links.txt
[1.918s] writing entry points to ../../../build/robot_controller/robot_controller.egg-info/entry_points.txt
[1.918s] writing requirements to ../../../build/robot_controller/robot_controller.egg-info/requires.txt
[1.918s] writing top-level names to ../../../build/robot_controller/robot_controller.egg-info/top_level.txt
[1.919s] reading manifest file '../../../build/robot_controller/robot_controller.egg-info/SOURCES.txt'
[1.924s] writing manifest file '../../../build/robot_controller/robot_controller.egg-info/SOURCES.txt'
[1.925s] running build
[1.926s] running build_py
[1.926s] copying robot_controller/stateListener.py -> /home/andy/backend_controller/turtlebot3_ws/build/robot_controller/build/lib/robot_controller
[1.926s] running install
[1.926s] running install_lib
[1.926s] copying /home/andy/backend_controller/turtlebot3_ws/build/robot_controller/build/lib/robot_controller/stateListener.py -> /home/andy/backend_controller/turtlebot3_ws/install/robot_controller/lib/python3.10/site-packages/robot_controller
[1.926s] byte-compiling /home/andy/backend_controller/turtlebot3_ws/install/robot_controller/lib/python3.10/site-packages/robot_controller/stateListener.py to stateListener.cpython-310.pyc
[1.930s] running install_data
[1.930s] running install_egg_info
[1.930s] /usr/lib/python3/dist-packages/setuptools/command/install.py:34: SetuptoolsDeprecationWarning: setup.py install is deprecated. Use build and pip and other standards-based tools.
[1.930s]   warnings.warn(
[1.932s] removing '/home/andy/backend_controller/turtlebot3_ws/install/robot_controller/lib/python3.10/site-packages/robot_controller-0.0.0-py3.10.egg-info' (and everything under it)
[1.932s] Copying ../../../build/robot_controller/robot_controller.egg-info to /home/andy/backend_controller/turtlebot3_ws/install/robot_controller/lib/python3.10/site-packages/robot_controller-0.0.0-py3.10.egg-info
[1.938s] running install_scripts
[1.956s] Installing controller_node script to /home/andy/backend_controller/turtlebot3_ws/install/robot_controller/lib/robot_controller
[1.956s] Installing state_listener script to /home/andy/backend_controller/turtlebot3_ws/install/robot_controller/lib/robot_controller
[1.957s] writing list of installed files to '/home/andy/backend_controller/turtlebot3_ws/build/robot_controller/install.log'
[2.506s] Invoked command in '/home/andy/backend_controller/turtlebot3_ws/src/turtlebot3/robot_controller' returned '0': PYTHONPATH=/home/andy/backend_controller/turtlebot3_ws/build/robot_controller/prefix_override:/home/andy/backend_controller/turtlebot3_ws/install/robot_controller/lib/python3.10/site-packages:${PYTHONPATH} /usr/bin/python3 setup.py egg_info --egg-base ../../../build/robot_controller build --build-base /home/andy/backend_controller/turtlebot3_ws/build/robot_controller/build install --record /home/andy/backend_controller/turtlebot3_ws/build/robot_controller/install.log --single-version-externally-managed
