[0.309s] Invoking command in '/home/andy/backend_controller/turtlebot3_ws/build/turtlebot3_gazebo': CMAKE_PREFIX_PATH=${CMAKE_PREFIX_PATH}:/home/andy/turtlebot3_ws/install/turtlebot3_teleop:/home/andy/turtlebot3_ws/install/turtlebot3_example:/home/andy/turtlebot3_ws/install/robot_controller:/opt/ros/humble /usr/bin/cmake /home/andy/backend_controller/turtlebot3_ws/src/turtlebot3_simulations/turtlebot3_gazebo -DCMAKE_INSTALL_PREFIX=/home/andy/backend_controller/turtlebot3_ws/install/turtlebot3_gazebo
[2.098s] -- The C compiler identification is GNU 11.4.0
[2.098s] -- The CXX compiler identification is GNU 11.4.0
[2.098s] -- Detecting C compiler ABI info
[2.098s] -- Detecting C compiler ABI info - done
[2.098s] -- Check for working C compiler: /usr/bin/cc - skipped
[2.098s] -- Detecting C compile features
[2.099s] -- Detecting C compile features - done
[2.099s] -- Detecting CXX compiler ABI info
[2.099s] -- Detecting CXX compiler ABI info - done
[2.099s] -- Check for working CXX compiler: /usr/bin/c++ - skipped
[2.099s] -- Detecting CXX compile features
[2.099s] -- Detecting CXX compile features - done
[2.099s] -- Found ament_cmake: 1.3.8 (/opt/ros/humble/share/ament_cmake/cmake)
[2.099s] -- Found Python3: /usr/bin/python3 (found version "3.10.12") found components: Interpreter 
[2.125s] [33mCMake Warning (dev) at /usr/share/cmake-3.22/Modules/FindPackageHandleStandardArgs.cmake:438 (message):
[2.126s]   The package name passed to `find_package_handle_standard_args` (PkgConfig)
[2.126s]   does not match the name of the calling package (gazebo).  This can lead to
[2.126s]   problems in calling code that expects `find_package` result variables
[2.126s]   (e.g., `_FOUND`) to follow a certain pattern.
[2.126s] Call Stack (most recent call first):
[2.126s]   /usr/share/cmake-3.22/Modules/FindPkgConfig.cmake:99 (find_package_handle_standard_args)
[2.126s]   /usr/lib/x86_64-linux-gnu/cmake/gazebo/gazebo-config.cmake:72 (include)
[2.126s]   CMakeLists.txt:23 (find_package)
[2.126s] This warning is for project developers.  Use -Wno-dev to suppress it.
[2.126s] [0m
[2.127s] -- Found PkgConfig: /usr/bin/pkg-config (found version "0.29.2") 
[2.133s] -- Checking for module 'bullet>=2.82'
[2.154s] --   Found bullet, version 3.05
[2.437s] -- Found fcl: /usr/include (found suitable version "0.7.0", minimum required is "0.5.0") 
[2.656s] -- Found assimp: /usr/include (found version "5.2.0") 
[2.699s] -- Found DART: /usr/include (Required is at least version "6.6") found components: dart 
[3.334s] -- Found Boost: /usr/lib/x86_64-linux-gnu/cmake/Boost-1.74.0/BoostConfig.cmake (found suitable version "1.74.0", minimum required is "1.40.0") found components: thread system filesystem program_options regex iostreams date_time 
[3.412s] -- Found Protobuf: /usr/lib/x86_64-linux-gnu/libprotobuf.so (found version "3.12.4") 
[3.437s] -- Looking for ignition-math6 -- found version 6.15.1
[3.445s] -- Searching for dependencies of ignition-math6
[3.446s] -- Looking for OGRE...
[3.447s] -- OGRE_PREFIX_WATCH changed.
[3.471s] -- Checking for module 'OGRE'
[3.538s] --   Found OGRE, version 1.9.0
[3.672s] -- Found Ogre Ghadamon (1.9.0)
[3.703s] -- Found OGRE: optimized;/usr/lib/x86_64-linux-gnu/libOgreMain.so;debug;/usr/lib/x86_64-linux-gnu/libOgreMain.so
[3.735s] -- Looking for OGRE_Paging...
[3.762s] -- Found OGRE_Paging: optimized;/usr/lib/x86_64-linux-gnu/libOgrePaging.so;debug;/usr/lib/x86_64-linux-gnu/libOgrePaging.so
[3.763s] -- Looking for OGRE_Terrain...
[3.775s] -- Found OGRE_Terrain: optimized;/usr/lib/x86_64-linux-gnu/libOgreTerrain.so;debug;/usr/lib/x86_64-linux-gnu/libOgreTerrain.so
[3.775s] -- Looking for OGRE_Property...
[3.786s] -- Found OGRE_Property: optimized;/usr/lib/x86_64-linux-gnu/libOgreProperty.so;debug;/usr/lib/x86_64-linux-gnu/libOgreProperty.so
[3.786s] -- Looking for OGRE_RTShaderSystem...
[3.795s] -- Found OGRE_RTShaderSystem: optimized;/usr/lib/x86_64-linux-gnu/libOgreRTShaderSystem.so;debug;/usr/lib/x86_64-linux-gnu/libOgreRTShaderSystem.so
[3.796s] -- Looking for OGRE_Volume...
[3.805s] -- Found OGRE_Volume: optimized;/usr/lib/x86_64-linux-gnu/libOgreVolume.so;debug;/usr/lib/x86_64-linux-gnu/libOgreVolume.so
[3.807s] -- Looking for OGRE_Overlay...
[3.815s] -- Found OGRE_Overlay: optimized;/usr/lib/x86_64-linux-gnu/libOgreOverlay.so;debug;/usr/lib/x86_64-linux-gnu/libOgreOverlay.so
[4.096s] -- Looking for ignition-math6 -- found version 6.15.1
[4.105s] -- Looking for ignition-transport8 -- found version 8.2.1
[4.106s] -- Searching for dependencies of ignition-transport8
[4.170s] -- Found Protobuf: /usr/lib/x86_64-linux-gnu/libprotobuf.so (found suitable version "3.12.4", minimum required is "3") 
[4.195s] -- Config-file not installed for ZeroMQ -- checking for pkg-config
[4.209s] -- Checking for module 'libzmq >= 4'
[4.345s] --   Found libzmq , version 4.3.4
[4.432s] -- Found ZeroMQ: TRUE (Required is at least version "4") 
[4.442s] -- Checking for module 'uuid'
[4.470s] --   Found uuid, version 2.37.2
[4.784s] -- Found UUID: TRUE  
[4.826s] -- Looking for ignition-msgs5 -- found version 5.8.1
[4.826s] -- Searching for dependencies of ignition-msgs5
[4.862s] -- Looking for ignition-math6 -- found version 6.15.1
[4.875s] -- Checking for module 'tinyxml2'
[4.953s] --   Found tinyxml2, version 9.0.0
[5.141s] -- Looking for ignition-msgs5 -- found version 5.8.1
[5.141s] -- Looking for ignition-common3 -- found version 3.14.0
[5.141s] -- Searching for dependencies of ignition-common3
[5.141s] -- Looking for dlfcn.h - found
[5.141s] -- Looking for libdl - found
[5.141s] -- Found DL: TRUE  
[5.141s] -- Found tinyobjloader: /usr/lib/x86_64-linux-gnu/cmake/tinyobjloader/tinyobjloader-config.cmake (found version "2.0.0") 
[5.141s] -- Searching for <ignition-common3> component [graphics]
[5.141s] -- Looking for ignition-common3-graphics -- found version 3.14.0
[5.141s] -- Searching for dependencies of ignition-common3-graphics
[5.142s] -- Looking for ignition-math6 -- found version 6.15.1
[5.148s] -- Looking for ignition-fuel_tools4 -- found version 4.4.0
[5.150s] -- Searching for dependencies of ignition-fuel_tools4
[5.403s] -- Found CURL: /usr/lib/x86_64-linux-gnu/libcurl.so (found version "7.81.0")  
[5.435s] -- Checking for module 'jsoncpp'
[5.486s] --   Found jsoncpp, version 1.9.5
[5.677s] -- Found JSONCPP: TRUE  
[5.698s] -- Checking for module 'libzip'
[5.797s] --   Found libzip, version 1.7.3
[5.919s] -- Found ZIP: TRUE  
[5.920s] -- Looking for ignition-common3 -- found version 3.14.0
[5.920s] -- Looking for ignition-math6 -- found version 6.15.1
[5.921s] -- Looking for ignition-msgs5 -- found version 5.8.1
[5.936s] -- Found gazebo_ros_pkgs: 3.7.0 (/opt/ros/humble/share/gazebo_ros_pkgs/cmake)
[5.940s] -- Found geometry_msgs: 4.2.3 (/opt/ros/humble/share/geometry_msgs/cmake)
[6.019s] -- Found rosidl_generator_c: 3.1.5 (/opt/ros/humble/share/rosidl_generator_c/cmake)
[6.032s] -- Found rosidl_adapter: 3.1.5 (/opt/ros/humble/share/rosidl_adapter/cmake)
[6.044s] -- Found rosidl_generator_cpp: 3.1.5 (/opt/ros/humble/share/rosidl_generator_cpp/cmake)
[6.063s] -- Using all available rosidl_typesupport_c: rosidl_typesupport_fastrtps_c;rosidl_typesupport_introspection_c
[6.088s] -- Using all available rosidl_typesupport_cpp: rosidl_typesupport_fastrtps_cpp;rosidl_typesupport_introspection_cpp
[6.323s] -- Found nav_msgs: 4.2.3 (/opt/ros/humble/share/nav_msgs/cmake)
[6.488s] -- Found rclcpp: 16.0.8 (/opt/ros/humble/share/rclcpp/cmake)
[6.614s] -- Found rmw_implementation_cmake: 6.1.1 (/opt/ros/humble/share/rmw_implementation_cmake/cmake)
[6.621s] -- Found rmw_fastrtps_cpp: 6.2.6 (/opt/ros/humble/share/rmw_fastrtps_cpp/cmake)
[7.136s] -- Found OpenSSL: /usr/lib/x86_64-linux-gnu/libcrypto.so (found version "3.0.2")  
[7.244s] -- Found FastRTPS: /opt/ros/humble/include  
[7.444s] -- Using RMW implementation 'rmw_fastrtps_cpp' as default
[7.507s] -- Found Threads: TRUE  
[7.852s] -- Found sensor_msgs: 4.2.3 (/opt/ros/humble/share/sensor_msgs/cmake)
[7.970s] -- Found tf2: 0.25.6 (/opt/ros/humble/share/tf2/cmake)
[8.087s] -- Configuring done
[8.184s] -- Generating done
[8.184s] -- Build files have been written to: /home/andy/backend_controller/turtlebot3_ws/build/turtlebot3_gazebo
[8.234s] Invoked command in '/home/andy/backend_controller/turtlebot3_ws/build/turtlebot3_gazebo' returned '0': CMAKE_PREFIX_PATH=${CMAKE_PREFIX_PATH}:/home/andy/turtlebot3_ws/install/turtlebot3_teleop:/home/andy/turtlebot3_ws/install/turtlebot3_example:/home/andy/turtlebot3_ws/install/robot_controller:/opt/ros/humble /usr/bin/cmake /home/andy/backend_controller/turtlebot3_ws/src/turtlebot3_simulations/turtlebot3_gazebo -DCMAKE_INSTALL_PREFIX=/home/andy/backend_controller/turtlebot3_ws/install/turtlebot3_gazebo
[8.235s] Invoking command in '/home/andy/backend_controller/turtlebot3_ws/build/turtlebot3_gazebo': CMAKE_PREFIX_PATH=${CMAKE_PREFIX_PATH}:/home/andy/turtlebot3_ws/install/turtlebot3_teleop:/home/andy/turtlebot3_ws/install/turtlebot3_example:/home/andy/turtlebot3_ws/install/robot_controller:/opt/ros/humble /usr/bin/cmake --build /home/andy/backend_controller/turtlebot3_ws/build/turtlebot3_gazebo -- -j6 -l6
[8.405s] [ 12%] [32mBuilding CXX object CMakeFiles/turtlebot3_drive.dir/src/turtlebot3_drive.cpp.o[0m
[25.109s] [ 25%] [32m[1mLinking CXX executable turtlebot3_drive[0m
[26.616s] [ 25%] Built target turtlebot3_drive
[26.676s] [ 37%] [32mBuilding CXX object CMakeFiles/obstacles.dir/models/turtlebot3_dqn_world/obstacle_plugin/obstacles.cc.o[0m
[41.934s] [ 50%] [32m[1mLinking CXX shared library libobstacles.so[0m
[42.543s] [ 50%] Built target obstacles
[42.626s] [ 62%] [32mBuilding CXX object CMakeFiles/obstacle2.dir/models/turtlebot3_dqn_world/obstacle_plugin/obstacle2.cc.o[0m
[60.494s] [ 75%] [32m[1mLinking CXX shared library libobstacle2.so[0m
[61.283s] [ 75%] Built target obstacle2
[61.518s] [ 87%] [32mBuilding CXX object CMakeFiles/obstacle1.dir/models/turtlebot3_dqn_world/obstacle_plugin/obstacle1.cc.o[0m
[77.746s] [100%] [32m[1mLinking CXX shared library libobstacle1.so[0m
[78.091s] [100%] Built target obstacle1
[78.166s] Invoked command in '/home/andy/backend_controller/turtlebot3_ws/build/turtlebot3_gazebo' returned '0': CMAKE_PREFIX_PATH=${CMAKE_PREFIX_PATH}:/home/andy/turtlebot3_ws/install/turtlebot3_teleop:/home/andy/turtlebot3_ws/install/turtlebot3_example:/home/andy/turtlebot3_ws/install/robot_controller:/opt/ros/humble /usr/bin/cmake --build /home/andy/backend_controller/turtlebot3_ws/build/turtlebot3_gazebo -- -j6 -l6
[78.571s] Invoking command in '/home/andy/backend_controller/turtlebot3_ws/build/turtlebot3_gazebo': CMAKE_PREFIX_PATH=${CMAKE_PREFIX_PATH}:/home/andy/turtlebot3_ws/install/turtlebot3_teleop:/home/andy/turtlebot3_ws/install/turtlebot3_example:/home/andy/turtlebot3_ws/install/robot_controller:/opt/ros/humble /usr/bin/cmake --install /home/andy/backend_controller/turtlebot3_ws/build/turtlebot3_gazebo
[78.581s] -- Install configuration: ""
[78.581s] -- Installing: /home/andy/backend_controller/turtlebot3_ws/install/turtlebot3_gazebo/lib/turtlebot3_gazebo/turtlebot3_drive
[78.589s] -- Set runtime path of "/home/andy/backend_controller/turtlebot3_ws/install/turtlebot3_gazebo/lib/turtlebot3_gazebo/turtlebot3_drive" to ""
[78.589s] -- Installing: /home/andy/backend_controller/turtlebot3_ws/install/turtlebot3_gazebo/share/turtlebot3_gazebo//launch
[78.591s] -- Installing: /home/andy/backend_controller/turtlebot3_ws/install/turtlebot3_gazebo/share/turtlebot3_gazebo//launch/robot_state_publisher.launch.py
[78.591s] -- Installing: /home/andy/backend_controller/turtlebot3_ws/install/turtlebot3_gazebo/share/turtlebot3_gazebo//launch/empty_world.launch.py
[78.592s] -- Installing: /home/andy/backend_controller/turtlebot3_ws/install/turtlebot3_gazebo/share/turtlebot3_gazebo//launch/turtlebot3_dqn_stage4.launch.py
[78.592s] -- Installing: /home/andy/backend_controller/turtlebot3_ws/install/turtlebot3_gazebo/share/turtlebot3_gazebo//launch/turtlebot3_dqn_stage1.launch.py
[78.592s] -- Installing: /home/andy/backend_controller/turtlebot3_ws/install/turtlebot3_gazebo/share/turtlebot3_gazebo//launch/turtlebot3_house.launch.py
[78.592s] -- Installing: /home/andy/backend_controller/turtlebot3_ws/install/turtlebot3_gazebo/share/turtlebot3_gazebo//launch/turtlebot3_dqn_stage3.launch.py
[78.592s] -- Installing: /home/andy/backend_controller/turtlebot3_ws/install/turtlebot3_gazebo/share/turtlebot3_gazebo//launch/turtlebot3_dqn_stage2.launch.py
[78.594s] -- Installing: /home/andy/backend_controller/turtlebot3_ws/install/turtlebot3_gazebo/share/turtlebot3_gazebo//launch/turtlebot3_world.launch.py
[78.594s] -- Installing: /home/andy/backend_controller/turtlebot3_ws/install/turtlebot3_gazebo/share/turtlebot3_gazebo//launch/spawn_turtlebot3.launch.py
[78.594s] -- Installing: /home/andy/backend_controller/turtlebot3_ws/install/turtlebot3_gazebo/share/turtlebot3_gazebo//models
[78.594s] -- Installing: /home/andy/backend_controller/turtlebot3_ws/install/turtlebot3_gazebo/share/turtlebot3_gazebo//models/turtlebot3_world
[78.594s] -- Installing: /home/andy/backend_controller/turtlebot3_ws/install/turtlebot3_gazebo/share/turtlebot3_gazebo//models/turtlebot3_world/model.sdf
[78.594s] -- Installing: /home/andy/backend_controller/turtlebot3_ws/install/turtlebot3_gazebo/share/turtlebot3_gazebo//models/turtlebot3_world/model.config
[78.594s] -- Installing: /home/andy/backend_controller/turtlebot3_ws/install/turtlebot3_gazebo/share/turtlebot3_gazebo//models/turtlebot3_world/model-1_4.sdf
[78.594s] -- Installing: /home/andy/backend_controller/turtlebot3_ws/install/turtlebot3_gazebo/share/turtlebot3_gazebo//models/turtlebot3_world/meshes
[78.594s] -- Installing: /home/andy/backend_controller/turtlebot3_ws/install/turtlebot3_gazebo/share/turtlebot3_gazebo//models/turtlebot3_world/meshes/hexagon.dae
[78.594s] -- Installing: /home/andy/backend_controller/turtlebot3_ws/install/turtlebot3_gazebo/share/turtlebot3_gazebo//models/turtlebot3_world/meshes/wall.dae
[78.598s] -- Installing: /home/andy/backend_controller/turtlebot3_ws/install/turtlebot3_gazebo/share/turtlebot3_gazebo//models/turtlebot3_dqn_world
[78.598s] -- Installing: /home/andy/backend_controller/turtlebot3_ws/install/turtlebot3_gazebo/share/turtlebot3_gazebo//models/turtlebot3_dqn_world/model.sdf
[78.598s] -- Installing: /home/andy/backend_controller/turtlebot3_ws/install/turtlebot3_gazebo/share/turtlebot3_gazebo//models/turtlebot3_dqn_world/inner_walls
[78.598s] -- Installing: /home/andy/backend_controller/turtlebot3_ws/install/turtlebot3_gazebo/share/turtlebot3_gazebo//models/turtlebot3_dqn_world/inner_walls/model.sdf
[78.598s] -- Installing: /home/andy/backend_controller/turtlebot3_ws/install/turtlebot3_gazebo/share/turtlebot3_gazebo//models/turtlebot3_dqn_world/inner_walls/model.config
[78.598s] -- Installing: /home/andy/backend_controller/turtlebot3_ws/install/turtlebot3_gazebo/share/turtlebot3_gazebo//models/turtlebot3_dqn_world/obstacles
[78.598s] -- Installing: /home/andy/backend_controller/turtlebot3_ws/install/turtlebot3_gazebo/share/turtlebot3_gazebo//models/turtlebot3_dqn_world/obstacles/model.sdf
[78.598s] -- Installing: /home/andy/backend_controller/turtlebot3_ws/install/turtlebot3_gazebo/share/turtlebot3_gazebo//models/turtlebot3_dqn_world/obstacles/model.config
[78.598s] -- Installing: /home/andy/backend_controller/turtlebot3_ws/install/turtlebot3_gazebo/share/turtlebot3_gazebo//models/turtlebot3_dqn_world/obstacle_plugin
[78.598s] -- Installing: /home/andy/backend_controller/turtlebot3_ws/install/turtlebot3_gazebo/share/turtlebot3_gazebo//models/turtlebot3_dqn_world/obstacle_plugin/obstacle1.cc
[78.598s] -- Installing: /home/andy/backend_controller/turtlebot3_ws/install/turtlebot3_gazebo/share/turtlebot3_gazebo//models/turtlebot3_dqn_world/obstacle_plugin/CMakeLists.txt
[78.598s] -- Installing: /home/andy/backend_controller/turtlebot3_ws/install/turtlebot3_gazebo/share/turtlebot3_gazebo//models/turtlebot3_dqn_world/obstacle_plugin/obstacle2.cc
[78.598s] -- Installing: /home/andy/backend_controller/turtlebot3_ws/install/turtlebot3_gazebo/share/turtlebot3_gazebo//models/turtlebot3_dqn_world/obstacle_plugin/obstacles.cc
[78.602s] -- Installing: /home/andy/backend_controller/turtlebot3_ws/install/turtlebot3_gazebo/share/turtlebot3_gazebo//models/turtlebot3_dqn_world/model.config
[78.602s] -- Installing: /home/andy/backend_controller/turtlebot3_ws/install/turtlebot3_gazebo/share/turtlebot3_gazebo//models/turtlebot3_dqn_world/obstacle1
[78.602s] -- Installing: /home/andy/backend_controller/turtlebot3_ws/install/turtlebot3_gazebo/share/turtlebot3_gazebo//models/turtlebot3_dqn_world/obstacle1/model.sdf
[78.603s] -- Installing: /home/andy/backend_controller/turtlebot3_ws/install/turtlebot3_gazebo/share/turtlebot3_gazebo//models/turtlebot3_dqn_world/obstacle1/model.config
[78.603s] -- Installing: /home/andy/backend_controller/turtlebot3_ws/install/turtlebot3_gazebo/share/turtlebot3_gazebo//models/turtlebot3_dqn_world/goal_box
[78.603s] -- Installing: /home/andy/backend_controller/turtlebot3_ws/install/turtlebot3_gazebo/share/turtlebot3_gazebo//models/turtlebot3_dqn_world/goal_box/model.sdf
[78.603s] -- Installing: /home/andy/backend_controller/turtlebot3_ws/install/turtlebot3_gazebo/share/turtlebot3_gazebo//models/turtlebot3_dqn_world/goal_box/model.config
[78.603s] -- Installing: /home/andy/backend_controller/turtlebot3_ws/install/turtlebot3_gazebo/share/turtlebot3_gazebo//models/turtlebot3_dqn_world/obstacle2
[78.603s] -- Installing: /home/andy/backend_controller/turtlebot3_ws/install/turtlebot3_gazebo/share/turtlebot3_gazebo//models/turtlebot3_dqn_world/obstacle2/model.sdf
[78.603s] -- Installing: /home/andy/backend_controller/turtlebot3_ws/install/turtlebot3_gazebo/share/turtlebot3_gazebo//models/turtlebot3_dqn_world/obstacle2/model.config
[78.603s] -- Installing: /home/andy/backend_controller/turtlebot3_ws/install/turtlebot3_gazebo/share/turtlebot3_gazebo//models/turtlebot3_waffle
[78.603s] -- Installing: /home/andy/backend_controller/turtlebot3_ws/install/turtlebot3_gazebo/share/turtlebot3_gazebo//models/turtlebot3_waffle/model.sdf
[78.604s] -- Installing: /home/andy/backend_controller/turtlebot3_ws/install/turtlebot3_gazebo/share/turtlebot3_gazebo//models/turtlebot3_waffle/model.config
[78.604s] -- Installing: /home/andy/backend_controller/turtlebot3_ws/install/turtlebot3_gazebo/share/turtlebot3_gazebo//models/turtlebot3_waffle/model-1_4.sdf
[78.604s] -- Installing: /home/andy/backend_controller/turtlebot3_ws/install/turtlebot3_gazebo/share/turtlebot3_gazebo//models/turtlebot3_waffle_pi
[78.605s] -- Installing: /home/andy/backend_controller/turtlebot3_ws/install/turtlebot3_gazebo/share/turtlebot3_gazebo//models/turtlebot3_waffle_pi/model.sdf
[78.605s] -- Installing: /home/andy/backend_controller/turtlebot3_ws/install/turtlebot3_gazebo/share/turtlebot3_gazebo//models/turtlebot3_waffle_pi/model.config
[78.605s] -- Installing: /home/andy/backend_controller/turtlebot3_ws/install/turtlebot3_gazebo/share/turtlebot3_gazebo//models/turtlebot3_waffle_pi/model-1_4_.sdf
[78.605s] -- Installing: /home/andy/backend_controller/turtlebot3_ws/install/turtlebot3_gazebo/share/turtlebot3_gazebo//models/turtlebot3_common
[78.605s] -- Installing: /home/andy/backend_controller/turtlebot3_ws/install/turtlebot3_gazebo/share/turtlebot3_gazebo//models/turtlebot3_common/model.config
[78.605s] -- Installing: /home/andy/backend_controller/turtlebot3_ws/install/turtlebot3_gazebo/share/turtlebot3_gazebo//models/turtlebot3_common/meshes
[78.605s] -- Installing: /home/andy/backend_controller/turtlebot3_ws/install/turtlebot3_gazebo/share/turtlebot3_gazebo//models/turtlebot3_common/meshes/lds.dae
[78.605s] -- Installing: /home/andy/backend_controller/turtlebot3_ws/install/turtlebot3_gazebo/share/turtlebot3_gazebo//models/turtlebot3_common/meshes/r200.dae
[78.605s] -- Installing: /home/andy/backend_controller/turtlebot3_ws/install/turtlebot3_gazebo/share/turtlebot3_gazebo//models/turtlebot3_common/meshes/burger_base.dae
[78.606s] -- Installing: /home/andy/backend_controller/turtlebot3_ws/install/turtlebot3_gazebo/share/turtlebot3_gazebo//models/turtlebot3_common/meshes/tire.dae
[78.606s] -- Installing: /home/andy/backend_controller/turtlebot3_ws/install/turtlebot3_gazebo/share/turtlebot3_gazebo//models/turtlebot3_common/meshes/waffle_pi_base.dae
[78.606s] -- Installing: /home/andy/backend_controller/turtlebot3_ws/install/turtlebot3_gazebo/share/turtlebot3_gazebo//models/turtlebot3_common/meshes/waffle_base.dae
[78.606s] -- Installing: /home/andy/backend_controller/turtlebot3_ws/install/turtlebot3_gazebo/share/turtlebot3_gazebo//models/turtlebot3_house
[78.607s] -- Installing: /home/andy/backend_controller/turtlebot3_ws/install/turtlebot3_gazebo/share/turtlebot3_gazebo//models/turtlebot3_house/model.sdf
[78.607s] -- Installing: /home/andy/backend_controller/turtlebot3_ws/install/turtlebot3_gazebo/share/turtlebot3_gazebo//models/turtlebot3_house/model.config
[78.607s] -- Installing: /home/andy/backend_controller/turtlebot3_ws/install/turtlebot3_gazebo/share/turtlebot3_gazebo//models/turtlebot3_burger
[78.608s] -- Installing: /home/andy/backend_controller/turtlebot3_ws/install/turtlebot3_gazebo/share/turtlebot3_gazebo//models/turtlebot3_burger/model.sdf
[78.608s] -- Installing: /home/andy/backend_controller/turtlebot3_ws/install/turtlebot3_gazebo/share/turtlebot3_gazebo//models/turtlebot3_burger/model.config
[78.608s] -- Installing: /home/andy/backend_controller/turtlebot3_ws/install/turtlebot3_gazebo/share/turtlebot3_gazebo//models/turtlebot3_burger/model-1_4.sdf
[78.608s] -- Installing: /home/andy/backend_controller/turtlebot3_ws/install/turtlebot3_gazebo/share/turtlebot3_gazebo//rviz
[78.608s] -- Installing: /home/andy/backend_controller/turtlebot3_ws/install/turtlebot3_gazebo/share/turtlebot3_gazebo//rviz/tb3_gazebo.rviz
[78.608s] -- Installing: /home/andy/backend_controller/turtlebot3_ws/install/turtlebot3_gazebo/share/turtlebot3_gazebo//urdf
[78.608s] -- Installing: /home/andy/backend_controller/turtlebot3_ws/install/turtlebot3_gazebo/share/turtlebot3_gazebo//urdf/turtlebot3_waffle_pi.urdf
[78.608s] -- Installing: /home/andy/backend_controller/turtlebot3_ws/install/turtlebot3_gazebo/share/turtlebot3_gazebo//urdf/turtlebot3_burger.urdf
[78.609s] -- Installing: /home/andy/backend_controller/turtlebot3_ws/install/turtlebot3_gazebo/share/turtlebot3_gazebo//urdf/turtlebot3_waffle.urdf
[78.609s] -- Installing: /home/andy/backend_controller/turtlebot3_ws/install/turtlebot3_gazebo/share/turtlebot3_gazebo//urdf/common_properties.urdf
[78.609s] -- Installing: /home/andy/backend_controller/turtlebot3_ws/install/turtlebot3_gazebo/share/turtlebot3_gazebo//worlds
[78.610s] -- Installing: /home/andy/backend_controller/turtlebot3_ws/install/turtlebot3_gazebo/share/turtlebot3_gazebo//worlds/turtlebot3_world.world
[78.610s] -- Installing: /home/andy/backend_controller/turtlebot3_ws/install/turtlebot3_gazebo/share/turtlebot3_gazebo//worlds/turtlebot3_dqn_stage4.world
[78.611s] -- Installing: /home/andy/backend_controller/turtlebot3_ws/install/turtlebot3_gazebo/share/turtlebot3_gazebo//worlds/turtlebot3_house.world
[78.611s] -- Installing: /home/andy/backend_controller/turtlebot3_ws/install/turtlebot3_gazebo/share/turtlebot3_gazebo//worlds/turtlebot3_dqn_stage2.world
[78.611s] -- Installing: /home/andy/backend_controller/turtlebot3_ws/install/turtlebot3_gazebo/share/turtlebot3_gazebo//worlds/turtlebot3_dqn_stage3.world
[78.612s] -- Installing: /home/andy/backend_controller/turtlebot3_ws/install/turtlebot3_gazebo/share/turtlebot3_gazebo//worlds/empty_world.world
[78.612s] -- Installing: /home/andy/backend_controller/turtlebot3_ws/install/turtlebot3_gazebo/share/turtlebot3_gazebo//worlds/turtlebot3_dqn_stage1.world
[78.612s] -- Installing: /home/andy/backend_controller/turtlebot3_ws/install/turtlebot3_gazebo/include/
[78.612s] -- Installing: /home/andy/backend_controller/turtlebot3_ws/install/turtlebot3_gazebo/include//turtlebot3_gazebo
[78.612s] -- Installing: /home/andy/backend_controller/turtlebot3_ws/install/turtlebot3_gazebo/include//turtlebot3_gazebo/turtlebot3_drive.hpp
[78.612s] -- Installing: /home/andy/backend_controller/turtlebot3_ws/install/turtlebot3_gazebo/share/ament_index/resource_index/package_run_dependencies/turtlebot3_gazebo
[78.613s] -- Installing: /home/andy/backend_controller/turtlebot3_ws/install/turtlebot3_gazebo/share/ament_index/resource_index/parent_prefix_path/turtlebot3_gazebo
[78.613s] -- Installing: /home/andy/backend_controller/turtlebot3_ws/install/turtlebot3_gazebo/share/turtlebot3_gazebo/environment/ament_prefix_path.sh
[78.613s] -- Installing: /home/andy/backend_controller/turtlebot3_ws/install/turtlebot3_gazebo/share/turtlebot3_gazebo/environment/ament_prefix_path.dsv
[78.615s] -- Installing: /home/andy/backend_controller/turtlebot3_ws/install/turtlebot3_gazebo/share/turtlebot3_gazebo/environment/path.sh
[78.615s] -- Installing: /home/andy/backend_controller/turtlebot3_ws/install/turtlebot3_gazebo/share/turtlebot3_gazebo/environment/path.dsv
[78.615s] -- Installing: /home/andy/backend_controller/turtlebot3_ws/install/turtlebot3_gazebo/share/turtlebot3_gazebo/local_setup.bash
[78.615s] -- Installing: /home/andy/backend_controller/turtlebot3_ws/install/turtlebot3_gazebo/share/turtlebot3_gazebo/local_setup.sh
[78.615s] -- Installing: /home/andy/backend_controller/turtlebot3_ws/install/turtlebot3_gazebo/share/turtlebot3_gazebo/local_setup.zsh
[78.615s] -- Installing: /home/andy/backend_controller/turtlebot3_ws/install/turtlebot3_gazebo/share/turtlebot3_gazebo/local_setup.dsv
[78.615s] -- Installing: /home/andy/backend_controller/turtlebot3_ws/install/turtlebot3_gazebo/share/turtlebot3_gazebo/package.dsv
[78.616s] -- Installing: /home/andy/backend_controller/turtlebot3_ws/install/turtlebot3_gazebo/share/ament_index/resource_index/packages/turtlebot3_gazebo
[78.616s] -- Installing: /home/andy/backend_controller/turtlebot3_ws/install/turtlebot3_gazebo/share/turtlebot3_gazebo/cmake/ament_cmake_export_include_directories-extras.cmake
[78.617s] -- Installing: /home/andy/backend_controller/turtlebot3_ws/install/turtlebot3_gazebo/share/turtlebot3_gazebo/cmake/ament_cmake_export_dependencies-extras.cmake
[78.617s] -- Installing: /home/andy/backend_controller/turtlebot3_ws/install/turtlebot3_gazebo/share/turtlebot3_gazebo/cmake/turtlebot3_gazeboConfig.cmake
[78.617s] -- Installing: /home/andy/backend_controller/turtlebot3_ws/install/turtlebot3_gazebo/share/turtlebot3_gazebo/cmake/turtlebot3_gazeboConfig-version.cmake
[78.617s] -- Installing: /home/andy/backend_controller/turtlebot3_ws/install/turtlebot3_gazebo/share/turtlebot3_gazebo/package.xml
[78.620s] Invoked command in '/home/andy/backend_controller/turtlebot3_ws/build/turtlebot3_gazebo' returned '0': CMAKE_PREFIX_PATH=${CMAKE_PREFIX_PATH}:/home/andy/turtlebot3_ws/install/turtlebot3_teleop:/home/andy/turtlebot3_ws/install/turtlebot3_example:/home/andy/turtlebot3_ws/install/robot_controller:/opt/ros/humble /usr/bin/cmake --install /home/andy/backend_controller/turtlebot3_ws/build/turtlebot3_gazebo
